<?xml version="1.0" encoding="UTF-8"?>
<coverage generated="1595852240628" clover="3.2.0">
  <project timestamp="1595852240629" name="All files">
    <metrics statements="149" coveredstatements="143" conditionals="178" coveredconditionals="107" methods="42" coveredmethods="30" elements="369" coveredelements="280" complexity="0" loc="149" ncloc="149" packages="2" files="7" classes="7"/>
    <package name="Button">
      <metrics statements="102" coveredstatements="98" conditionals="170" coveredconditionals="103" methods="34" coveredmethods="24"/>
      <file name="ButtonStyles.js" path="/Users/priyankagandhi/ir/uicomponents-react-native/src/Button/ButtonStyles.js">
        <metrics statements="6" coveredstatements="6" conditionals="0" coveredconditionals="0" methods="0" coveredmethods="0"/>
        <line num="1" count="1" type="stmt"/>
        <line num="2" count="1" type="stmt"/>
        <line num="3" count="1" type="stmt"/>
        <line num="4" count="1" type="stmt"/>
        <line num="6" count="1" type="stmt"/>
        <line num="109" count="1" type="stmt"/>
      </file>
      <file name="index.js" path="/Users/priyankagandhi/ir/uicomponents-react-native/src/Button/index.js">
        <metrics statements="96" coveredstatements="92" conditionals="170" coveredconditionals="103" methods="34" coveredmethods="24"/>
        <line num="1" count="1" type="stmt"/>
        <line num="2" count="1" type="stmt"/>
        <line num="3" count="1" type="stmt"/>
        <line num="5" count="1" type="stmt"/>
        <line num="6" count="1" type="stmt"/>
        <line num="7" count="1" type="stmt"/>
        <line num="8" count="1" type="stmt"/>
        <line num="9" count="75" type="cond" truecount="33" falsecount="59"/>
        <line num="11" count="1" type="stmt"/>
        <line num="24" count="15" type="stmt"/>
        <line num="25" count="15" type="stmt"/>
        <line num="27" count="15" type="cond" truecount="2" falsecount="0"/>
        <line num="28" count="15" type="cond" truecount="2" falsecount="0"/>
        <line num="29" count="15" type="cond" truecount="2" falsecount="0"/>
        <line num="30" count="15" type="cond" truecount="2" falsecount="0"/>
        <line num="34" count="15" type="stmt"/>
        <line num="47" count="15" type="stmt"/>
        <line num="49" count="15" type="cond" truecount="6" falsecount="0"/>
        <line num="51" count="1" type="stmt"/>
        <line num="52" count="1" type="stmt"/>
        <line num="54" count="1" type="stmt"/>
        <line num="55" count="1" type="stmt"/>
        <line num="57" count="1" type="stmt"/>
        <line num="58" count="1" type="stmt"/>
        <line num="60" count="1" type="stmt"/>
        <line num="61" count="1" type="stmt"/>
        <line num="63" count="1" type="stmt"/>
        <line num="64" count="1" type="stmt"/>
        <line num="66" count="10" type="stmt"/>
        <line num="67" count="10" type="stmt"/>
        <line num="70" count="15" type="cond" truecount="4" falsecount="0"/>
        <line num="72" count="1" type="stmt"/>
        <line num="73" count="1" type="stmt"/>
        <line num="75" count="1" type="stmt"/>
        <line num="76" count="1" type="stmt"/>
        <line num="78" count="1" type="stmt"/>
        <line num="79" count="1" type="stmt"/>
        <line num="81" count="12" type="stmt"/>
        <line num="82" count="12" type="stmt"/>
        <line num="85" count="15" type="stmt"/>
        <line num="86" count="15" type="stmt"/>
        <line num="87" count="15" type="stmt"/>
        <line num="89" count="15" type="cond" truecount="2" falsecount="0"/>
        <line num="90" count="14" type="stmt"/>
        <line num="91" count="14" type="stmt"/>
        <line num="92" count="14" type="stmt"/>
        <line num="99" count="15" type="cond" truecount="1" falsecount="1"/>
        <line num="100" count="0" type="stmt"/>
        <line num="110" count="15" type="cond" truecount="2" falsecount="0"/>
        <line num="111" count="1" type="stmt"/>
        <line num="117" count="15" type="cond" truecount="2" falsecount="0"/>
        <line num="122" count="1" type="stmt"/>
        <line num="123" count="1" type="stmt"/>
        <line num="132" count="0" type="stmt"/>
        <line num="133" count="0" type="stmt"/>
        <line num="189" count="14" type="stmt"/>
        <line num="190" count="14" type="stmt"/>
        <line num="204" count="2" type="stmt"/>
        <line num="205" count="2" type="stmt"/>
        <line num="240" count="14" type="stmt"/>
        <line num="248" count="2" type="cond" truecount="2" falsecount="0"/>
        <line num="249" count="1" type="stmt"/>
        <line num="251" count="2" type="cond" truecount="2" falsecount="0"/>
        <line num="252" count="1" type="stmt"/>
        <line num="257" count="2" type="cond" truecount="2" falsecount="0"/>
        <line num="258" count="1" type="stmt"/>
        <line num="260" count="2" type="cond" truecount="2" falsecount="0"/>
        <line num="261" count="1" type="stmt"/>
        <line num="267" count="14" type="stmt"/>
        <line num="268" count="14" type="stmt"/>
        <line num="272" count="15" type="stmt"/>
        <line num="273" count="15" type="stmt"/>
        <line num="274" count="15" type="cond" truecount="2" falsecount="0"/>
        <line num="275" count="1" type="stmt"/>
        <line num="277" count="15" type="stmt"/>
        <line num="281" count="15" type="stmt"/>
        <line num="282" count="15" type="stmt"/>
        <line num="283" count="15" type="stmt"/>
        <line num="287" count="58" type="cond" truecount="2" falsecount="0"/>
        <line num="288" count="4" type="cond" truecount="1" falsecount="1"/>
        <line num="289" count="54" type="cond" truecount="2" falsecount="0"/>
        <line num="290" count="4" type="cond" truecount="1" falsecount="1"/>
        <line num="291" count="50" type="cond" truecount="2" falsecount="0"/>
        <line num="292" count="4" type="stmt"/>
        <line num="293" count="46" type="cond" truecount="2" falsecount="0"/>
        <line num="294" count="2" type="stmt"/>
        <line num="295" count="44" type="cond" truecount="1" falsecount="1"/>
        <line num="296" count="0" type="stmt"/>
        <line num="298" count="44" type="stmt"/>
        <line num="302" count="14" type="stmt"/>
        <line num="303" count="14" type="stmt"/>
        <line num="307" count="30" type="stmt"/>
        <line num="308" count="30" type="stmt"/>
        <line num="309" count="30" type="stmt"/>
        <line num="312" count="1" type="stmt"/>
        <line num="316" count="1" type="stmt"/>
      </file>
    </package>
    <package name="utils">
      <metrics statements="47" coveredstatements="45" conditionals="8" coveredconditionals="4" methods="8" coveredmethods="6"/>
      <file name="Constants.js" path="/Users/priyankagandhi/ir/uicomponents-react-native/src/utils/Constants.js">
        <metrics statements="23" coveredstatements="23" conditionals="0" coveredconditionals="0" methods="0" coveredmethods="0"/>
        <line num="1" count="1" type="stmt"/>
        <line num="3" count="1" type="stmt"/>
        <line num="5" count="1" type="stmt"/>
        <line num="12" count="1" type="stmt"/>
        <line num="15" count="1" type="stmt"/>
        <line num="19" count="1" type="stmt"/>
        <line num="22" count="1" type="stmt"/>
        <line num="24" count="1" type="stmt"/>
        <line num="29" count="1" type="stmt"/>
        <line num="32" count="1" type="stmt"/>
        <line num="37" count="1" type="stmt"/>
        <line num="40" count="1" type="stmt"/>
        <line num="43" count="1" type="stmt"/>
        <line num="46" count="1" type="stmt"/>
        <line num="50" count="1" type="stmt"/>
        <line num="53" count="1" type="stmt"/>
        <line num="56" count="1" type="stmt"/>
        <line num="59" count="1" type="stmt"/>
        <line num="64" count="1" type="stmt"/>
        <line num="67" count="1" type="stmt"/>
        <line num="69" count="1" type="stmt"/>
        <line num="72" count="1" type="stmt"/>
        <line num="73" count="1" type="stmt"/>
      </file>
      <file name="Fonts.js" path="/Users/priyankagandhi/ir/uicomponents-react-native/src/utils/Fonts.js">
        <metrics statements="9" coveredstatements="7" conditionals="4" coveredconditionals="3" methods="3" coveredmethods="2"/>
        <line num="1" count="1" type="stmt"/>
        <line num="2" count="1" type="stmt"/>
        <line num="4" count="1" type="stmt"/>
        <line num="6" count="1" type="cond" truecount="3" falsecount="1"/>
        <line num="7" count="0" type="stmt"/>
        <line num="9" count="1" type="stmt"/>
        <line num="11" count="1" type="stmt"/>
        <line num="14" count="0" type="stmt"/>
        <line num="18" count="1" type="stmt"/>
      </file>
      <file name="RenderIf.js" path="/Users/priyankagandhi/ir/uicomponents-react-native/src/utils/RenderIf.js">
        <metrics statements="4" coveredstatements="4" conditionals="4" coveredconditionals="1" methods="3" coveredmethods="2"/>
        <line num="1" count="1" type="stmt"/>
        <line num="2" count="1" type="stmt"/>
        <line num="3" count="15" type="stmt"/>
        <line num="4" count="1" type="cond" truecount="1" falsecount="3"/>
      </file>
      <file name="StyleSheet.js" path="/Users/priyankagandhi/ir/uicomponents-react-native/src/utils/StyleSheet.js">
        <metrics statements="8" coveredstatements="8" conditionals="0" coveredconditionals="0" methods="0" coveredmethods="0"/>
        <line num="1" count="1" type="stmt"/>
        <line num="16" count="1" type="stmt"/>
        <line num="19" count="1" type="stmt"/>
        <line num="32" count="1" type="stmt"/>
        <line num="34" count="1" type="stmt"/>
        <line num="158" count="1" type="stmt"/>
        <line num="161" count="1" type="stmt"/>
        <line num="404" count="1" type="stmt"/>
      </file>
      <file name="index.js" path="/Users/priyankagandhi/ir/uicomponents-react-native/src/utils/index.js">
        <metrics statements="3" coveredstatements="3" conditionals="0" coveredconditionals="0" methods="2" coveredmethods="2"/>
        <line num="1" count="1" type="stmt"/>
        <line num="3" count="30" type="stmt"/>
        <line num="6" count="15" type="stmt"/>
      </file>
    </package>
  </project>
</coverage>
