{"/Users/priyankagandhi/ir/uicomponents-react-native/assets/images/button/cancelIcon.png": {"path":"/Users/priyankagandhi/ir/uicomponents-react-native/assets/images/button/cancelIcon.png","statementMap":{"0":{"start":{"line":1,"column":0},"end":{"line":4,"column":6}}},"fnMap":{},"branchMap":{},"s":{"0":1},"f":{},"b":{},"inputSourceMap":null,"_coverageSchema":"1a1c01bbd47fc00a2c39e90264f33305004495a9","hash":"e3f8ccc39a3adf1999dc385d0847b9c6fa86c5f2"}
,"/Users/priyankagandhi/ir/uicomponents-react-native/assets/images/button/hideIconGray.png": {"path":"/Users/priyankagandhi/ir/uicomponents-react-native/assets/images/button/hideIconGray.png","statementMap":{"0":{"start":{"line":1,"column":0},"end":{"line":4,"column":6}}},"fnMap":{},"branchMap":{},"s":{"0":1},"f":{},"b":{},"inputSourceMap":null,"_coverageSchema":"1a1c01bbd47fc00a2c39e90264f33305004495a9","hash":"6cede65fc3914b3c7e6725e8b9949164c1530136"}
,"/Users/priyankagandhi/ir/uicomponents-react-native/assets/images/button/searchIcon.png": {"path":"/Users/priyankagandhi/ir/uicomponents-react-native/assets/images/button/searchIcon.png","statementMap":{"0":{"start":{"line":1,"column":0},"end":{"line":4,"column":6}}},"fnMap":{},"branchMap":{},"s":{"0":1},"f":{},"b":{},"inputSourceMap":null,"_coverageSchema":"1a1c01bbd47fc00a2c39e90264f33305004495a9","hash":"4dabc4ed66e246ff699c5cb888954e89617f1d34"}
,"/Users/priyankagandhi/ir/uicomponents-react-native/src/UIButton/ButtonStyles.js": {"path":"/Users/priyankagandhi/ir/uicomponents-react-native/src/UIButton/ButtonStyles.js","statementMap":{"0":{"start":{"line":1,"column":13},"end":{"line":1,"column":75}},"1":{"start":{"line":1,"column":75},"end":{"line":1,"column":105}},"2":{"start":{"line":1,"column":124},"end":{"line":1,"column":147}},"3":{"start":{"line":2,"column":17},"end":{"line":2,"column":46}},"4":{"start":{"line":3,"column":18},"end":{"line":3,"column":48}},"5":{"start":{"line":4,"column":13},"end":{"line":4,"column":38}},"6":{"start":{"line":6,"column":19},"end":{"line":109,"column":27}},"7":{"start":{"line":109,"column":28},"end":{"line":109,"column":64}}},"fnMap":{},"branchMap":{},"s":{"0":1,"1":1,"2":1,"3":1,"4":1,"5":1,"6":1,"7":1},"f":{},"b":{},"inputSourceMap":null,"_coverageSchema":"1a1c01bbd47fc00a2c39e90264f33305004495a9","hash":"bd60eb1877c538b3c4de3fe352f504cb41a90d38"}
,"/Users/priyankagandhi/ir/uicomponents-react-native/src/UIButton/index.js": {"path":"/Users/priyankagandhi/ir/uicomponents-react-native/src/UIButton/index.js","statementMap":{"0":{"start":{"line":1,"column":42},"end":{"line":1,"column":97}},"1":{"start":{"line":1,"column":128},"end":{"line":1,"column":184}},"2":{"start":{"line":1,"column":185},"end":{"line":1,"column":247}},"3":{"start":{"line":1,"column":247},"end":{"line":1,"column":272}},"4":{"start":{"line":1,"column":288},"end":{"line":1,"column":353}},"5":{"start":{"line":1,"column":377},"end":{"line":1,"column":449}},"6":{"start":{"line":1,"column":472},"end":{"line":1,"column":543}},"7":{"start":{"line":1,"column":557},"end":{"line":1,"column":598}},"8":{"start":{"line":2,"column":19},"end":{"line":2,"column":42}},"9":{"start":{"line":3,"column":17},"end":{"line":3,"column":46}},"10":{"start":{"line":5,"column":16},"end":{"line":5,"column":68}},"11":{"start":{"line":6,"column":20},"end":{"line":6,"column":45}},"12":{"start":{"line":7,"column":17},"end":{"line":7,"column":62}},"13":{"start":{"line":8,"column":33},"end":{"line":8,"column":96}},"14":{"start":{"line":9,"column":13},"end":{"line":9,"column":38}},"15":{"start":{"line":9,"column":58},"end":{"line":9,"column":132}},"16":{"start":{"line":9,"column":186},"end":{"line":9,"column":205}},"17":{"start":{"line":9,"column":206},"end":{"line":9,"column":451}},"18":{"start":{"line":9,"column":255},"end":{"line":9,"column":291}},"19":{"start":{"line":9,"column":292},"end":{"line":9,"column":419}},"20":{"start":{"line":9,"column":312},"end":{"line":9,"column":419}},"21":{"start":{"line":9,"column":353},"end":{"line":9,"column":416}},"22":{"start":{"line":9,"column":419},"end":{"line":9,"column":450}},"23":{"start":{"line":9,"column":451},"end":{"line":9,"column":463}},"24":{"start":{"line":9,"column":496},"end":{"line":9,"column":981}},"25":{"start":{"line":9,"column":509},"end":{"line":9,"column":510}},"26":{"start":{"line":9,"column":553},"end":{"line":9,"column":593}},"27":{"start":{"line":9,"column":594},"end":{"line":9,"column":980}},"28":{"start":{"line":9,"column":606},"end":{"line":9,"column":719}},"29":{"start":{"line":9,"column":660},"end":{"line":9,"column":716}},"30":{"start":{"line":9,"column":726},"end":{"line":9,"column":980}},"31":{"start":{"line":9,"column":765},"end":{"line":9,"column":839}},"32":{"start":{"line":9,"column":847},"end":{"line":9,"column":979}},"33":{"start":{"line":9,"column":895},"end":{"line":9,"column":976}},"34":{"start":{"line":9,"column":981},"end":{"line":9,"column":995}},"35":{"start":{"line":11,"column":15},"end":{"line":264,"column":1}},"36":{"start":{"line":24,"column":2},"end":{"line":24,"column":15}},"37":{"start":{"line":24,"column":29},"end":{"line":24,"column":45}},"38":{"start":{"line":24,"column":54},"end":{"line":24,"column":65}},"39":{"start":{"line":24,"column":80},"end":{"line":24,"column":97}},"40":{"start":{"line":24,"column":109},"end":{"line":24,"column":123}},"41":{"start":{"line":24,"column":140},"end":{"line":24,"column":159}},"42":{"start":{"line":24,"column":181},"end":{"line":24,"column":205}},"43":{"start":{"line":24,"column":218},"end":{"line":24,"column":233}},"44":{"start":{"line":24,"column":252},"end":{"line":24,"column":273}},"45":{"start":{"line":24,"column":287},"end":{"line":24,"column":303}},"46":{"start":{"line":24,"column":316},"end":{"line":24,"column":331}},"47":{"start":{"line":24,"column":347},"end":{"line":24,"column":365}},"48":{"start":{"line":24,"column":379},"end":{"line":24,"column":395}},"49":{"start":{"line":25,"column":2},"end":{"line":25,"column":29}},"50":{"start":{"line":25,"column":43},"end":{"line":25,"column":85}},"51":{"start":{"line":25,"column":104},"end":{"line":25,"column":117}},"52":{"start":{"line":25,"column":139},"end":{"line":25,"column":152}},"53":{"start":{"line":27,"column":20},"end":{"line":27,"column":44}},"54":{"start":{"line":28,"column":19},"end":{"line":28,"column":42}},"55":{"start":{"line":29,"column":19},"end":{"line":29,"column":36}},"56":{"start":{"line":30,"column":29},"end":{"line":30,"column":56}},"57":{"start":{"line":34,"column":18},"end":{"line":43,"column":40}},"58":{"start":{"line":47,"column":19},"end":{"line":47,"column":66}},"59":{"start":{"line":49,"column":2},"end":{"line":67,"column":13}},"60":{"start":{"line":51,"column":6},"end":{"line":51,"column":61}},"61":{"start":{"line":52,"column":6},"end":{"line":52,"column":12}},"62":{"start":{"line":54,"column":6},"end":{"line":54,"column":63}},"63":{"start":{"line":55,"column":6},"end":{"line":55,"column":12}},"64":{"start":{"line":57,"column":6},"end":{"line":57,"column":62}},"65":{"start":{"line":58,"column":6},"end":{"line":58,"column":12}},"66":{"start":{"line":60,"column":6},"end":{"line":60,"column":62}},"67":{"start":{"line":61,"column":6},"end":{"line":61,"column":12}},"68":{"start":{"line":63,"column":6},"end":{"line":63,"column":65}},"69":{"start":{"line":64,"column":6},"end":{"line":64,"column":12}},"70":{"start":{"line":66,"column":6},"end":{"line":66,"column":65}},"71":{"start":{"line":67,"column":6},"end":{"line":67,"column":12}},"72":{"start":{"line":70,"column":2},"end":{"line":82,"column":13}},"73":{"start":{"line":72,"column":6},"end":{"line":72,"column":60}},"74":{"start":{"line":73,"column":6},"end":{"line":73,"column":12}},"75":{"start":{"line":75,"column":6},"end":{"line":75,"column":59}},"76":{"start":{"line":76,"column":6},"end":{"line":76,"column":12}},"77":{"start":{"line":78,"column":6},"end":{"line":78,"column":65}},"78":{"start":{"line":79,"column":6},"end":{"line":79,"column":12}},"79":{"start":{"line":81,"column":6},"end":{"line":81,"column":66}},"80":{"start":{"line":82,"column":6},"end":{"line":82,"column":12}},"81":{"start":{"line":85,"column":18},"end":{"line":85,"column":71}},"82":{"start":{"line":86,"column":18},"end":{"line":86,"column":55}},"83":{"start":{"line":87,"column":25},"end":{"line":87,"column":101}},"84":{"start":{"line":89,"column":2},"end":{"line":97,"column":3}},"85":{"start":{"line":90,"column":4},"end":{"line":90,"column":77}},"86":{"start":{"line":91,"column":4},"end":{"line":91,"column":69}},"87":{"start":{"line":92,"column":4},"end":{"line":95,"column":46}},"88":{"start":{"line":99,"column":2},"end":{"line":108,"column":3}},"89":{"start":{"line":100,"column":4},"end":{"line":106,"column":70}},"90":{"start":{"line":110,"column":2},"end":{"line":115,"column":3}},"91":{"start":{"line":111,"column":4},"end":{"line":113,"column":113}},"92":{"start":{"line":117,"column":2},"end":{"line":119,"column":36}},"93":{"start":{"line":122,"column":18},"end":{"line":122,"column":46}},"94":{"start":{"line":122,"column":61},"end":{"line":122,"column":89}},"95":{"start":{"line":122,"column":102},"end":{"line":122,"column":128}},"96":{"start":{"line":123,"column":4},"end":{"line":173,"column":25}},"97":{"start":{"line":132,"column":41},"end":{"line":132,"column":63}},"98":{"start":{"line":133,"column":43},"end":{"line":133,"column":66}},"99":{"start":{"line":189,"column":4},"end":{"line":189,"column":32}},"100":{"start":{"line":189,"column":47},"end":{"line":189,"column":75}},"101":{"start":{"line":189,"column":88},"end":{"line":189,"column":114}},"102":{"start":{"line":189,"column":139},"end":{"line":189,"column":177}},"103":{"start":{"line":189,"column":198},"end":{"line":189,"column":232}},"104":{"start":{"line":189,"column":249},"end":{"line":189,"column":279}},"105":{"start":{"line":189,"column":297},"end":{"line":189,"column":328}},"106":{"start":{"line":190,"column":4},"end":{"line":233,"column":24}},"107":{"start":{"line":204,"column":41},"end":{"line":204,"column":63}},"108":{"start":{"line":205,"column":43},"end":{"line":205,"column":66}},"109":{"start":{"line":240,"column":4},"end":{"line":243,"column":75}},"110":{"start":{"line":248,"column":4},"end":{"line":250,"column":5}},"111":{"start":{"line":249,"column":6},"end":{"line":249,"column":31}},"112":{"start":{"line":251,"column":4},"end":{"line":253,"column":5}},"113":{"start":{"line":252,"column":6},"end":{"line":252,"column":18}},"114":{"start":{"line":257,"column":4},"end":{"line":259,"column":5}},"115":{"start":{"line":258,"column":6},"end":{"line":258,"column":32}},"116":{"start":{"line":260,"column":4},"end":{"line":262,"column":5}},"117":{"start":{"line":261,"column":6},"end":{"line":261,"column":19}},"118":{"start":{"line":267,"column":20},"end":{"line":267,"column":65}},"119":{"start":{"line":268,"column":2},"end":{"line":268,"column":37}},"120":{"start":{"line":272,"column":20},"end":{"line":272,"column":65}},"121":{"start":{"line":273,"column":18},"end":{"line":273,"column":39}},"122":{"start":{"line":274,"column":2},"end":{"line":276,"column":3}},"123":{"start":{"line":275,"column":4},"end":{"line":275,"column":44}},"124":{"start":{"line":277,"column":2},"end":{"line":277,"column":19}},"125":{"start":{"line":281,"column":20},"end":{"line":281,"column":65}},"126":{"start":{"line":282,"column":18},"end":{"line":282,"column":39}},"127":{"start":{"line":283,"column":2},"end":{"line":283,"column":19}},"128":{"start":{"line":287,"column":2},"end":{"line":297,"column":3}},"129":{"start":{"line":288,"column":4},"end":{"line":288,"column":105}},"130":{"start":{"line":289,"column":9},"end":{"line":297,"column":3}},"131":{"start":{"line":290,"column":4},"end":{"line":290,"column":116}},"132":{"start":{"line":291,"column":9},"end":{"line":297,"column":3}},"133":{"start":{"line":292,"column":4},"end":{"line":292,"column":51}},"134":{"start":{"line":293,"column":9},"end":{"line":297,"column":3}},"135":{"start":{"line":294,"column":4},"end":{"line":294,"column":51}},"136":{"start":{"line":295,"column":9},"end":{"line":297,"column":3}},"137":{"start":{"line":296,"column":4},"end":{"line":296,"column":47}},"138":{"start":{"line":298,"column":2},"end":{"line":298,"column":48}},"139":{"start":{"line":302,"column":20},"end":{"line":302,"column":65}},"140":{"start":{"line":303,"column":2},"end":{"line":303,"column":33}},"141":{"start":{"line":307,"column":14},"end":{"line":307,"column":16}},"142":{"start":{"line":308,"column":2},"end":{"line":308,"column":70}},"143":{"start":{"line":309,"column":2},"end":{"line":309,"column":15}},"144":{"start":{"line":312,"column":0},"end":{"line":313,"column":36}},"145":{"start":{"line":316,"column":0},"end":{"line":316,"column":8}},"146":{"start":{"line":316,"column":9},"end":{"line":316,"column":36}}},"fnMap":{"0":{"name":"ownKeys","decl":{"start":{"line":9,"column":142},"end":{"line":9,"column":149}},"loc":{"start":{"line":9,"column":174},"end":{"line":9,"column":464}},"line":9},"1":{"name":"(anonymous_1)","decl":{"start":{"line":9,"column":337},"end":{"line":9,"column":338}},"loc":{"start":{"line":9,"column":352},"end":{"line":9,"column":417}},"line":9},"2":{"name":"_objectSpread","decl":{"start":{"line":9,"column":473},"end":{"line":9,"column":486}},"loc":{"start":{"line":9,"column":495},"end":{"line":9,"column":996}},"line":9},"3":{"name":"(anonymous_3)","decl":{"start":{"line":9,"column":644},"end":{"line":9,"column":645}},"loc":{"start":{"line":9,"column":659},"end":{"line":9,"column":717}},"line":9},"4":{"name":"(anonymous_4)","decl":{"start":{"line":9,"column":879},"end":{"line":9,"column":880}},"loc":{"start":{"line":9,"column":894},"end":{"line":9,"column":977}},"line":9},"5":{"name":"UIButton","decl":{"start":{"line":11,"column":24},"end":{"line":11,"column":32}},"loc":{"start":{"line":11,"column":40},"end":{"line":264,"column":1}},"line":11},"6":{"name":"getGradientButton","decl":{"start":{"line":121,"column":11},"end":{"line":121,"column":28}},"loc":{"start":{"line":121,"column":47},"end":{"line":178,"column":3}},"line":121},"7":{"name":"onPressIn","decl":{"start":{"line":132,"column":28},"end":{"line":132,"column":37}},"loc":{"start":{"line":132,"column":40},"end":{"line":132,"column":64}},"line":132},"8":{"name":"onPressOut","decl":{"start":{"line":133,"column":29},"end":{"line":133,"column":39}},"loc":{"start":{"line":133,"column":42},"end":{"line":133,"column":67}},"line":133},"9":{"name":"getNormalButton","decl":{"start":{"line":180,"column":11},"end":{"line":180,"column":26}},"loc":{"start":{"line":180,"column":45},"end":{"line":237,"column":3}},"line":180},"10":{"name":"onPressIn","decl":{"start":{"line":204,"column":28},"end":{"line":204,"column":37}},"loc":{"start":{"line":204,"column":40},"end":{"line":204,"column":64}},"line":204},"11":{"name":"onPressOut","decl":{"start":{"line":205,"column":29},"end":{"line":205,"column":39}},"loc":{"start":{"line":205,"column":42},"end":{"line":205,"column":67}},"line":205},"12":{"name":"passStyles","decl":{"start":{"line":239,"column":11},"end":{"line":239,"column":21}},"loc":{"start":{"line":239,"column":24},"end":{"line":245,"column":3}},"line":239},"13":{"name":"btnPressedIn","decl":{"start":{"line":247,"column":11},"end":{"line":247,"column":23}},"loc":{"start":{"line":247,"column":26},"end":{"line":254,"column":3}},"line":247},"14":{"name":"btnPressedOut","decl":{"start":{"line":256,"column":11},"end":{"line":256,"column":24}},"loc":{"start":{"line":256,"column":27},"end":{"line":263,"column":3}},"line":256},"15":{"name":"getButtonBackgroundColor","decl":{"start":{"line":266,"column":9},"end":{"line":266,"column":33}},"loc":{"start":{"line":266,"column":58},"end":{"line":269,"column":1}},"line":266},"16":{"name":"getTextColor","decl":{"start":{"line":271,"column":9},"end":{"line":271,"column":21}},"loc":{"start":{"line":271,"column":63},"end":{"line":278,"column":1}},"line":271},"17":{"name":"getImageColor","decl":{"start":{"line":280,"column":9},"end":{"line":280,"column":22}},"loc":{"start":{"line":280,"column":47},"end":{"line":284,"column":1}},"line":280},"18":{"name":"getThemeForButtonType","decl":{"start":{"line":286,"column":9},"end":{"line":286,"column":30}},"loc":{"start":{"line":286,"column":55},"end":{"line":299,"column":1}},"line":286},"19":{"name":"getButtonBorderColor","decl":{"start":{"line":301,"column":9},"end":{"line":301,"column":29}},"loc":{"start":{"line":301,"column":54},"end":{"line":304,"column":1}},"line":301},"20":{"name":"getButtonAccessibilityLabel","decl":{"start":{"line":306,"column":9},"end":{"line":306,"column":36}},"loc":{"start":{"line":306,"column":46},"end":{"line":310,"column":1}},"line":306}},"branchMap":{"0":{"loc":{"start":{"line":9,"column":206},"end":{"line":9,"column":451}},"type":"if","locations":[{"start":{"line":9,"column":206},"end":{"line":9,"column":451}},{"start":{"line":9,"column":206},"end":{"line":9,"column":451}}],"line":9},"1":{"loc":{"start":{"line":9,"column":292},"end":{"line":9,"column":419}},"type":"if","locations":[{"start":{"line":9,"column":292},"end":{"line":9,"column":419}},{"start":{"line":9,"column":292},"end":{"line":9,"column":419}}],"line":9},"2":{"loc":{"start":{"line":9,"column":553},"end":{"line":9,"column":593}},"type":"cond-expr","locations":[{"start":{"line":9,"column":576},"end":{"line":9,"column":588}},{"start":{"line":9,"column":591},"end":{"line":9,"column":593}}],"line":9},"3":{"loc":{"start":{"line":9,"column":594},"end":{"line":9,"column":980}},"type":"if","locations":[{"start":{"line":9,"column":594},"end":{"line":9,"column":980}},{"start":{"line":9,"column":594},"end":{"line":9,"column":980}}],"line":9},"4":{"loc":{"start":{"line":9,"column":726},"end":{"line":9,"column":980}},"type":"if","locations":[{"start":{"line":9,"column":726},"end":{"line":9,"column":980}},{"start":{"line":9,"column":726},"end":{"line":9,"column":980}}],"line":9},"5":{"loc":{"start":{"line":27,"column":20},"end":{"line":27,"column":44}},"type":"binary-expr","locations":[{"start":{"line":27,"column":20},"end":{"line":27,"column":31}},{"start":{"line":27,"column":35},"end":{"line":27,"column":44}}],"line":27},"6":{"loc":{"start":{"line":28,"column":19},"end":{"line":28,"column":42}},"type":"binary-expr","locations":[{"start":{"line":28,"column":19},"end":{"line":28,"column":29}},{"start":{"line":28,"column":33},"end":{"line":28,"column":42}}],"line":28},"7":{"loc":{"start":{"line":29,"column":19},"end":{"line":29,"column":36}},"type":"binary-expr","locations":[{"start":{"line":29,"column":19},"end":{"line":29,"column":27}},{"start":{"line":29,"column":31},"end":{"line":29,"column":36}}],"line":29},"8":{"loc":{"start":{"line":30,"column":29},"end":{"line":30,"column":56}},"type":"binary-expr","locations":[{"start":{"line":30,"column":29},"end":{"line":30,"column":47}},{"start":{"line":30,"column":51},"end":{"line":30,"column":56}}],"line":30},"9":{"loc":{"start":{"line":49,"column":2},"end":{"line":67,"column":13}},"type":"switch","locations":[{"start":{"line":50,"column":4},"end":{"line":52,"column":12}},{"start":{"line":53,"column":4},"end":{"line":55,"column":12}},{"start":{"line":56,"column":4},"end":{"line":58,"column":12}},{"start":{"line":59,"column":4},"end":{"line":61,"column":12}},{"start":{"line":62,"column":4},"end":{"line":64,"column":12}},{"start":{"line":65,"column":4},"end":{"line":67,"column":12}}],"line":49},"10":{"loc":{"start":{"line":70,"column":2},"end":{"line":82,"column":13}},"type":"switch","locations":[{"start":{"line":71,"column":4},"end":{"line":73,"column":12}},{"start":{"line":74,"column":4},"end":{"line":76,"column":12}},{"start":{"line":77,"column":4},"end":{"line":79,"column":12}},{"start":{"line":80,"column":4},"end":{"line":82,"column":12}}],"line":70},"11":{"loc":{"start":{"line":89,"column":2},"end":{"line":97,"column":3}},"type":"if","locations":[{"start":{"line":89,"column":2},"end":{"line":97,"column":3}},{"start":{"line":89,"column":2},"end":{"line":97,"column":3}}],"line":89},"12":{"loc":{"start":{"line":99,"column":2},"end":{"line":108,"column":3}},"type":"if","locations":[{"start":{"line":99,"column":2},"end":{"line":108,"column":3}},{"start":{"line":99,"column":2},"end":{"line":108,"column":3}}],"line":99},"13":{"loc":{"start":{"line":110,"column":2},"end":{"line":115,"column":3}},"type":"if","locations":[{"start":{"line":110,"column":2},"end":{"line":115,"column":3}},{"start":{"line":110,"column":2},"end":{"line":115,"column":3}}],"line":110},"14":{"loc":{"start":{"line":113,"column":22},"end":{"line":113,"column":109}},"type":"cond-expr","locations":[{"start":{"line":113,"column":45},"end":{"line":113,"column":75}},{"start":{"line":113,"column":78},"end":{"line":113,"column":109}}],"line":113},"15":{"loc":{"start":{"line":117,"column":9},"end":{"line":119,"column":35}},"type":"cond-expr","locations":[{"start":{"line":118,"column":2},"end":{"line":118,"column":37}},{"start":{"line":119,"column":2},"end":{"line":119,"column":35}}],"line":117},"16":{"loc":{"start":{"line":127,"column":18},"end":{"line":127,"column":35}},"type":"binary-expr","locations":[{"start":{"line":127,"column":18},"end":{"line":127,"column":26}},{"start":{"line":127,"column":30},"end":{"line":127,"column":35}}],"line":127},"17":{"loc":{"start":{"line":135,"column":36},"end":{"line":135,"column":53}},"type":"binary-expr","locations":[{"start":{"line":135,"column":36},"end":{"line":135,"column":43}},{"start":{"line":135,"column":47},"end":{"line":135,"column":53}}],"line":135},"18":{"loc":{"start":{"line":137,"column":44},"end":{"line":137,"column":61}},"type":"binary-expr","locations":[{"start":{"line":137,"column":44},"end":{"line":137,"column":51}},{"start":{"line":137,"column":55},"end":{"line":137,"column":61}}],"line":137},"19":{"loc":{"start":{"line":154,"column":29},"end":{"line":154,"column":55}},"type":"binary-expr","locations":[{"start":{"line":154,"column":29},"end":{"line":154,"column":36}},{"start":{"line":154,"column":40},"end":{"line":154,"column":55}}],"line":154},"20":{"loc":{"start":{"line":155,"column":108},"end":{"line":155,"column":136}},"type":"binary-expr","locations":[{"start":{"line":155,"column":108},"end":{"line":155,"column":120}},{"start":{"line":155,"column":124},"end":{"line":155,"column":136}}],"line":155},"21":{"loc":{"start":{"line":156,"column":25},"end":{"line":156,"column":69}},"type":"cond-expr","locations":[{"start":{"line":156,"column":48},"end":{"line":156,"column":61}},{"start":{"line":156,"column":64},"end":{"line":156,"column":69}}],"line":156},"22":{"loc":{"start":{"line":200,"column":18},"end":{"line":200,"column":45}},"type":"cond-expr","locations":[{"start":{"line":200,"column":29},"end":{"line":200,"column":37}},{"start":{"line":200,"column":40},"end":{"line":200,"column":45}}],"line":200},"23":{"loc":{"start":{"line":207,"column":36},"end":{"line":207,"column":53}},"type":"binary-expr","locations":[{"start":{"line":207,"column":36},"end":{"line":207,"column":43}},{"start":{"line":207,"column":47},"end":{"line":207,"column":53}}],"line":207},"24":{"loc":{"start":{"line":209,"column":44},"end":{"line":209,"column":61}},"type":"binary-expr","locations":[{"start":{"line":209,"column":44},"end":{"line":209,"column":51}},{"start":{"line":209,"column":55},"end":{"line":209,"column":61}}],"line":209},"25":{"loc":{"start":{"line":211,"column":29},"end":{"line":211,"column":55}},"type":"binary-expr","locations":[{"start":{"line":211,"column":29},"end":{"line":211,"column":36}},{"start":{"line":211,"column":40},"end":{"line":211,"column":55}}],"line":211},"26":{"loc":{"start":{"line":212,"column":108},"end":{"line":212,"column":136}},"type":"binary-expr","locations":[{"start":{"line":212,"column":108},"end":{"line":212,"column":120}},{"start":{"line":212,"column":124},"end":{"line":212,"column":136}}],"line":212},"27":{"loc":{"start":{"line":213,"column":25},"end":{"line":213,"column":69}},"type":"cond-expr","locations":[{"start":{"line":213,"column":48},"end":{"line":213,"column":61}},{"start":{"line":213,"column":64},"end":{"line":213,"column":69}}],"line":213},"28":{"loc":{"start":{"line":243,"column":15},"end":{"line":243,"column":72}},"type":"cond-expr","locations":[{"start":{"line":243,"column":65},"end":{"line":243,"column":68}},{"start":{"line":243,"column":71},"end":{"line":243,"column":72}}],"line":243},"29":{"loc":{"start":{"line":248,"column":4},"end":{"line":250,"column":5}},"type":"if","locations":[{"start":{"line":248,"column":4},"end":{"line":250,"column":5}},{"start":{"line":248,"column":4},"end":{"line":250,"column":5}}],"line":248},"30":{"loc":{"start":{"line":251,"column":4},"end":{"line":253,"column":5}},"type":"if","locations":[{"start":{"line":251,"column":4},"end":{"line":253,"column":5}},{"start":{"line":251,"column":4},"end":{"line":253,"column":5}}],"line":251},"31":{"loc":{"start":{"line":257,"column":4},"end":{"line":259,"column":5}},"type":"if","locations":[{"start":{"line":257,"column":4},"end":{"line":259,"column":5}},{"start":{"line":257,"column":4},"end":{"line":259,"column":5}}],"line":257},"32":{"loc":{"start":{"line":260,"column":4},"end":{"line":262,"column":5}},"type":"if","locations":[{"start":{"line":260,"column":4},"end":{"line":262,"column":5}},{"start":{"line":260,"column":4},"end":{"line":262,"column":5}}],"line":260},"33":{"loc":{"start":{"line":274,"column":2},"end":{"line":276,"column":3}},"type":"if","locations":[{"start":{"line":274,"column":2},"end":{"line":276,"column":3}},{"start":{"line":274,"column":2},"end":{"line":276,"column":3}}],"line":274},"34":{"loc":{"start":{"line":287,"column":2},"end":{"line":297,"column":3}},"type":"if","locations":[{"start":{"line":287,"column":2},"end":{"line":297,"column":3}},{"start":{"line":287,"column":2},"end":{"line":297,"column":3}}],"line":287},"35":{"loc":{"start":{"line":288,"column":11},"end":{"line":288,"column":104}},"type":"cond-expr","locations":[{"start":{"line":288,"column":24},"end":{"line":288,"column":63}},{"start":{"line":288,"column":66},"end":{"line":288,"column":104}}],"line":288},"36":{"loc":{"start":{"line":289,"column":9},"end":{"line":297,"column":3}},"type":"if","locations":[{"start":{"line":289,"column":9},"end":{"line":297,"column":3}},{"start":{"line":289,"column":9},"end":{"line":297,"column":3}}],"line":289},"37":{"loc":{"start":{"line":290,"column":11},"end":{"line":290,"column":115}},"type":"cond-expr","locations":[{"start":{"line":290,"column":24},"end":{"line":290,"column":72}},{"start":{"line":290,"column":75},"end":{"line":290,"column":115}}],"line":290},"38":{"loc":{"start":{"line":291,"column":9},"end":{"line":297,"column":3}},"type":"if","locations":[{"start":{"line":291,"column":9},"end":{"line":297,"column":3}},{"start":{"line":291,"column":9},"end":{"line":297,"column":3}}],"line":291},"39":{"loc":{"start":{"line":293,"column":9},"end":{"line":297,"column":3}},"type":"if","locations":[{"start":{"line":293,"column":9},"end":{"line":297,"column":3}},{"start":{"line":293,"column":9},"end":{"line":297,"column":3}}],"line":293},"40":{"loc":{"start":{"line":295,"column":9},"end":{"line":297,"column":3}},"type":"if","locations":[{"start":{"line":295,"column":9},"end":{"line":297,"column":3}},{"start":{"line":295,"column":9},"end":{"line":297,"column":3}}],"line":295}},"s":{"0":1,"1":1,"2":1,"3":1,"4":1,"5":1,"6":1,"7":1,"8":1,"9":1,"10":1,"11":1,"12":1,"13":1,"14":1,"15":1,"16":60,"17":60,"18":60,"19":60,"20":60,"21":0,"22":60,"23":60,"24":60,"25":60,"26":75,"27":75,"28":60,"29":47,"30":15,"31":15,"32":0,"33":0,"34":60,"35":1,"36":15,"37":15,"38":15,"39":15,"40":15,"41":15,"42":15,"43":15,"44":15,"45":15,"46":15,"47":15,"48":15,"49":15,"50":15,"51":15,"52":15,"53":15,"54":15,"55":15,"56":15,"57":15,"58":15,"59":15,"60":1,"61":1,"62":1,"63":1,"64":1,"65":1,"66":1,"67":1,"68":1,"69":1,"70":10,"71":10,"72":15,"73":1,"74":1,"75":1,"76":1,"77":1,"78":1,"79":12,"80":12,"81":15,"82":15,"83":15,"84":15,"85":14,"86":14,"87":14,"88":15,"89":0,"90":15,"91":1,"92":15,"93":1,"94":1,"95":1,"96":1,"97":0,"98":0,"99":14,"100":14,"101":14,"102":14,"103":14,"104":14,"105":14,"106":14,"107":2,"108":2,"109":14,"110":2,"111":1,"112":2,"113":1,"114":2,"115":1,"116":2,"117":1,"118":14,"119":14,"120":15,"121":15,"122":15,"123":1,"124":15,"125":15,"126":15,"127":15,"128":58,"129":4,"130":54,"131":4,"132":50,"133":4,"134":46,"135":2,"136":44,"137":0,"138":44,"139":14,"140":14,"141":30,"142":30,"143":30,"144":1,"145":1,"146":1},"f":{"0":60,"1":0,"2":60,"3":47,"4":0,"5":15,"6":1,"7":0,"8":0,"9":14,"10":2,"11":2,"12":14,"13":2,"14":2,"15":14,"16":15,"17":15,"18":58,"19":14,"20":30},"b":{"0":[60,0],"1":[60,0],"2":[75,0],"3":[60,15],"4":[15,0],"5":[15,12],"6":[15,10],"7":[15,13],"8":[15,14],"9":[1,1,1,1,1,10],"10":[1,1,1,12],"11":[14,1],"12":[0,15],"13":[1,14],"14":[0,1],"15":[1,14],"16":[1,1],"17":[1,1],"18":[1,1],"19":[1,1],"20":[1,0],"21":[0,1],"22":[2,12],"23":[14,14],"24":[14,14],"25":[14,14],"26":[14,0],"27":[1,13],"28":[1,13],"29":[1,1],"30":[1,1],"31":[1,1],"32":[1,1],"33":[1,14],"34":[4,54],"35":[0,4],"36":[4,50],"37":[0,4],"38":[4,46],"39":[2,44],"40":[0,44]},"inputSourceMap":null,"_coverageSchema":"1a1c01bbd47fc00a2c39e90264f33305004495a9","hash":"27110590d497383f12643bc533af630bcfc84f8d"}
,"/Users/priyankagandhi/ir/uicomponents-react-native/src/UITextField/index.js": {"path":"/Users/priyankagandhi/ir/uicomponents-react-native/src/UITextField/index.js","statementMap":{"0":{"start":{"line":1,"column":42},"end":{"line":1,"column":97}},"1":{"start":{"line":1,"column":128},"end":{"line":1,"column":184}},"2":{"start":{"line":1,"column":185},"end":{"line":1,"column":247}},"3":{"start":{"line":1,"column":247},"end":{"line":1,"column":277}},"4":{"start":{"line":1,"column":300},"end":{"line":1,"column":372}},"5":{"start":{"line":1,"column":389},"end":{"line":1,"column":454}},"6":{"start":{"line":1,"column":477},"end":{"line":1,"column":548}},"7":{"start":{"line":1,"column":562},"end":{"line":1,"column":603}},"8":{"start":{"line":2,"column":19},"end":{"line":2,"column":42}},"9":{"start":{"line":10,"column":17},"end":{"line":10,"column":62}},"10":{"start":{"line":11,"column":36},"end":{"line":11,"column":78}},"11":{"start":{"line":12,"column":18},"end":{"line":12,"column":48}},"12":{"start":{"line":13,"column":17},"end":{"line":13,"column":46}},"13":{"start":{"line":19,"column":18},"end":{"line":19,"column":94}},"14":{"start":{"line":20,"column":20},"end":{"line":20,"column":98}},"15":{"start":{"line":22,"column":18},"end":{"line":22,"column":94}},"16":{"start":{"line":22,"column":114},"end":{"line":22,"column":191}},"17":{"start":{"line":22,"column":245},"end":{"line":22,"column":264}},"18":{"start":{"line":22,"column":265},"end":{"line":22,"column":510}},"19":{"start":{"line":22,"column":314},"end":{"line":22,"column":350}},"20":{"start":{"line":22,"column":351},"end":{"line":22,"column":478}},"21":{"start":{"line":22,"column":371},"end":{"line":22,"column":478}},"22":{"start":{"line":22,"column":412},"end":{"line":22,"column":475}},"23":{"start":{"line":22,"column":478},"end":{"line":22,"column":509}},"24":{"start":{"line":22,"column":510},"end":{"line":22,"column":522}},"25":{"start":{"line":22,"column":555},"end":{"line":22,"column":1040}},"26":{"start":{"line":22,"column":568},"end":{"line":22,"column":569}},"27":{"start":{"line":22,"column":612},"end":{"line":22,"column":652}},"28":{"start":{"line":22,"column":653},"end":{"line":22,"column":1039}},"29":{"start":{"line":22,"column":665},"end":{"line":22,"column":778}},"30":{"start":{"line":22,"column":719},"end":{"line":22,"column":775}},"31":{"start":{"line":22,"column":785},"end":{"line":22,"column":1039}},"32":{"start":{"line":22,"column":824},"end":{"line":22,"column":898}},"33":{"start":{"line":22,"column":906},"end":{"line":22,"column":1038}},"34":{"start":{"line":22,"column":954},"end":{"line":22,"column":1035}},"35":{"start":{"line":22,"column":1040},"end":{"line":22,"column":1054}},"36":{"start":{"line":26,"column":2},"end":{"line":26,"column":48}},"37":{"start":{"line":26,"column":62},"end":{"line":26,"column":104}},"38":{"start":{"line":26,"column":124},"end":{"line":26,"column":137}},"39":{"start":{"line":26,"column":160},"end":{"line":26,"column":173}},"40":{"start":{"line":27,"column":2},"end":{"line":27,"column":51}},"41":{"start":{"line":27,"column":65},"end":{"line":27,"column":108}},"42":{"start":{"line":27,"column":140},"end":{"line":27,"column":153}},"43":{"start":{"line":27,"column":188},"end":{"line":27,"column":201}},"44":{"start":{"line":28,"column":2},"end":{"line":28,"column":29}},"45":{"start":{"line":28,"column":43},"end":{"line":28,"column":86}},"46":{"start":{"line":28,"column":116},"end":{"line":28,"column":129}},"47":{"start":{"line":28,"column":162},"end":{"line":28,"column":175}},"48":{"start":{"line":29,"column":17},"end":{"line":29,"column":43}},"49":{"start":{"line":32,"column":17},"end":{"line":32,"column":18}},"50":{"start":{"line":33,"column":4},"end":{"line":48,"column":15}},"51":{"start":{"line":35,"column":8},"end":{"line":35,"column":20}},"52":{"start":{"line":36,"column":8},"end":{"line":36,"column":14}},"53":{"start":{"line":38,"column":8},"end":{"line":38,"column":19}},"54":{"start":{"line":39,"column":8},"end":{"line":39,"column":14}},"55":{"start":{"line":41,"column":8},"end":{"line":41,"column":19}},"56":{"start":{"line":42,"column":8},"end":{"line":42,"column":14}},"57":{"start":{"line":44,"column":8},"end":{"line":44,"column":19}},"58":{"start":{"line":45,"column":8},"end":{"line":45,"column":14}},"59":{"start":{"line":47,"column":8},"end":{"line":47,"column":21}},"60":{"start":{"line":48,"column":8},"end":{"line":48,"column":14}},"61":{"start":{"line":50,"column":4},"end":{"line":50,"column":18}},"62":{"start":{"line":54,"column":11},"end":{"line":54,"column":21}},"63":{"start":{"line":55,"column":19},"end":{"line":55,"column":23}},"64":{"start":{"line":57,"column":4},"end":{"line":58,"column":58}},"65":{"start":{"line":60,"column":4},"end":{"line":74,"column":5}},"66":{"start":{"line":61,"column":6},"end":{"line":73,"column":7}},"67":{"start":{"line":65,"column":8},"end":{"line":72,"column":9}},"68":{"start":{"line":69,"column":10},"end":{"line":69,"column":26}},"69":{"start":{"line":71,"column":10},"end":{"line":71,"column":33}},"70":{"start":{"line":75,"column":4},"end":{"line":75,"column":20}},"71":{"start":{"line":79,"column":4},"end":{"line":90,"column":65}},"72":{"start":{"line":96,"column":4},"end":{"line":114,"column":5}},"73":{"start":{"line":101,"column":6},"end":{"line":103,"column":42}},"74":{"start":{"line":104,"column":6},"end":{"line":110,"column":109}},"75":{"start":{"line":115,"column":4},"end":{"line":115,"column":16}},"76":{"start":{"line":119,"column":4},"end":{"line":136,"column":5}},"77":{"start":{"line":120,"column":6},"end":{"line":120,"column":40}},"78":{"start":{"line":123,"column":6},"end":{"line":135,"column":7}},"79":{"start":{"line":124,"column":8},"end":{"line":126,"column":35}},"80":{"start":{"line":128,"column":13},"end":{"line":135,"column":7}},"81":{"start":{"line":129,"column":8},"end":{"line":129,"column":41}},"82":{"start":{"line":130,"column":13},"end":{"line":135,"column":7}},"83":{"start":{"line":131,"column":8},"end":{"line":131,"column":40}},"84":{"start":{"line":134,"column":8},"end":{"line":134,"column":20}},"85":{"start":{"line":140,"column":12},"end":{"line":140,"column":23}},"86":{"start":{"line":140,"column":32},"end":{"line":140,"column":43}},"87":{"start":{"line":140,"column":62},"end":{"line":140,"column":83}},"88":{"start":{"line":140,"column":98},"end":{"line":140,"column":115}},"89":{"start":{"line":141,"column":28},"end":{"line":141,"column":61}},"90":{"start":{"line":142,"column":24},"end":{"line":142,"column":72}},"91":{"start":{"line":144,"column":4},"end":{"line":161,"column":5}},"92":{"start":{"line":145,"column":30},"end":{"line":145,"column":75}},"93":{"start":{"line":147,"column":6},"end":{"line":155,"column":110}},"94":{"start":{"line":162,"column":4},"end":{"line":162,"column":16}},"95":{"start":{"line":166,"column":12},"end":{"line":166,"column":23}},"96":{"start":{"line":166,"column":32},"end":{"line":166,"column":43}},"97":{"start":{"line":166,"column":57},"end":{"line":166,"column":73}},"98":{"start":{"line":166,"column":87},"end":{"line":166,"column":103}},"99":{"start":{"line":167,"column":28},"end":{"line":167,"column":61}},"100":{"start":{"line":169,"column":23},"end":{"line":169,"column":69}},"101":{"start":{"line":170,"column":23},"end":{"line":170,"column":69}},"102":{"start":{"line":173,"column":4},"end":{"line":195,"column":5}},"103":{"start":{"line":174,"column":29},"end":{"line":174,"column":75}},"104":{"start":{"line":175,"column":29},"end":{"line":175,"column":75}},"105":{"start":{"line":177,"column":6},"end":{"line":189,"column":110}},"106":{"start":{"line":196,"column":4},"end":{"line":196,"column":16}},"107":{"start":{"line":200,"column":4},"end":{"line":203,"column":27}},"108":{"start":{"line":201,"column":6},"end":{"line":201,"column":39}},"109":{"start":{"line":203,"column":4},"end":{"line":203,"column":27}},"110":{"start":{"line":207,"column":12},"end":{"line":207,"column":23}},"111":{"start":{"line":207,"column":32},"end":{"line":207,"column":43}},"112":{"start":{"line":207,"column":67},"end":{"line":207,"column":93}},"113":{"start":{"line":207,"column":107},"end":{"line":207,"column":123}},"114":{"start":{"line":208,"column":28},"end":{"line":208,"column":61}},"115":{"start":{"line":209,"column":23},"end":{"line":209,"column":69}},"116":{"start":{"line":211,"column":4},"end":{"line":225,"column":5}},"117":{"start":{"line":212,"column":34},"end":{"line":212,"column":78}},"118":{"start":{"line":213,"column":6},"end":{"line":220,"column":110}},"119":{"start":{"line":226,"column":4},"end":{"line":226,"column":16}},"120":{"start":{"line":231,"column":4},"end":{"line":235,"column":5}},"121":{"start":{"line":232,"column":6},"end":{"line":232,"column":22}},"122":{"start":{"line":234,"column":6},"end":{"line":234,"column":42}},"123":{"start":{"line":238,"column":4},"end":{"line":242,"column":5}},"124":{"start":{"line":239,"column":6},"end":{"line":239,"column":21}},"125":{"start":{"line":241,"column":6},"end":{"line":241,"column":43}},"126":{"start":{"line":246,"column":15},"end":{"line":246,"column":35}},"127":{"start":{"line":247,"column":22},"end":{"line":247,"column":40}},"128":{"start":{"line":248,"column":4},"end":{"line":248,"column":19}},"129":{"start":{"line":249,"column":4},"end":{"line":251,"column":5}},"130":{"start":{"line":250,"column":6},"end":{"line":250,"column":38}},"131":{"start":{"line":255,"column":4},"end":{"line":260,"column":5}},"132":{"start":{"line":256,"column":6},"end":{"line":256,"column":14}},"133":{"start":{"line":257,"column":6},"end":{"line":259,"column":7}},"134":{"start":{"line":258,"column":8},"end":{"line":258,"column":31}},"135":{"start":{"line":264,"column":4},"end":{"line":264,"column":29}},"136":{"start":{"line":268,"column":4},"end":{"line":268,"column":29}},"137":{"start":{"line":272,"column":4},"end":{"line":272,"column":67}},"138":{"start":{"line":273,"column":4},"end":{"line":275,"column":5}},"139":{"start":{"line":274,"column":6},"end":{"line":274,"column":65}},"140":{"start":{"line":307,"column":2},"end":{"line":307,"column":13}},"141":{"start":{"line":307,"column":30},"end":{"line":307,"column":49}},"142":{"start":{"line":307,"column":64},"end":{"line":307,"column":81}},"143":{"start":{"line":307,"column":101},"end":{"line":307,"column":123}},"144":{"start":{"line":307,"column":136},"end":{"line":307,"column":151}},"145":{"start":{"line":307,"column":168},"end":{"line":307,"column":187}},"146":{"start":{"line":307,"column":204},"end":{"line":307,"column":223}},"147":{"start":{"line":307,"column":237},"end":{"line":307,"column":253}},"148":{"start":{"line":307,"column":266},"end":{"line":307,"column":281}},"149":{"start":{"line":307,"column":298},"end":{"line":307,"column":317}},"150":{"start":{"line":307,"column":339},"end":{"line":307,"column":363}},"151":{"start":{"line":307,"column":379},"end":{"line":307,"column":397}},"152":{"start":{"line":307,"column":417},"end":{"line":307,"column":439}},"153":{"start":{"line":307,"column":452},"end":{"line":307,"column":467}},"154":{"start":{"line":307,"column":483},"end":{"line":307,"column":501}},"155":{"start":{"line":307,"column":516},"end":{"line":307,"column":533}},"156":{"start":{"line":307,"column":558},"end":{"line":307,"column":585}},"157":{"start":{"line":307,"column":601},"end":{"line":307,"column":619}},"158":{"start":{"line":307,"column":633},"end":{"line":307,"column":649}},"159":{"start":{"line":307,"column":666},"end":{"line":307,"column":685}},"160":{"start":{"line":307,"column":702},"end":{"line":307,"column":721}},"161":{"start":{"line":307,"column":739},"end":{"line":307,"column":759}},"162":{"start":{"line":307,"column":774},"end":{"line":307,"column":791}},"163":{"start":{"line":307,"column":815},"end":{"line":307,"column":841}},"164":{"start":{"line":307,"column":862},"end":{"line":307,"column":885}},"165":{"start":{"line":307,"column":897},"end":{"line":307,"column":911}},"166":{"start":{"line":307,"column":924},"end":{"line":307,"column":939}},"167":{"start":{"line":307,"column":960},"end":{"line":307,"column":977}},"168":{"start":{"line":309,"column":14},"end":{"line":309,"column":63}},"169":{"start":{"line":311,"column":2},"end":{"line":312,"column":57}},"170":{"start":{"line":314,"column":2},"end":{"line":374,"column":31}},"171":{"start":{"line":348,"column":61},"end":{"line":348,"column":87}},"172":{"start":{"line":349,"column":59},"end":{"line":349,"column":89}},"173":{"start":{"line":358,"column":50},"end":{"line":358,"column":78}},"174":{"start":{"line":380,"column":13},"end":{"line":444,"column":24}},"175":{"start":{"line":448,"column":0},"end":{"line":468,"column":24}},"176":{"start":{"line":471,"column":0},"end":{"line":532,"column":106}}},"fnMap":{"0":{"name":"ownKeys","decl":{"start":{"line":22,"column":201},"end":{"line":22,"column":208}},"loc":{"start":{"line":22,"column":233},"end":{"line":22,"column":523}},"line":22},"1":{"name":"(anonymous_1)","decl":{"start":{"line":22,"column":396},"end":{"line":22,"column":397}},"loc":{"start":{"line":22,"column":411},"end":{"line":22,"column":476}},"line":22},"2":{"name":"_objectSpread","decl":{"start":{"line":22,"column":532},"end":{"line":22,"column":545}},"loc":{"start":{"line":22,"column":554},"end":{"line":22,"column":1055}},"line":22},"3":{"name":"(anonymous_3)","decl":{"start":{"line":22,"column":703},"end":{"line":22,"column":704}},"loc":{"start":{"line":22,"column":718},"end":{"line":22,"column":776}},"line":22},"4":{"name":"(anonymous_4)","decl":{"start":{"line":22,"column":938},"end":{"line":22,"column":939}},"loc":{"start":{"line":22,"column":953},"end":{"line":22,"column":1036}},"line":22},"5":{"name":"UITextField","decl":{"start":{"line":24,"column":9},"end":{"line":24,"column":20}},"loc":{"start":{"line":24,"column":28},"end":{"line":378,"column":1}},"line":24},"6":{"name":"getMaxLength","decl":{"start":{"line":31,"column":11},"end":{"line":31,"column":23}},"loc":{"start":{"line":31,"column":30},"end":{"line":51,"column":3}},"line":31},"7":{"name":"handleChange","decl":{"start":{"line":53,"column":11},"end":{"line":53,"column":23}},"loc":{"start":{"line":53,"column":30},"end":{"line":76,"column":3}},"line":53},"8":{"name":"getTextFieldStyle","decl":{"start":{"line":78,"column":11},"end":{"line":78,"column":28}},"loc":{"start":{"line":78,"column":31},"end":{"line":93,"column":3}},"line":78},"9":{"name":"getTextFieldUnderline","decl":{"start":{"line":95,"column":11},"end":{"line":95,"column":32}},"loc":{"start":{"line":95,"column":35},"end":{"line":116,"column":3}},"line":95},"10":{"name":"getAccessoryView","decl":{"start":{"line":118,"column":11},"end":{"line":118,"column":27}},"loc":{"start":{"line":118,"column":30},"end":{"line":137,"column":3}},"line":118},"11":{"name":"getRightSideClearButton","decl":{"start":{"line":139,"column":11},"end":{"line":139,"column":34}},"loc":{"start":{"line":139,"column":37},"end":{"line":163,"column":3}},"line":139},"12":{"name":"getRightSideShowButton","decl":{"start":{"line":165,"column":11},"end":{"line":165,"column":33}},"loc":{"start":{"line":165,"column":36},"end":{"line":197,"column":3}},"line":165},"13":{"name":"getLeftAccessoryView","decl":{"start":{"line":199,"column":11},"end":{"line":199,"column":31}},"loc":{"start":{"line":199,"column":34},"end":{"line":204,"column":3}},"line":199},"14":{"name":"getLeftButton","decl":{"start":{"line":206,"column":11},"end":{"line":206,"column":24}},"loc":{"start":{"line":206,"column":27},"end":{"line":227,"column":3}},"line":206},"15":{"name":"onPress","decl":{"start":{"line":214,"column":169},"end":{"line":214,"column":176}},"loc":{"start":{"line":214,"column":179},"end":{"line":214,"column":181}},"line":214},"16":{"name":"onFocus","decl":{"start":{"line":230,"column":11},"end":{"line":230,"column":18}},"loc":{"start":{"line":230,"column":21},"end":{"line":236,"column":3}},"line":230},"17":{"name":"onBlur","decl":{"start":{"line":237,"column":11},"end":{"line":237,"column":17}},"loc":{"start":{"line":237,"column":20},"end":{"line":243,"column":3}},"line":237},"18":{"name":"onTextChanged","decl":{"start":{"line":245,"column":11},"end":{"line":245,"column":24}},"loc":{"start":{"line":245,"column":31},"end":{"line":252,"column":3}},"line":245},"19":{"name":"clearText","decl":{"start":{"line":254,"column":11},"end":{"line":254,"column":20}},"loc":{"start":{"line":254,"column":23},"end":{"line":261,"column":3}},"line":254},"20":{"name":"clear","decl":{"start":{"line":263,"column":11},"end":{"line":263,"column":16}},"loc":{"start":{"line":263,"column":19},"end":{"line":265,"column":3}},"line":263},"21":{"name":"focus","decl":{"start":{"line":267,"column":11},"end":{"line":267,"column":16}},"loc":{"start":{"line":267,"column":19},"end":{"line":269,"column":3}},"line":267},"22":{"name":"showHideSecureText","decl":{"start":{"line":271,"column":11},"end":{"line":271,"column":29}},"loc":{"start":{"line":271,"column":32},"end":{"line":276,"column":3}},"line":271},"23":{"name":"renderRightAccessory","decl":{"start":{"line":348,"column":37},"end":{"line":348,"column":57}},"loc":{"start":{"line":348,"column":60},"end":{"line":348,"column":88}},"line":348},"24":{"name":"renderLeftAccessory","decl":{"start":{"line":349,"column":36},"end":{"line":349,"column":55}},"loc":{"start":{"line":349,"column":58},"end":{"line":349,"column":90}},"line":349},"25":{"name":"onChangeText","decl":{"start":{"line":358,"column":29},"end":{"line":358,"column":41}},"loc":{"start":{"line":358,"column":49},"end":{"line":358,"column":79}},"line":358}},"branchMap":{"0":{"loc":{"start":{"line":22,"column":265},"end":{"line":22,"column":510}},"type":"if","locations":[{"start":{"line":22,"column":265},"end":{"line":22,"column":510}},{"start":{"line":22,"column":265},"end":{"line":22,"column":510}}],"line":22},"1":{"loc":{"start":{"line":22,"column":351},"end":{"line":22,"column":478}},"type":"if","locations":[{"start":{"line":22,"column":351},"end":{"line":22,"column":478}},{"start":{"line":22,"column":351},"end":{"line":22,"column":478}}],"line":22},"2":{"loc":{"start":{"line":22,"column":612},"end":{"line":22,"column":652}},"type":"cond-expr","locations":[{"start":{"line":22,"column":635},"end":{"line":22,"column":647}},{"start":{"line":22,"column":650},"end":{"line":22,"column":652}}],"line":22},"3":{"loc":{"start":{"line":22,"column":653},"end":{"line":22,"column":1039}},"type":"if","locations":[{"start":{"line":22,"column":653},"end":{"line":22,"column":1039}},{"start":{"line":22,"column":653},"end":{"line":22,"column":1039}}],"line":22},"4":{"loc":{"start":{"line":22,"column":785},"end":{"line":22,"column":1039}},"type":"if","locations":[{"start":{"line":22,"column":785},"end":{"line":22,"column":1039}},{"start":{"line":22,"column":785},"end":{"line":22,"column":1039}}],"line":22},"5":{"loc":{"start":{"line":26,"column":23},"end":{"line":26,"column":47}},"type":"binary-expr","locations":[{"start":{"line":26,"column":23},"end":{"line":26,"column":38}},{"start":{"line":26,"column":42},"end":{"line":26,"column":47}}],"line":26},"6":{"loc":{"start":{"line":27,"column":23},"end":{"line":27,"column":50}},"type":"binary-expr","locations":[{"start":{"line":27,"column":23},"end":{"line":27,"column":41}},{"start":{"line":27,"column":45},"end":{"line":27,"column":50}}],"line":27},"7":{"loc":{"start":{"line":33,"column":4},"end":{"line":48,"column":15}},"type":"switch","locations":[{"start":{"line":34,"column":6},"end":{"line":36,"column":14}},{"start":{"line":37,"column":6},"end":{"line":39,"column":14}},{"start":{"line":40,"column":6},"end":{"line":42,"column":14}},{"start":{"line":43,"column":6},"end":{"line":45,"column":14}},{"start":{"line":46,"column":6},"end":{"line":48,"column":14}}],"line":33},"8":{"loc":{"start":{"line":57,"column":4},"end":{"line":58,"column":58}},"type":"binary-expr","locations":[{"start":{"line":57,"column":4},"end":{"line":57,"column":53}},{"start":{"line":58,"column":4},"end":{"line":58,"column":58}}],"line":57},"9":{"loc":{"start":{"line":60,"column":4},"end":{"line":74,"column":5}},"type":"if","locations":[{"start":{"line":60,"column":4},"end":{"line":74,"column":5}},{"start":{"line":60,"column":4},"end":{"line":74,"column":5}}],"line":60},"10":{"loc":{"start":{"line":61,"column":6},"end":{"line":73,"column":7}},"type":"if","locations":[{"start":{"line":61,"column":6},"end":{"line":73,"column":7}},{"start":{"line":61,"column":6},"end":{"line":73,"column":7}}],"line":61},"11":{"loc":{"start":{"line":62,"column":6},"end":{"line":63,"column":55}},"type":"binary-expr","locations":[{"start":{"line":62,"column":6},"end":{"line":62,"column":27}},{"start":{"line":63,"column":6},"end":{"line":63,"column":30}},{"start":{"line":63,"column":34},"end":{"line":63,"column":55}}],"line":62},"12":{"loc":{"start":{"line":65,"column":8},"end":{"line":72,"column":9}},"type":"if","locations":[{"start":{"line":65,"column":8},"end":{"line":72,"column":9}},{"start":{"line":65,"column":8},"end":{"line":72,"column":9}}],"line":65},"13":{"loc":{"start":{"line":66,"column":8},"end":{"line":67,"column":60}},"type":"binary-expr","locations":[{"start":{"line":66,"column":8},"end":{"line":66,"column":32}},{"start":{"line":67,"column":8},"end":{"line":67,"column":32}},{"start":{"line":67,"column":36},"end":{"line":67,"column":60}}],"line":66},"14":{"loc":{"start":{"line":81,"column":4},"end":{"line":83,"column":22}},"type":"cond-expr","locations":[{"start":{"line":82,"column":4},"end":{"line":82,"column":18}},{"start":{"line":83,"column":4},"end":{"line":83,"column":22}}],"line":81},"15":{"loc":{"start":{"line":87,"column":6},"end":{"line":88,"column":43}},"type":"binary-expr","locations":[{"start":{"line":87,"column":6},"end":{"line":87,"column":27}},{"start":{"line":88,"column":6},"end":{"line":88,"column":43}}],"line":87},"16":{"loc":{"start":{"line":90,"column":6},"end":{"line":90,"column":60}},"type":"binary-expr","locations":[{"start":{"line":90,"column":6},"end":{"line":90,"column":23}},{"start":{"line":90,"column":27},"end":{"line":90,"column":60}}],"line":90},"17":{"loc":{"start":{"line":96,"column":4},"end":{"line":114,"column":5}},"type":"if","locations":[{"start":{"line":96,"column":4},"end":{"line":114,"column":5}},{"start":{"line":96,"column":4},"end":{"line":114,"column":5}}],"line":96},"18":{"loc":{"start":{"line":97,"column":4},"end":{"line":98,"column":70}},"type":"binary-expr","locations":[{"start":{"line":97,"column":4},"end":{"line":97,"column":59}},{"start":{"line":98,"column":4},"end":{"line":98,"column":70}}],"line":97},"19":{"loc":{"start":{"line":101,"column":6},"end":{"line":103,"column":42}},"type":"cond-expr","locations":[{"start":{"line":102,"column":6},"end":{"line":102,"column":42}},{"start":{"line":103,"column":6},"end":{"line":103,"column":42}}],"line":101},"20":{"loc":{"start":{"line":119,"column":4},"end":{"line":136,"column":5}},"type":"if","locations":[{"start":{"line":119,"column":4},"end":{"line":136,"column":5}},{"start":{"line":119,"column":4},"end":{"line":136,"column":5}}],"line":119},"21":{"loc":{"start":{"line":119,"column":8},"end":{"line":119,"column":82}},"type":"binary-expr","locations":[{"start":{"line":119,"column":8},"end":{"line":119,"column":32}},{"start":{"line":119,"column":36},"end":{"line":119,"column":82}}],"line":119},"22":{"loc":{"start":{"line":123,"column":6},"end":{"line":135,"column":7}},"type":"if","locations":[{"start":{"line":123,"column":6},"end":{"line":135,"column":7}},{"start":{"line":123,"column":6},"end":{"line":135,"column":7}}],"line":123},"23":{"loc":{"start":{"line":123,"column":10},"end":{"line":123,"column":59}},"type":"binary-expr","locations":[{"start":{"line":123,"column":10},"end":{"line":123,"column":31}},{"start":{"line":123,"column":35},"end":{"line":123,"column":59}}],"line":123},"24":{"loc":{"start":{"line":128,"column":13},"end":{"line":135,"column":7}},"type":"if","locations":[{"start":{"line":128,"column":13},"end":{"line":135,"column":7}},{"start":{"line":128,"column":13},"end":{"line":135,"column":7}}],"line":128},"25":{"loc":{"start":{"line":130,"column":13},"end":{"line":135,"column":7}},"type":"if","locations":[{"start":{"line":130,"column":13},"end":{"line":135,"column":7}},{"start":{"line":130,"column":13},"end":{"line":135,"column":7}}],"line":130},"26":{"loc":{"start":{"line":141,"column":28},"end":{"line":141,"column":61}},"type":"binary-expr","locations":[{"start":{"line":141,"column":28},"end":{"line":141,"column":39}},{"start":{"line":141,"column":43},"end":{"line":141,"column":61}}],"line":141},"27":{"loc":{"start":{"line":142,"column":24},"end":{"line":142,"column":72}},"type":"binary-expr","locations":[{"start":{"line":142,"column":24},"end":{"line":142,"column":35}},{"start":{"line":142,"column":39},"end":{"line":142,"column":72}}],"line":142},"28":{"loc":{"start":{"line":144,"column":4},"end":{"line":161,"column":5}},"type":"if","locations":[{"start":{"line":144,"column":4},"end":{"line":161,"column":5}},{"start":{"line":144,"column":4},"end":{"line":161,"column":5}}],"line":144},"29":{"loc":{"start":{"line":144,"column":8},"end":{"line":144,"column":40}},"type":"binary-expr","locations":[{"start":{"line":144,"column":8},"end":{"line":144,"column":23}},{"start":{"line":144,"column":27},"end":{"line":144,"column":40}}],"line":144},"30":{"loc":{"start":{"line":145,"column":30},"end":{"line":145,"column":75}},"type":"binary-expr","locations":[{"start":{"line":145,"column":30},"end":{"line":145,"column":52}},{"start":{"line":145,"column":56},"end":{"line":145,"column":75}}],"line":145},"31":{"loc":{"start":{"line":150,"column":8},"end":{"line":155,"column":107}},"type":"cond-expr","locations":[{"start":{"line":150,"column":24},"end":{"line":150,"column":37}},{"start":{"line":151,"column":8},"end":{"line":155,"column":107}}],"line":150},"32":{"loc":{"start":{"line":153,"column":23},"end":{"line":153,"column":137}},"type":"cond-expr","locations":[{"start":{"line":153,"column":73},"end":{"line":153,"column":98}},{"start":{"line":153,"column":101},"end":{"line":153,"column":137}}],"line":153},"33":{"loc":{"start":{"line":153,"column":23},"end":{"line":153,"column":70}},"type":"binary-expr","locations":[{"start":{"line":153,"column":23},"end":{"line":153,"column":49}},{"start":{"line":153,"column":53},"end":{"line":153,"column":70}}],"line":153},"34":{"loc":{"start":{"line":167,"column":28},"end":{"line":167,"column":61}},"type":"binary-expr","locations":[{"start":{"line":167,"column":28},"end":{"line":167,"column":39}},{"start":{"line":167,"column":43},"end":{"line":167,"column":61}}],"line":167},"35":{"loc":{"start":{"line":169,"column":23},"end":{"line":169,"column":69}},"type":"binary-expr","locations":[{"start":{"line":169,"column":23},"end":{"line":169,"column":33}},{"start":{"line":169,"column":37},"end":{"line":169,"column":69}}],"line":169},"36":{"loc":{"start":{"line":170,"column":23},"end":{"line":170,"column":69}},"type":"binary-expr","locations":[{"start":{"line":170,"column":23},"end":{"line":170,"column":33}},{"start":{"line":170,"column":37},"end":{"line":170,"column":69}}],"line":170},"37":{"loc":{"start":{"line":173,"column":4},"end":{"line":195,"column":5}},"type":"if","locations":[{"start":{"line":173,"column":4},"end":{"line":195,"column":5}},{"start":{"line":173,"column":4},"end":{"line":195,"column":5}}],"line":173},"38":{"loc":{"start":{"line":173,"column":8},"end":{"line":173,"column":64}},"type":"binary-expr","locations":[{"start":{"line":173,"column":8},"end":{"line":173,"column":32}},{"start":{"line":173,"column":36},"end":{"line":173,"column":48}},{"start":{"line":173,"column":52},"end":{"line":173,"column":64}}],"line":173},"39":{"loc":{"start":{"line":174,"column":29},"end":{"line":174,"column":75}},"type":"binary-expr","locations":[{"start":{"line":174,"column":29},"end":{"line":174,"column":50}},{"start":{"line":174,"column":54},"end":{"line":174,"column":75}}],"line":174},"40":{"loc":{"start":{"line":175,"column":29},"end":{"line":175,"column":75}},"type":"binary-expr","locations":[{"start":{"line":175,"column":29},"end":{"line":175,"column":50}},{"start":{"line":175,"column":54},"end":{"line":175,"column":75}}],"line":175},"41":{"loc":{"start":{"line":180,"column":8},"end":{"line":189,"column":107}},"type":"cond-expr","locations":[{"start":{"line":180,"column":39},"end":{"line":180,"column":102}},{"start":{"line":181,"column":8},"end":{"line":189,"column":107}}],"line":180},"42":{"loc":{"start":{"line":180,"column":8},"end":{"line":180,"column":36}},"type":"binary-expr","locations":[{"start":{"line":180,"column":8},"end":{"line":180,"column":20}},{"start":{"line":180,"column":24},"end":{"line":180,"column":36}}],"line":180},"43":{"loc":{"start":{"line":180,"column":39},"end":{"line":180,"column":102}},"type":"cond-expr","locations":[{"start":{"line":180,"column":70},"end":{"line":180,"column":82}},{"start":{"line":180,"column":85},"end":{"line":180,"column":102}}],"line":180},"44":{"loc":{"start":{"line":183,"column":23},"end":{"line":183,"column":137}},"type":"cond-expr","locations":[{"start":{"line":183,"column":73},"end":{"line":183,"column":98}},{"start":{"line":183,"column":101},"end":{"line":183,"column":137}}],"line":183},"45":{"loc":{"start":{"line":183,"column":23},"end":{"line":183,"column":70}},"type":"binary-expr","locations":[{"start":{"line":183,"column":23},"end":{"line":183,"column":49}},{"start":{"line":183,"column":53},"end":{"line":183,"column":70}}],"line":183},"46":{"loc":{"start":{"line":185,"column":10},"end":{"line":187,"column":26}},"type":"cond-expr","locations":[{"start":{"line":186,"column":10},"end":{"line":186,"column":26}},{"start":{"line":187,"column":10},"end":{"line":187,"column":26}}],"line":185},"47":{"loc":{"start":{"line":200,"column":4},"end":{"line":203,"column":27}},"type":"if","locations":[{"start":{"line":200,"column":4},"end":{"line":203,"column":27}},{"start":{"line":200,"column":4},"end":{"line":203,"column":27}}],"line":200},"48":{"loc":{"start":{"line":200,"column":8},"end":{"line":200,"column":80}},"type":"binary-expr","locations":[{"start":{"line":200,"column":8},"end":{"line":200,"column":31}},{"start":{"line":200,"column":35},"end":{"line":200,"column":80}}],"line":200},"49":{"loc":{"start":{"line":208,"column":28},"end":{"line":208,"column":61}},"type":"binary-expr","locations":[{"start":{"line":208,"column":28},"end":{"line":208,"column":39}},{"start":{"line":208,"column":43},"end":{"line":208,"column":61}}],"line":208},"50":{"loc":{"start":{"line":209,"column":23},"end":{"line":209,"column":69}},"type":"binary-expr","locations":[{"start":{"line":209,"column":23},"end":{"line":209,"column":33}},{"start":{"line":209,"column":37},"end":{"line":209,"column":69}}],"line":209},"51":{"loc":{"start":{"line":211,"column":4},"end":{"line":225,"column":5}},"type":"if","locations":[{"start":{"line":211,"column":4},"end":{"line":225,"column":5}},{"start":{"line":211,"column":4},"end":{"line":225,"column":5}}],"line":211},"52":{"loc":{"start":{"line":211,"column":8},"end":{"line":211,"column":44}},"type":"binary-expr","locations":[{"start":{"line":211,"column":8},"end":{"line":211,"column":28}},{"start":{"line":211,"column":32},"end":{"line":211,"column":44}}],"line":211},"53":{"loc":{"start":{"line":212,"column":34},"end":{"line":212,"column":78}},"type":"binary-expr","locations":[{"start":{"line":212,"column":34},"end":{"line":212,"column":55}},{"start":{"line":212,"column":59},"end":{"line":212,"column":78}}],"line":212},"54":{"loc":{"start":{"line":215,"column":8},"end":{"line":220,"column":107}},"type":"cond-expr","locations":[{"start":{"line":215,"column":23},"end":{"line":215,"column":35}},{"start":{"line":216,"column":8},"end":{"line":220,"column":107}}],"line":215},"55":{"loc":{"start":{"line":218,"column":23},"end":{"line":218,"column":137}},"type":"cond-expr","locations":[{"start":{"line":218,"column":73},"end":{"line":218,"column":98}},{"start":{"line":218,"column":101},"end":{"line":218,"column":137}}],"line":218},"56":{"loc":{"start":{"line":218,"column":23},"end":{"line":218,"column":70}},"type":"binary-expr","locations":[{"start":{"line":218,"column":23},"end":{"line":218,"column":49}},{"start":{"line":218,"column":53},"end":{"line":218,"column":70}}],"line":218},"57":{"loc":{"start":{"line":231,"column":4},"end":{"line":235,"column":5}},"type":"if","locations":[{"start":{"line":231,"column":4},"end":{"line":235,"column":5}},{"start":{"line":231,"column":4},"end":{"line":235,"column":5}}],"line":231},"58":{"loc":{"start":{"line":238,"column":4},"end":{"line":242,"column":5}},"type":"if","locations":[{"start":{"line":238,"column":4},"end":{"line":242,"column":5}},{"start":{"line":238,"column":4},"end":{"line":242,"column":5}}],"line":238},"59":{"loc":{"start":{"line":249,"column":4},"end":{"line":251,"column":5}},"type":"if","locations":[{"start":{"line":249,"column":4},"end":{"line":251,"column":5}},{"start":{"line":249,"column":4},"end":{"line":251,"column":5}}],"line":249},"60":{"loc":{"start":{"line":255,"column":4},"end":{"line":260,"column":5}},"type":"if","locations":[{"start":{"line":255,"column":4},"end":{"line":260,"column":5}},{"start":{"line":255,"column":4},"end":{"line":260,"column":5}}],"line":255},"61":{"loc":{"start":{"line":255,"column":8},"end":{"line":255,"column":59}},"type":"binary-expr","locations":[{"start":{"line":255,"column":8},"end":{"line":255,"column":35}},{"start":{"line":255,"column":39},"end":{"line":255,"column":59}}],"line":255},"62":{"loc":{"start":{"line":257,"column":6},"end":{"line":259,"column":7}},"type":"if","locations":[{"start":{"line":257,"column":6},"end":{"line":259,"column":7}},{"start":{"line":257,"column":6},"end":{"line":259,"column":7}}],"line":257},"63":{"loc":{"start":{"line":273,"column":4},"end":{"line":275,"column":5}},"type":"if","locations":[{"start":{"line":273,"column":4},"end":{"line":275,"column":5}},{"start":{"line":273,"column":4},"end":{"line":275,"column":5}}],"line":273},"64":{"loc":{"start":{"line":309,"column":14},"end":{"line":309,"column":63}},"type":"binary-expr","locations":[{"start":{"line":309,"column":14},"end":{"line":309,"column":31}},{"start":{"line":309,"column":35},"end":{"line":309,"column":63}}],"line":309},"65":{"loc":{"start":{"line":311,"column":2},"end":{"line":312,"column":57}},"type":"binary-expr","locations":[{"start":{"line":311,"column":2},"end":{"line":311,"column":65}},{"start":{"line":312,"column":2},"end":{"line":312,"column":57}}],"line":311},"66":{"loc":{"start":{"line":321,"column":47},"end":{"line":321,"column":98}},"type":"cond-expr","locations":[{"start":{"line":321,"column":70},"end":{"line":321,"column":91}},{"start":{"line":321,"column":94},"end":{"line":321,"column":98}}],"line":321},"67":{"loc":{"start":{"line":323,"column":20},"end":{"line":323,"column":55}},"type":"cond-expr","locations":[{"start":{"line":323,"column":34},"end":{"line":323,"column":35}},{"start":{"line":323,"column":38},"end":{"line":323,"column":55}}],"line":323},"68":{"loc":{"start":{"line":323,"column":38},"end":{"line":323,"column":55}},"type":"binary-expr","locations":[{"start":{"line":323,"column":38},"end":{"line":323,"column":50}},{"start":{"line":323,"column":54},"end":{"line":323,"column":55}}],"line":323},"69":{"loc":{"start":{"line":324,"column":19},"end":{"line":324,"column":54}},"type":"cond-expr","locations":[{"start":{"line":324,"column":33},"end":{"line":324,"column":34}},{"start":{"line":324,"column":37},"end":{"line":324,"column":54}}],"line":324},"70":{"loc":{"start":{"line":324,"column":37},"end":{"line":324,"column":54}},"type":"binary-expr","locations":[{"start":{"line":324,"column":37},"end":{"line":324,"column":48}},{"start":{"line":324,"column":52},"end":{"line":324,"column":54}}],"line":324},"71":{"loc":{"start":{"line":326,"column":6},"end":{"line":326,"column":75}},"type":"cond-expr","locations":[{"start":{"line":326,"column":20},"end":{"line":326,"column":46}},{"start":{"line":326,"column":49},"end":{"line":326,"column":75}}],"line":326},"72":{"loc":{"start":{"line":326,"column":20},"end":{"line":326,"column":46}},"type":"binary-expr","locations":[{"start":{"line":326,"column":20},"end":{"line":326,"column":41}},{"start":{"line":326,"column":45},"end":{"line":326,"column":46}}],"line":326},"73":{"loc":{"start":{"line":326,"column":49},"end":{"line":326,"column":75}},"type":"binary-expr","locations":[{"start":{"line":326,"column":49},"end":{"line":326,"column":70}},{"start":{"line":326,"column":74},"end":{"line":326,"column":75}}],"line":326},"74":{"loc":{"start":{"line":328,"column":48},"end":{"line":328,"column":99}},"type":"cond-expr","locations":[{"start":{"line":328,"column":63},"end":{"line":328,"column":80}},{"start":{"line":328,"column":83},"end":{"line":328,"column":99}}],"line":328},"75":{"loc":{"start":{"line":329,"column":13},"end":{"line":329,"column":52}},"type":"cond-expr","locations":[{"start":{"line":329,"column":26},"end":{"line":329,"column":45}},{"start":{"line":329,"column":48},"end":{"line":329,"column":52}}],"line":329},"76":{"loc":{"start":{"line":329,"column":26},"end":{"line":329,"column":45}},"type":"binary-expr","locations":[{"start":{"line":329,"column":26},"end":{"line":329,"column":39}},{"start":{"line":329,"column":43},"end":{"line":329,"column":45}}],"line":329},"77":{"loc":{"start":{"line":330,"column":21},"end":{"line":330,"column":40}},"type":"binary-expr","locations":[{"start":{"line":330,"column":21},"end":{"line":330,"column":34}},{"start":{"line":330,"column":38},"end":{"line":330,"column":40}}],"line":330},"78":{"loc":{"start":{"line":331,"column":19},"end":{"line":331,"column":38}},"type":"binary-expr","locations":[{"start":{"line":331,"column":19},"end":{"line":331,"column":30}},{"start":{"line":331,"column":34},"end":{"line":331,"column":38}}],"line":331},"79":{"loc":{"start":{"line":332,"column":17},"end":{"line":332,"column":55}},"type":"binary-expr","locations":[{"start":{"line":332,"column":17},"end":{"line":332,"column":26}},{"start":{"line":332,"column":30},"end":{"line":332,"column":55}}],"line":332},"80":{"loc":{"start":{"line":333,"column":17},"end":{"line":333,"column":95}},"type":"binary-expr","locations":[{"start":{"line":333,"column":17},"end":{"line":333,"column":26}},{"start":{"line":333,"column":30},"end":{"line":333,"column":55}},{"start":{"line":333,"column":59},"end":{"line":333,"column":95}}],"line":333},"81":{"loc":{"start":{"line":334,"column":18},"end":{"line":334,"column":128}},"type":"cond-expr","locations":[{"start":{"line":334,"column":30},"end":{"line":334,"column":69}},{"start":{"line":334,"column":72},"end":{"line":334,"column":128}}],"line":334},"82":{"loc":{"start":{"line":334,"column":30},"end":{"line":334,"column":69}},"type":"binary-expr","locations":[{"start":{"line":334,"column":30},"end":{"line":334,"column":40}},{"start":{"line":334,"column":44},"end":{"line":334,"column":69}}],"line":334},"83":{"loc":{"start":{"line":334,"column":72},"end":{"line":334,"column":128}},"type":"binary-expr","locations":[{"start":{"line":334,"column":72},"end":{"line":334,"column":88}},{"start":{"line":334,"column":92},"end":{"line":334,"column":128}}],"line":334},"84":{"loc":{"start":{"line":336,"column":6},"end":{"line":336,"column":62}},"type":"binary-expr","locations":[{"start":{"line":336,"column":6},"end":{"line":336,"column":22}},{"start":{"line":336,"column":26},"end":{"line":336,"column":62}}],"line":336},"85":{"loc":{"start":{"line":338,"column":17},"end":{"line":338,"column":50}},"type":"cond-expr","locations":[{"start":{"line":338,"column":45},"end":{"line":338,"column":46}},{"start":{"line":338,"column":49},"end":{"line":338,"column":50}}],"line":338},"86":{"loc":{"start":{"line":339,"column":23},"end":{"line":339,"column":56}},"type":"cond-expr","locations":[{"start":{"line":339,"column":51},"end":{"line":339,"column":52}},{"start":{"line":339,"column":55},"end":{"line":339,"column":56}}],"line":339},"87":{"loc":{"start":{"line":341,"column":6},"end":{"line":344,"column":10}},"type":"cond-expr","locations":[{"start":{"line":343,"column":6},"end":{"line":343,"column":17}},{"start":{"line":344,"column":6},"end":{"line":344,"column":10}}],"line":341},"88":{"loc":{"start":{"line":341,"column":6},"end":{"line":342,"column":46}},"type":"binary-expr","locations":[{"start":{"line":341,"column":6},"end":{"line":341,"column":17}},{"start":{"line":341,"column":21},"end":{"line":341,"column":34}},{"start":{"line":342,"column":6},"end":{"line":342,"column":16}},{"start":{"line":342,"column":20},"end":{"line":342,"column":46}}],"line":341},"89":{"loc":{"start":{"line":346,"column":13},"end":{"line":346,"column":33}},"type":"binary-expr","locations":[{"start":{"line":346,"column":13},"end":{"line":346,"column":25}},{"start":{"line":346,"column":29},"end":{"line":346,"column":33}}],"line":346},"90":{"loc":{"start":{"line":347,"column":13},"end":{"line":347,"column":39}},"type":"binary-expr","locations":[{"start":{"line":347,"column":13},"end":{"line":347,"column":31}},{"start":{"line":347,"column":35},"end":{"line":347,"column":39}}],"line":347},"91":{"loc":{"start":{"line":351,"column":28},"end":{"line":351,"column":91}},"type":"cond-expr","locations":[{"start":{"line":351,"column":42},"end":{"line":351,"column":64}},{"start":{"line":351,"column":67},"end":{"line":351,"column":91}}],"line":351},"92":{"loc":{"start":{"line":351,"column":42},"end":{"line":351,"column":64}},"type":"binary-expr","locations":[{"start":{"line":351,"column":42},"end":{"line":351,"column":58}},{"start":{"line":351,"column":62},"end":{"line":351,"column":64}}],"line":351},"93":{"loc":{"start":{"line":351,"column":67},"end":{"line":351,"column":91}},"type":"binary-expr","locations":[{"start":{"line":351,"column":67},"end":{"line":351,"column":83}},{"start":{"line":351,"column":87},"end":{"line":351,"column":91}}],"line":351},"94":{"loc":{"start":{"line":356,"column":21},"end":{"line":356,"column":50}},"type":"cond-expr","locations":[{"start":{"line":356,"column":33},"end":{"line":356,"column":46}},{"start":{"line":356,"column":49},"end":{"line":356,"column":50}}],"line":356},"95":{"loc":{"start":{"line":368,"column":6},"end":{"line":368,"column":49}},"type":"binary-expr","locations":[{"start":{"line":368,"column":6},"end":{"line":368,"column":21}},{"start":{"line":368,"column":25},"end":{"line":368,"column":49}}],"line":368}},"s":{"0":1,"1":1,"2":1,"3":1,"4":1,"5":1,"6":1,"7":1,"8":1,"9":1,"10":1,"11":1,"12":1,"13":1,"14":1,"15":1,"16":1,"17":9,"18":9,"19":9,"20":9,"21":9,"22":0,"23":9,"24":9,"25":9,"26":9,"27":10,"28":10,"29":9,"30":0,"31":1,"32":1,"33":0,"34":0,"35":9,"36":19,"37":19,"38":19,"39":19,"40":19,"41":19,"42":19,"43":19,"44":19,"45":19,"46":19,"47":19,"48":19,"49":19,"50":19,"51":1,"52":1,"53":2,"54":2,"55":1,"56":1,"57":2,"58":2,"59":13,"60":13,"61":19,"62":0,"63":0,"64":0,"65":0,"66":0,"67":0,"68":0,"69":0,"70":0,"71":19,"72":19,"73":1,"74":1,"75":18,"76":2,"77":0,"78":2,"79":0,"80":2,"81":0,"82":2,"83":0,"84":2,"85":0,"86":0,"87":0,"88":0,"89":0,"90":0,"91":0,"92":0,"93":0,"94":0,"95":0,"96":0,"97":0,"98":0,"99":0,"100":0,"101":0,"102":0,"103":0,"104":0,"105":0,"106":0,"107":2,"108":0,"109":2,"110":2,"111":2,"112":2,"113":2,"114":2,"115":2,"116":2,"117":0,"118":0,"119":2,"120":2,"121":1,"122":1,"123":2,"124":1,"125":1,"126":0,"127":0,"128":0,"129":0,"130":0,"131":0,"132":0,"133":0,"134":0,"135":0,"136":0,"137":0,"138":0,"139":0,"140":19,"141":19,"142":19,"143":19,"144":19,"145":19,"146":19,"147":19,"148":19,"149":19,"150":19,"151":19,"152":19,"153":19,"154":19,"155":19,"156":19,"157":19,"158":19,"159":19,"160":19,"161":19,"162":19,"163":19,"164":19,"165":19,"166":19,"167":19,"168":19,"169":19,"170":19,"171":2,"172":2,"173":0,"174":1,"175":1,"176":1},"f":{"0":9,"1":0,"2":9,"3":0,"4":0,"5":19,"6":19,"7":0,"8":19,"9":19,"10":2,"11":0,"12":0,"13":2,"14":2,"15":0,"16":2,"17":2,"18":0,"19":0,"20":0,"21":0,"22":0,"23":2,"24":2,"25":0},"b":{"0":[9,0],"1":[9,0],"2":[8,2],"3":[9,1],"4":[1,0],"5":[19,19],"6":[19,19],"7":[1,2,1,2,13],"8":[0,0],"9":[0,0],"10":[0,0],"11":[0,0,0],"12":[0,0],"13":[0,0,0],"14":[0,19],"15":[19,19],"16":[19,19],"17":[1,18],"18":[19,18],"19":[1,0],"20":[0,2],"21":[2,0],"22":[0,2],"23":[2,0],"24":[0,2],"25":[0,2],"26":[0,0],"27":[0,0],"28":[0,0],"29":[0,0],"30":[0,0],"31":[0,0],"32":[0,0],"33":[0,0],"34":[0,0],"35":[0,0],"36":[0,0],"37":[0,0],"38":[0,0,0],"39":[0,0],"40":[0,0],"41":[0,0],"42":[0,0],"43":[0,0],"44":[0,0],"45":[0,0],"46":[0,0],"47":[0,2],"48":[2,0],"49":[2,2],"50":[2,0],"51":[0,2],"52":[2,2],"53":[0,0],"54":[0,0],"55":[0,0],"56":[0,0],"57":[1,1],"58":[1,1],"59":[0,0],"60":[0,0],"61":[0,0],"62":[0,0],"63":[0,0],"64":[19,19],"65":[19,18],"66":[1,18],"67":[0,19],"68":[19,19],"69":[0,19],"70":[19,19],"71":[0,19],"72":[0,0],"73":[19,19],"74":[1,18],"75":[19,0],"76":[19,18],"77":[19,19],"78":[19,19],"79":[19,19],"80":[19,19,0],"81":[18,1],"82":[18,18],"83":[1,0],"84":[19,0],"85":[17,2],"86":[17,2],"87":[1,18],"88":[19,19,19,19],"89":[19,18],"90":[19,19],"91":[0,19],"92":[0,0],"93":[19,0],"94":[1,18],"95":[19,19]},"inputSourceMap":null,"_coverageSchema":"1a1c01bbd47fc00a2c39e90264f33305004495a9","hash":"619c2457d1a50604d31b55025cd546327743e4f3"}
,"/Users/priyankagandhi/ir/uicomponents-react-native/src/utils/Constants.js": {"path":"/Users/priyankagandhi/ir/uicomponents-react-native/src/utils/Constants.js","statementMap":{"0":{"start":{"line":1,"column":13},"end":{"line":1,"column":75}},"1":{"start":{"line":1,"column":75},"end":{"line":1,"column":406}},"2":{"start":{"line":1,"column":424},"end":{"line":1,"column":447}},"3":{"start":{"line":3,"column":20},"end":{"line":3,"column":44}},"4":{"start":{"line":3,"column":45},"end":{"line":3,"column":83}},"5":{"start":{"line":5,"column":19},"end":{"line":12,"column":16}},"6":{"start":{"line":12,"column":17},"end":{"line":12,"column":53}},"7":{"start":{"line":15,"column":20},"end":{"line":19,"column":30}},"8":{"start":{"line":19,"column":31},"end":{"line":19,"column":69}},"9":{"start":{"line":22,"column":21},"end":{"line":22,"column":42}},"10":{"start":{"line":22,"column":43},"end":{"line":22,"column":83}},"11":{"start":{"line":24,"column":17},"end":{"line":29,"column":9}},"12":{"start":{"line":29,"column":10},"end":{"line":29,"column":42}},"13":{"start":{"line":32,"column":22},"end":{"line":37,"column":34}},"14":{"start":{"line":37,"column":35},"end":{"line":37,"column":77}},"15":{"start":{"line":40,"column":23},"end":{"line":43,"column":30}},"16":{"start":{"line":43,"column":31},"end":{"line":43,"column":75}},"17":{"start":{"line":46,"column":19},"end":{"line":50,"column":14}},"18":{"start":{"line":50,"column":15},"end":{"line":50,"column":51}},"19":{"start":{"line":53,"column":31},"end":{"line":56,"column":20}},"20":{"start":{"line":56,"column":21},"end":{"line":56,"column":81}},"21":{"start":{"line":59,"column":31},"end":{"line":64,"column":28}},"22":{"start":{"line":64,"column":29},"end":{"line":64,"column":89}},"23":{"start":{"line":67,"column":30},"end":{"line":69,"column":20}},"24":{"start":{"line":69,"column":21},"end":{"line":69,"column":79}},"25":{"start":{"line":72,"column":23},"end":{"line":73,"column":36}},"26":{"start":{"line":73,"column":37},"end":{"line":73,"column":81}}},"fnMap":{},"branchMap":{},"s":{"0":2,"1":2,"2":2,"3":2,"4":2,"5":2,"6":2,"7":2,"8":2,"9":2,"10":2,"11":2,"12":2,"13":2,"14":2,"15":2,"16":2,"17":2,"18":2,"19":2,"20":2,"21":2,"22":2,"23":2,"24":2,"25":2,"26":2},"f":{},"b":{},"inputSourceMap":null,"_coverageSchema":"1a1c01bbd47fc00a2c39e90264f33305004495a9","hash":"67de5084de50689e24bed0b7736800d2dfa49616"}
,"/Users/priyankagandhi/ir/uicomponents-react-native/src/utils/Fonts.js": {"path":"/Users/priyankagandhi/ir/uicomponents-react-native/src/utils/Fonts.js","statementMap":{"0":{"start":{"line":1,"column":13},"end":{"line":1,"column":75}},"1":{"start":{"line":1,"column":75},"end":{"line":1,"column":115}},"2":{"start":{"line":1,"column":115},"end":{"line":1,"column":159}},"3":{"start":{"line":1,"column":159},"end":{"line":1,"column":196}},"4":{"start":{"line":1,"column":215},"end":{"line":1,"column":238}},"5":{"start":{"line":2,"column":18},"end":{"line":2,"column":61}},"6":{"start":{"line":4,"column":26},"end":{"line":11,"column":1}},"7":{"start":{"line":6,"column":2},"end":{"line":10,"column":3}},"8":{"start":{"line":7,"column":4},"end":{"line":7,"column":32}},"9":{"start":{"line":9,"column":4},"end":{"line":9,"column":34}},"10":{"start":{"line":11,"column":2},"end":{"line":11,"column":52}},"11":{"start":{"line":14,"column":2},"end":{"line":14,"column":74}},"12":{"start":{"line":18,"column":2},"end":{"line":18,"column":74}}},"fnMap":{"0":{"name":"getAdjustedFontSize","decl":{"start":{"line":4,"column":35},"end":{"line":4,"column":54}},"loc":{"start":{"line":4,"column":61},"end":{"line":11,"column":1}},"line":4},"1":{"name":"getFontForIpad","decl":{"start":{"line":13,"column":9},"end":{"line":13,"column":23}},"loc":{"start":{"line":13,"column":30},"end":{"line":15,"column":1}},"line":13},"2":{"name":"getFontForIPhone","decl":{"start":{"line":17,"column":9},"end":{"line":17,"column":25}},"loc":{"start":{"line":17,"column":32},"end":{"line":19,"column":1}},"line":17}},"branchMap":{"0":{"loc":{"start":{"line":6,"column":2},"end":{"line":10,"column":3}},"type":"if","locations":[{"start":{"line":6,"column":2},"end":{"line":10,"column":3}},{"start":{"line":6,"column":2},"end":{"line":10,"column":3}}],"line":6},"1":{"loc":{"start":{"line":6,"column":6},"end":{"line":6,"column":71}},"type":"binary-expr","locations":[{"start":{"line":6,"column":6},"end":{"line":6,"column":40}},{"start":{"line":6,"column":44},"end":{"line":6,"column":71}}],"line":6}},"s":{"0":1,"1":1,"2":1,"3":1,"4":1,"5":1,"6":1,"7":1,"8":0,"9":1,"10":1,"11":0,"12":1},"f":{"0":1,"1":0,"2":1},"b":{"0":[0,1],"1":[1,1]},"inputSourceMap":null,"_coverageSchema":"1a1c01bbd47fc00a2c39e90264f33305004495a9","hash":"deeff63e54f3b755810a16f4ca4b3a7eefe553ba"}
,"/Users/priyankagandhi/ir/uicomponents-react-native/src/utils/RenderIf.js": {"path":"/Users/priyankagandhi/ir/uicomponents-react-native/src/utils/RenderIf.js","statementMap":{"0":{"start":{"line":1,"column":13},"end":{"line":1,"column":75}},"1":{"start":{"line":1,"column":75},"end":{"line":1,"column":100}},"2":{"start":{"line":2,"column":17},"end":{"line":2,"column":81}},"3":{"start":{"line":2,"column":45},"end":{"line":2,"column":80}},"4":{"start":{"line":3,"column":0},"end":{"line":4,"column":83}},"5":{"start":{"line":3,"column":30},"end":{"line":4,"column":82}},"6":{"start":{"line":3,"column":61},"end":{"line":4,"column":80}},"7":{"start":{"line":4,"column":84},"end":{"line":4,"column":111}}},"fnMap":{"0":{"name":"isFunction","decl":{"start":{"line":2,"column":26},"end":{"line":2,"column":36}},"loc":{"start":{"line":2,"column":44},"end":{"line":2,"column":81}},"line":2},"1":{"name":"_default","decl":{"start":{"line":3,"column":9},"end":{"line":3,"column":17}},"loc":{"start":{"line":3,"column":29},"end":{"line":4,"column":83}},"line":3},"2":{"name":"(anonymous_2)","decl":{"start":{"line":3,"column":37},"end":{"line":3,"column":38}},"loc":{"start":{"line":3,"column":60},"end":{"line":4,"column":81}},"line":3}},"branchMap":{"0":{"loc":{"start":{"line":4,"column":6},"end":{"line":4,"column":78}},"type":"cond-expr","locations":[{"start":{"line":4,"column":18},"end":{"line":4,"column":71}},{"start":{"line":4,"column":74},"end":{"line":4,"column":78}}],"line":4},"1":{"loc":{"start":{"line":4,"column":18},"end":{"line":4,"column":71}},"type":"cond-expr","locations":[{"start":{"line":4,"column":44},"end":{"line":4,"column":57}},{"start":{"line":4,"column":60},"end":{"line":4,"column":71}}],"line":4}},"s":{"0":1,"1":1,"2":1,"3":0,"4":1,"5":15,"6":15,"7":1},"f":{"0":0,"1":15,"2":15},"b":{"0":[0,15],"1":[0,0]},"inputSourceMap":null,"_coverageSchema":"1a1c01bbd47fc00a2c39e90264f33305004495a9","hash":"eb28506cb17f89e427cac17a40f4a3c37028fab4"}
,"/Users/priyankagandhi/ir/uicomponents-react-native/src/utils/StyleSheet.js": {"path":"/Users/priyankagandhi/ir/uicomponents-react-native/src/utils/StyleSheet.js","statementMap":{"0":{"start":{"line":1,"column":13},"end":{"line":1,"column":75}},"1":{"start":{"line":1,"column":75},"end":{"line":1,"column":151}},"2":{"start":{"line":1,"column":163},"end":{"line":16,"column":38}},"3":{"start":{"line":16,"column":39},"end":{"line":16,"column":61}},"4":{"start":{"line":19,"column":15},"end":{"line":32,"column":12}},"5":{"start":{"line":32,"column":13},"end":{"line":32,"column":41}},"6":{"start":{"line":34,"column":13},"end":{"line":160,"column":28}},"7":{"start":{"line":160,"column":29},"end":{"line":160,"column":53}},"8":{"start":{"line":164,"column":13},"end":{"line":411,"column":49}},"9":{"start":{"line":411,"column":50},"end":{"line":411,"column":74}}},"fnMap":{},"branchMap":{},"s":{"0":2,"1":2,"2":2,"3":2,"4":2,"5":2,"6":2,"7":2,"8":2,"9":2},"f":{},"b":{},"inputSourceMap":null,"_coverageSchema":"1a1c01bbd47fc00a2c39e90264f33305004495a9","hash":"e5eea3de4c498870420d0349cd149fee779d5c36"}
,"/Users/priyankagandhi/ir/uicomponents-react-native/src/utils/index.js": {"path":"/Users/priyankagandhi/ir/uicomponents-react-native/src/utils/index.js","statementMap":{"0":{"start":{"line":1,"column":13},"end":{"line":1,"column":75}},"1":{"start":{"line":1,"column":75},"end":{"line":1,"column":117}},"2":{"start":{"line":1,"column":117},"end":{"line":1,"column":161}},"3":{"start":{"line":1,"column":180},"end":{"line":1,"column":203}},"4":{"start":{"line":3,"column":33},"end":{"line":3,"column":120}},"5":{"start":{"line":3,"column":75},"end":{"line":3,"column":119}},"6":{"start":{"line":3,"column":121},"end":{"line":3,"column":185}},"7":{"start":{"line":6,"column":2},"end":{"line":8,"column":23}}},"fnMap":{"0":{"name":"replaceSpaceWithUnderscore","decl":{"start":{"line":3,"column":42},"end":{"line":3,"column":68}},"loc":{"start":{"line":3,"column":74},"end":{"line":3,"column":120}},"line":3},"1":{"name":"accessibilityId","decl":{"start":{"line":5,"column":9},"end":{"line":5,"column":24}},"loc":{"start":{"line":5,"column":53},"end":{"line":10,"column":1}},"line":5}},"branchMap":{},"s":{"0":1,"1":1,"2":1,"3":1,"4":1,"5":30,"6":1,"7":15},"f":{"0":30,"1":15},"b":{},"inputSourceMap":null,"_coverageSchema":"1a1c01bbd47fc00a2c39e90264f33305004495a9","hash":"82a077a545abb2b58ae91ea00433cdc56a14819b"}
}
