{"/Users/priyankagandhi/ir/uicomponents-react-native/src/Button/ButtonStyles.js": {"path":"/Users/priyankagandhi/ir/uicomponents-react-native/src/Button/ButtonStyles.js","statementMap":{"0":{"start":{"line":1,"column":13},"end":{"line":1,"column":75}},"1":{"start":{"line":1,"column":75},"end":{"line":1,"column":105}},"2":{"start":{"line":1,"column":124},"end":{"line":1,"column":147}},"3":{"start":{"line":2,"column":17},"end":{"line":2,"column":46}},"4":{"start":{"line":3,"column":18},"end":{"line":3,"column":48}},"5":{"start":{"line":4,"column":13},"end":{"line":4,"column":38}},"6":{"start":{"line":6,"column":19},"end":{"line":109,"column":27}},"7":{"start":{"line":109,"column":28},"end":{"line":109,"column":64}}},"fnMap":{},"branchMap":{},"s":{"0":1,"1":1,"2":1,"3":1,"4":1,"5":1,"6":1,"7":1},"f":{},"b":{},"inputSourceMap":null,"_coverageSchema":"1a1c01bbd47fc00a2c39e90264f33305004495a9","hash":"cef1c1f4ca0392b5079bbd1ef52d45fa1868c35c"}
,"/Users/priyankagandhi/ir/uicomponents-react-native/src/Button/index.js": {"path":"/Users/priyankagandhi/ir/uicomponents-react-native/src/Button/index.js","statementMap":{"0":{"start":{"line":1,"column":13},"end":{"line":1,"column":75}},"1":{"start":{"line":1,"column":75},"end":{"line":1,"column":100}},"2":{"start":{"line":1,"column":113},"end":{"line":1,"column":154}},"3":{"start":{"line":2,"column":19},"end":{"line":2,"column":42}},"4":{"start":{"line":3,"column":17},"end":{"line":3,"column":46}},"5":{"start":{"line":5,"column":16},"end":{"line":5,"column":68}},"6":{"start":{"line":6,"column":20},"end":{"line":6,"column":45}},"7":{"start":{"line":7,"column":17},"end":{"line":7,"column":62}},"8":{"start":{"line":8,"column":33},"end":{"line":8,"column":96}},"9":{"start":{"line":9,"column":13},"end":{"line":9,"column":38}},"10":{"start":{"line":9,"column":58},"end":{"line":9,"column":130}},"11":{"start":{"line":9,"column":169},"end":{"line":9,"column":223}},"12":{"start":{"line":9,"column":261},"end":{"line":9,"column":308}},"13":{"start":{"line":9,"column":296},"end":{"line":9,"column":308}},"14":{"start":{"line":9,"column":320},"end":{"line":9,"column":333}},"15":{"start":{"line":9,"column":334},"end":{"line":9,"column":413}},"16":{"start":{"line":9,"column":398},"end":{"line":9,"column":411}},"17":{"start":{"line":9,"column":413},"end":{"line":9,"column":426}},"18":{"start":{"line":9,"column":466},"end":{"line":9,"column":506}},"19":{"start":{"line":9,"column":494},"end":{"line":9,"column":505}},"20":{"start":{"line":9,"column":506},"end":{"line":9,"column":606}},"21":{"start":{"line":9,"column":581},"end":{"line":9,"column":605}},"22":{"start":{"line":9,"column":618},"end":{"line":9,"column":644}},"23":{"start":{"line":9,"column":645},"end":{"line":9,"column":698}},"24":{"start":{"line":9,"column":675},"end":{"line":9,"column":697}},"25":{"start":{"line":9,"column":711},"end":{"line":9,"column":713}},"26":{"start":{"line":9,"column":742},"end":{"line":9,"column":798}},"27":{"start":{"line":9,"column":799},"end":{"line":9,"column":1070}},"28":{"start":{"line":9,"column":821},"end":{"line":9,"column":1069}},"29":{"start":{"line":9,"column":885},"end":{"line":9,"column":957}},"30":{"start":{"line":9,"column":958},"end":{"line":9,"column":1068}},"31":{"start":{"line":9,"column":995},"end":{"line":9,"column":1036}},"32":{"start":{"line":9,"column":1044},"end":{"line":9,"column":1067}},"33":{"start":{"line":9,"column":1070},"end":{"line":9,"column":1091}},"34":{"start":{"line":9,"column":1091},"end":{"line":9,"column":1127}},"35":{"start":{"line":9,"column":1103},"end":{"line":9,"column":1126}},"36":{"start":{"line":9,"column":1127},"end":{"line":9,"column":1141}},"37":{"start":{"line":9,"column":1163},"end":{"line":9,"column":1406}},"38":{"start":{"line":9,"column":1210},"end":{"line":9,"column":1390}},"39":{"start":{"line":9,"column":1223},"end":{"line":9,"column":1224}},"40":{"start":{"line":9,"column":1267},"end":{"line":9,"column":1279}},"41":{"start":{"line":9,"column":1280},"end":{"line":9,"column":1389}},"42":{"start":{"line":9,"column":1305},"end":{"line":9,"column":1388}},"43":{"start":{"line":9,"column":1361},"end":{"line":9,"column":1387}},"44":{"start":{"line":9,"column":1390},"end":{"line":9,"column":1404}},"45":{"start":{"line":9,"column":1406},"end":{"line":9,"column":1445}},"46":{"start":{"line":9,"column":1499},"end":{"line":9,"column":1518}},"47":{"start":{"line":9,"column":1519},"end":{"line":9,"column":1764}},"48":{"start":{"line":9,"column":1568},"end":{"line":9,"column":1604}},"49":{"start":{"line":9,"column":1605},"end":{"line":9,"column":1732}},"50":{"start":{"line":9,"column":1625},"end":{"line":9,"column":1732}},"51":{"start":{"line":9,"column":1666},"end":{"line":9,"column":1729}},"52":{"start":{"line":9,"column":1732},"end":{"line":9,"column":1763}},"53":{"start":{"line":9,"column":1764},"end":{"line":9,"column":1776}},"54":{"start":{"line":9,"column":1809},"end":{"line":9,"column":2280}},"55":{"start":{"line":9,"column":1822},"end":{"line":9,"column":1823}},"56":{"start":{"line":9,"column":1866},"end":{"line":9,"column":1906}},"57":{"start":{"line":9,"column":1907},"end":{"line":9,"column":2279}},"58":{"start":{"line":9,"column":1919},"end":{"line":9,"column":2018}},"59":{"start":{"line":9,"column":1973},"end":{"line":9,"column":2015}},"60":{"start":{"line":9,"column":2025},"end":{"line":9,"column":2279}},"61":{"start":{"line":9,"column":2064},"end":{"line":9,"column":2138}},"62":{"start":{"line":9,"column":2146},"end":{"line":9,"column":2278}},"63":{"start":{"line":9,"column":2194},"end":{"line":9,"column":2275}},"64":{"start":{"line":9,"column":2280},"end":{"line":9,"column":2294}},"65":{"start":{"line":9,"column":2338},"end":{"line":9,"column":2485}},"66":{"start":{"line":9,"column":2355},"end":{"line":9,"column":2459}},"67":{"start":{"line":9,"column":2467},"end":{"line":9,"column":2484}},"68":{"start":{"line":9,"column":2485},"end":{"line":9,"column":2496}},"69":{"start":{"line":9,"column":2530},"end":{"line":9,"column":2652}},"70":{"start":{"line":9,"column":2682},"end":{"line":9,"column":2843}},"71":{"start":{"line":9,"column":2893},"end":{"line":9,"column":2908}},"72":{"start":{"line":9,"column":2901},"end":{"line":9,"column":2908}},"73":{"start":{"line":9,"column":2908},"end":{"line":9,"column":2971}},"74":{"start":{"line":9,"column":2935},"end":{"line":9,"column":2971}},"75":{"start":{"line":9,"column":2979},"end":{"line":9,"column":3025}},"76":{"start":{"line":9,"column":3026},"end":{"line":9,"column":3086}},"77":{"start":{"line":9,"column":3063},"end":{"line":9,"column":3086}},"78":{"start":{"line":9,"column":3086},"end":{"line":9,"column":3139}},"79":{"start":{"line":9,"column":3118},"end":{"line":9,"column":3139}},"80":{"start":{"line":9,"column":3139},"end":{"line":9,"column":3252}},"81":{"start":{"line":9,"column":3216},"end":{"line":9,"column":3252}},"82":{"start":{"line":9,"column":3291},"end":{"line":9,"column":3345}},"83":{"start":{"line":9,"column":3328},"end":{"line":9,"column":3345}},"84":{"start":{"line":9,"column":3345},"end":{"line":9,"column":3417}},"85":{"start":{"line":9,"column":3358},"end":{"line":9,"column":3359}},"86":{"start":{"line":9,"column":3368},"end":{"line":9,"column":3382}},"87":{"start":{"line":9,"column":3399},"end":{"line":9,"column":3416}},"88":{"start":{"line":9,"column":3417},"end":{"line":9,"column":3429}},"89":{"start":{"line":9,"column":3470},"end":{"line":9,"column":3597}},"90":{"start":{"line":9,"column":3590},"end":{"line":9,"column":3597}},"91":{"start":{"line":9,"column":3608},"end":{"line":9,"column":3610}},"92":{"start":{"line":9,"column":3620},"end":{"line":9,"column":3624}},"93":{"start":{"line":9,"column":3634},"end":{"line":9,"column":3639}},"94":{"start":{"line":9,"column":3649},"end":{"line":9,"column":3658}},"95":{"start":{"line":9,"column":3659},"end":{"line":9,"column":3978}},"96":{"start":{"line":9,"column":3664},"end":{"line":9,"column":3850}},"97":{"start":{"line":9,"column":3678},"end":{"line":9,"column":3746}},"98":{"start":{"line":9,"column":3795},"end":{"line":9,"column":3815}},"99":{"start":{"line":9,"column":3815},"end":{"line":9,"column":3849}},"100":{"start":{"line":9,"column":3843},"end":{"line":9,"column":3849}},"101":{"start":{"line":9,"column":3865},"end":{"line":9,"column":3875}},"102":{"start":{"line":9,"column":3875},"end":{"line":9,"column":3884}},"103":{"start":{"line":9,"column":3895},"end":{"line":9,"column":3977}},"104":{"start":{"line":9,"column":3900},"end":{"line":9,"column":3948}},"105":{"start":{"line":9,"column":3933},"end":{"line":9,"column":3948}},"106":{"start":{"line":9,"column":3959},"end":{"line":9,"column":3976}},"107":{"start":{"line":9,"column":3967},"end":{"line":9,"column":3976}},"108":{"start":{"line":9,"column":3978},"end":{"line":9,"column":3990}},"109":{"start":{"line":9,"column":4022},"end":{"line":9,"column":4057}},"110":{"start":{"line":9,"column":4046},"end":{"line":9,"column":4057}},"111":{"start":{"line":11,"column":15},"end":{"line":264,"column":1}},"112":{"start":{"line":24,"column":2},"end":{"line":24,"column":15}},"113":{"start":{"line":24,"column":29},"end":{"line":24,"column":45}},"114":{"start":{"line":24,"column":54},"end":{"line":24,"column":65}},"115":{"start":{"line":24,"column":80},"end":{"line":24,"column":97}},"116":{"start":{"line":24,"column":109},"end":{"line":24,"column":123}},"117":{"start":{"line":24,"column":140},"end":{"line":24,"column":159}},"118":{"start":{"line":24,"column":181},"end":{"line":24,"column":205}},"119":{"start":{"line":24,"column":218},"end":{"line":24,"column":233}},"120":{"start":{"line":24,"column":252},"end":{"line":24,"column":273}},"121":{"start":{"line":24,"column":287},"end":{"line":24,"column":303}},"122":{"start":{"line":24,"column":316},"end":{"line":24,"column":331}},"123":{"start":{"line":24,"column":347},"end":{"line":24,"column":365}},"124":{"start":{"line":24,"column":379},"end":{"line":24,"column":395}},"125":{"start":{"line":25,"column":2},"end":{"line":25,"column":29}},"126":{"start":{"line":25,"column":43},"end":{"line":25,"column":71}},"127":{"start":{"line":25,"column":90},"end":{"line":25,"column":103}},"128":{"start":{"line":25,"column":125},"end":{"line":25,"column":138}},"129":{"start":{"line":27,"column":20},"end":{"line":27,"column":44}},"130":{"start":{"line":28,"column":19},"end":{"line":28,"column":42}},"131":{"start":{"line":29,"column":19},"end":{"line":29,"column":36}},"132":{"start":{"line":30,"column":29},"end":{"line":30,"column":56}},"133":{"start":{"line":34,"column":18},"end":{"line":43,"column":40}},"134":{"start":{"line":47,"column":19},"end":{"line":47,"column":66}},"135":{"start":{"line":49,"column":2},"end":{"line":67,"column":13}},"136":{"start":{"line":51,"column":6},"end":{"line":51,"column":61}},"137":{"start":{"line":52,"column":6},"end":{"line":52,"column":12}},"138":{"start":{"line":54,"column":6},"end":{"line":54,"column":63}},"139":{"start":{"line":55,"column":6},"end":{"line":55,"column":12}},"140":{"start":{"line":57,"column":6},"end":{"line":57,"column":62}},"141":{"start":{"line":58,"column":6},"end":{"line":58,"column":12}},"142":{"start":{"line":60,"column":6},"end":{"line":60,"column":62}},"143":{"start":{"line":61,"column":6},"end":{"line":61,"column":12}},"144":{"start":{"line":63,"column":6},"end":{"line":63,"column":65}},"145":{"start":{"line":64,"column":6},"end":{"line":64,"column":12}},"146":{"start":{"line":66,"column":6},"end":{"line":66,"column":65}},"147":{"start":{"line":67,"column":6},"end":{"line":67,"column":12}},"148":{"start":{"line":70,"column":2},"end":{"line":82,"column":13}},"149":{"start":{"line":72,"column":6},"end":{"line":72,"column":60}},"150":{"start":{"line":73,"column":6},"end":{"line":73,"column":12}},"151":{"start":{"line":75,"column":6},"end":{"line":75,"column":59}},"152":{"start":{"line":76,"column":6},"end":{"line":76,"column":12}},"153":{"start":{"line":78,"column":6},"end":{"line":78,"column":65}},"154":{"start":{"line":79,"column":6},"end":{"line":79,"column":12}},"155":{"start":{"line":81,"column":6},"end":{"line":81,"column":66}},"156":{"start":{"line":82,"column":6},"end":{"line":82,"column":12}},"157":{"start":{"line":85,"column":18},"end":{"line":85,"column":71}},"158":{"start":{"line":86,"column":18},"end":{"line":86,"column":55}},"159":{"start":{"line":87,"column":25},"end":{"line":87,"column":101}},"160":{"start":{"line":89,"column":2},"end":{"line":97,"column":3}},"161":{"start":{"line":90,"column":4},"end":{"line":90,"column":77}},"162":{"start":{"line":91,"column":4},"end":{"line":91,"column":69}},"163":{"start":{"line":92,"column":4},"end":{"line":95,"column":46}},"164":{"start":{"line":99,"column":2},"end":{"line":108,"column":3}},"165":{"start":{"line":100,"column":4},"end":{"line":106,"column":70}},"166":{"start":{"line":110,"column":2},"end":{"line":115,"column":3}},"167":{"start":{"line":111,"column":4},"end":{"line":113,"column":113}},"168":{"start":{"line":117,"column":2},"end":{"line":119,"column":36}},"169":{"start":{"line":122,"column":18},"end":{"line":122,"column":46}},"170":{"start":{"line":122,"column":61},"end":{"line":122,"column":89}},"171":{"start":{"line":122,"column":102},"end":{"line":122,"column":128}},"172":{"start":{"line":123,"column":4},"end":{"line":173,"column":25}},"173":{"start":{"line":132,"column":41},"end":{"line":132,"column":63}},"174":{"start":{"line":133,"column":43},"end":{"line":133,"column":66}},"175":{"start":{"line":189,"column":4},"end":{"line":189,"column":32}},"176":{"start":{"line":189,"column":47},"end":{"line":189,"column":75}},"177":{"start":{"line":189,"column":88},"end":{"line":189,"column":114}},"178":{"start":{"line":189,"column":139},"end":{"line":189,"column":177}},"179":{"start":{"line":189,"column":198},"end":{"line":189,"column":232}},"180":{"start":{"line":189,"column":249},"end":{"line":189,"column":279}},"181":{"start":{"line":189,"column":297},"end":{"line":189,"column":328}},"182":{"start":{"line":190,"column":4},"end":{"line":233,"column":24}},"183":{"start":{"line":204,"column":41},"end":{"line":204,"column":63}},"184":{"start":{"line":205,"column":43},"end":{"line":205,"column":66}},"185":{"start":{"line":240,"column":4},"end":{"line":243,"column":75}},"186":{"start":{"line":248,"column":4},"end":{"line":250,"column":5}},"187":{"start":{"line":249,"column":6},"end":{"line":249,"column":31}},"188":{"start":{"line":251,"column":4},"end":{"line":253,"column":5}},"189":{"start":{"line":252,"column":6},"end":{"line":252,"column":18}},"190":{"start":{"line":257,"column":4},"end":{"line":259,"column":5}},"191":{"start":{"line":258,"column":6},"end":{"line":258,"column":32}},"192":{"start":{"line":260,"column":4},"end":{"line":262,"column":5}},"193":{"start":{"line":261,"column":6},"end":{"line":261,"column":19}},"194":{"start":{"line":267,"column":20},"end":{"line":267,"column":65}},"195":{"start":{"line":268,"column":2},"end":{"line":268,"column":37}},"196":{"start":{"line":272,"column":20},"end":{"line":272,"column":65}},"197":{"start":{"line":273,"column":18},"end":{"line":273,"column":39}},"198":{"start":{"line":274,"column":2},"end":{"line":276,"column":3}},"199":{"start":{"line":275,"column":4},"end":{"line":275,"column":44}},"200":{"start":{"line":277,"column":2},"end":{"line":277,"column":19}},"201":{"start":{"line":281,"column":20},"end":{"line":281,"column":65}},"202":{"start":{"line":282,"column":18},"end":{"line":282,"column":39}},"203":{"start":{"line":283,"column":2},"end":{"line":283,"column":19}},"204":{"start":{"line":287,"column":2},"end":{"line":297,"column":3}},"205":{"start":{"line":288,"column":4},"end":{"line":288,"column":105}},"206":{"start":{"line":289,"column":9},"end":{"line":297,"column":3}},"207":{"start":{"line":290,"column":4},"end":{"line":290,"column":116}},"208":{"start":{"line":291,"column":9},"end":{"line":297,"column":3}},"209":{"start":{"line":292,"column":4},"end":{"line":292,"column":51}},"210":{"start":{"line":293,"column":9},"end":{"line":297,"column":3}},"211":{"start":{"line":294,"column":4},"end":{"line":294,"column":51}},"212":{"start":{"line":295,"column":9},"end":{"line":297,"column":3}},"213":{"start":{"line":296,"column":4},"end":{"line":296,"column":47}},"214":{"start":{"line":298,"column":2},"end":{"line":298,"column":48}},"215":{"start":{"line":302,"column":20},"end":{"line":302,"column":65}},"216":{"start":{"line":303,"column":2},"end":{"line":303,"column":33}},"217":{"start":{"line":307,"column":14},"end":{"line":307,"column":16}},"218":{"start":{"line":308,"column":2},"end":{"line":308,"column":70}},"219":{"start":{"line":309,"column":2},"end":{"line":309,"column":15}},"220":{"start":{"line":312,"column":0},"end":{"line":313,"column":36}},"221":{"start":{"line":316,"column":0},"end":{"line":316,"column":8}},"222":{"start":{"line":316,"column":9},"end":{"line":316,"column":36}}},"fnMap":{"0":{"name":"_interopRequireDefault","decl":{"start":{"line":9,"column":140},"end":{"line":9,"column":162}},"loc":{"start":{"line":9,"column":168},"end":{"line":9,"column":224}},"line":9},"1":{"name":"_getRequireWildcardCache","decl":{"start":{"line":9,"column":233},"end":{"line":9,"column":257}},"loc":{"start":{"line":9,"column":260},"end":{"line":9,"column":427}},"line":9},"2":{"name":"_getRequireWildcardCache","decl":{"start":{"line":9,"column":370},"end":{"line":9,"column":394}},"loc":{"start":{"line":9,"column":397},"end":{"line":9,"column":412}},"line":9},"3":{"name":"_interopRequireWildcard","decl":{"start":{"line":9,"column":436},"end":{"line":9,"column":459}},"loc":{"start":{"line":9,"column":465},"end":{"line":9,"column":1142}},"line":9},"4":{"name":"_extends","decl":{"start":{"line":9,"column":1151},"end":{"line":9,"column":1159}},"loc":{"start":{"line":9,"column":1162},"end":{"line":9,"column":1446}},"line":9},"5":{"name":"(anonymous_5)","decl":{"start":{"line":9,"column":1191},"end":{"line":9,"column":1192}},"loc":{"start":{"line":9,"column":1209},"end":{"line":9,"column":1405}},"line":9},"6":{"name":"ownKeys","decl":{"start":{"line":9,"column":1455},"end":{"line":9,"column":1462}},"loc":{"start":{"line":9,"column":1487},"end":{"line":9,"column":1777}},"line":9},"7":{"name":"(anonymous_7)","decl":{"start":{"line":9,"column":1650},"end":{"line":9,"column":1651}},"loc":{"start":{"line":9,"column":1665},"end":{"line":9,"column":1730}},"line":9},"8":{"name":"_objectSpread","decl":{"start":{"line":9,"column":1786},"end":{"line":9,"column":1799}},"loc":{"start":{"line":9,"column":1808},"end":{"line":9,"column":2295}},"line":9},"9":{"name":"(anonymous_9)","decl":{"start":{"line":9,"column":1957},"end":{"line":9,"column":1958}},"loc":{"start":{"line":9,"column":1972},"end":{"line":9,"column":2016}},"line":9},"10":{"name":"(anonymous_10)","decl":{"start":{"line":9,"column":2178},"end":{"line":9,"column":2179}},"loc":{"start":{"line":9,"column":2193},"end":{"line":9,"column":2276}},"line":9},"11":{"name":"_defineProperty","decl":{"start":{"line":9,"column":2304},"end":{"line":9,"column":2319}},"loc":{"start":{"line":9,"column":2337},"end":{"line":9,"column":2497}},"line":9},"12":{"name":"_slicedToArray","decl":{"start":{"line":9,"column":2506},"end":{"line":9,"column":2520}},"loc":{"start":{"line":9,"column":2529},"end":{"line":9,"column":2653}},"line":9},"13":{"name":"_nonIterableRest","decl":{"start":{"line":9,"column":2662},"end":{"line":9,"column":2678}},"loc":{"start":{"line":9,"column":2681},"end":{"line":9,"column":2844}},"line":9},"14":{"name":"_unsupportedIterableToArray","decl":{"start":{"line":9,"column":2853},"end":{"line":9,"column":2880}},"loc":{"start":{"line":9,"column":2892},"end":{"line":9,"column":3253}},"line":9},"15":{"name":"_arrayLikeToArray","decl":{"start":{"line":9,"column":3262},"end":{"line":9,"column":3279}},"loc":{"start":{"line":9,"column":3290},"end":{"line":9,"column":3430}},"line":9},"16":{"name":"_iterableToArrayLimit","decl":{"start":{"line":9,"column":3439},"end":{"line":9,"column":3460}},"loc":{"start":{"line":9,"column":3469},"end":{"line":9,"column":3991}},"line":9},"17":{"name":"_arrayWithHoles","decl":{"start":{"line":9,"column":4000},"end":{"line":9,"column":4015}},"loc":{"start":{"line":9,"column":4021},"end":{"line":9,"column":4058}},"line":9},"18":{"name":"UIButton","decl":{"start":{"line":11,"column":24},"end":{"line":11,"column":32}},"loc":{"start":{"line":11,"column":40},"end":{"line":264,"column":1}},"line":11},"19":{"name":"getGradientButton","decl":{"start":{"line":121,"column":11},"end":{"line":121,"column":28}},"loc":{"start":{"line":121,"column":47},"end":{"line":178,"column":3}},"line":121},"20":{"name":"onPressIn","decl":{"start":{"line":132,"column":28},"end":{"line":132,"column":37}},"loc":{"start":{"line":132,"column":40},"end":{"line":132,"column":64}},"line":132},"21":{"name":"onPressOut","decl":{"start":{"line":133,"column":29},"end":{"line":133,"column":39}},"loc":{"start":{"line":133,"column":42},"end":{"line":133,"column":67}},"line":133},"22":{"name":"getNormalButton","decl":{"start":{"line":180,"column":11},"end":{"line":180,"column":26}},"loc":{"start":{"line":180,"column":45},"end":{"line":237,"column":3}},"line":180},"23":{"name":"onPressIn","decl":{"start":{"line":204,"column":28},"end":{"line":204,"column":37}},"loc":{"start":{"line":204,"column":40},"end":{"line":204,"column":64}},"line":204},"24":{"name":"onPressOut","decl":{"start":{"line":205,"column":29},"end":{"line":205,"column":39}},"loc":{"start":{"line":205,"column":42},"end":{"line":205,"column":67}},"line":205},"25":{"name":"passStyles","decl":{"start":{"line":239,"column":11},"end":{"line":239,"column":21}},"loc":{"start":{"line":239,"column":24},"end":{"line":245,"column":3}},"line":239},"26":{"name":"btnPressedIn","decl":{"start":{"line":247,"column":11},"end":{"line":247,"column":23}},"loc":{"start":{"line":247,"column":26},"end":{"line":254,"column":3}},"line":247},"27":{"name":"btnPressedOut","decl":{"start":{"line":256,"column":11},"end":{"line":256,"column":24}},"loc":{"start":{"line":256,"column":27},"end":{"line":263,"column":3}},"line":256},"28":{"name":"getButtonBackgroundColor","decl":{"start":{"line":266,"column":9},"end":{"line":266,"column":33}},"loc":{"start":{"line":266,"column":58},"end":{"line":269,"column":1}},"line":266},"29":{"name":"getTextColor","decl":{"start":{"line":271,"column":9},"end":{"line":271,"column":21}},"loc":{"start":{"line":271,"column":63},"end":{"line":278,"column":1}},"line":271},"30":{"name":"getImageColor","decl":{"start":{"line":280,"column":9},"end":{"line":280,"column":22}},"loc":{"start":{"line":280,"column":47},"end":{"line":284,"column":1}},"line":280},"31":{"name":"getThemeForButtonType","decl":{"start":{"line":286,"column":9},"end":{"line":286,"column":30}},"loc":{"start":{"line":286,"column":55},"end":{"line":299,"column":1}},"line":286},"32":{"name":"getButtonBorderColor","decl":{"start":{"line":301,"column":9},"end":{"line":301,"column":29}},"loc":{"start":{"line":301,"column":54},"end":{"line":304,"column":1}},"line":301},"33":{"name":"getButtonAccessibilityLabel","decl":{"start":{"line":306,"column":9},"end":{"line":306,"column":36}},"loc":{"start":{"line":306,"column":46},"end":{"line":310,"column":1}},"line":306}},"branchMap":{"0":{"loc":{"start":{"line":9,"column":176},"end":{"line":9,"column":222}},"type":"cond-expr","locations":[{"start":{"line":9,"column":200},"end":{"line":9,"column":203}},{"start":{"line":9,"column":206},"end":{"line":9,"column":222}}],"line":9},"1":{"loc":{"start":{"line":9,"column":176},"end":{"line":9,"column":197}},"type":"binary-expr","locations":[{"start":{"line":9,"column":176},"end":{"line":9,"column":179}},{"start":{"line":9,"column":183},"end":{"line":9,"column":197}}],"line":9},"2":{"loc":{"start":{"line":9,"column":261},"end":{"line":9,"column":308}},"type":"if","locations":[{"start":{"line":9,"column":261},"end":{"line":9,"column":308}},{"start":{"line":9,"column":261},"end":{"line":9,"column":308}}],"line":9},"3":{"loc":{"start":{"line":9,"column":466},"end":{"line":9,"column":506}},"type":"if","locations":[{"start":{"line":9,"column":466},"end":{"line":9,"column":506}},{"start":{"line":9,"column":466},"end":{"line":9,"column":506}}],"line":9},"4":{"loc":{"start":{"line":9,"column":470},"end":{"line":9,"column":491}},"type":"binary-expr","locations":[{"start":{"line":9,"column":470},"end":{"line":9,"column":473}},{"start":{"line":9,"column":477},"end":{"line":9,"column":491}}],"line":9},"5":{"loc":{"start":{"line":9,"column":506},"end":{"line":9,"column":606}},"type":"if","locations":[{"start":{"line":9,"column":506},"end":{"line":9,"column":606}},{"start":{"line":9,"column":506},"end":{"line":9,"column":606}}],"line":9},"6":{"loc":{"start":{"line":9,"column":510},"end":{"line":9,"column":578}},"type":"binary-expr","locations":[{"start":{"line":9,"column":510},"end":{"line":9,"column":522}},{"start":{"line":9,"column":526},"end":{"line":9,"column":549}},{"start":{"line":9,"column":553},"end":{"line":9,"column":578}}],"line":9},"7":{"loc":{"start":{"line":9,"column":645},"end":{"line":9,"column":698}},"type":"if","locations":[{"start":{"line":9,"column":645},"end":{"line":9,"column":698}},{"start":{"line":9,"column":645},"end":{"line":9,"column":698}}],"line":9},"8":{"loc":{"start":{"line":9,"column":649},"end":{"line":9,"column":672}},"type":"binary-expr","locations":[{"start":{"line":9,"column":649},"end":{"line":9,"column":654}},{"start":{"line":9,"column":658},"end":{"line":9,"column":672}}],"line":9},"9":{"loc":{"start":{"line":9,"column":742},"end":{"line":9,"column":798}},"type":"binary-expr","locations":[{"start":{"line":9,"column":742},"end":{"line":9,"column":763}},{"start":{"line":9,"column":767},"end":{"line":9,"column":798}}],"line":9},"10":{"loc":{"start":{"line":9,"column":821},"end":{"line":9,"column":1069}},"type":"if","locations":[{"start":{"line":9,"column":821},"end":{"line":9,"column":1069}},{"start":{"line":9,"column":821},"end":{"line":9,"column":1069}}],"line":9},"11":{"loc":{"start":{"line":9,"column":885},"end":{"line":9,"column":957}},"type":"cond-expr","locations":[{"start":{"line":9,"column":909},"end":{"line":9,"column":950}},{"start":{"line":9,"column":953},"end":{"line":9,"column":957}}],"line":9},"12":{"loc":{"start":{"line":9,"column":958},"end":{"line":9,"column":1068}},"type":"if","locations":[{"start":{"line":9,"column":958},"end":{"line":9,"column":1068}},{"start":{"line":9,"column":958},"end":{"line":9,"column":1068}}],"line":9},"13":{"loc":{"start":{"line":9,"column":962},"end":{"line":9,"column":992}},"type":"binary-expr","locations":[{"start":{"line":9,"column":962},"end":{"line":9,"column":966}},{"start":{"line":9,"column":971},"end":{"line":9,"column":979}},{"start":{"line":9,"column":983},"end":{"line":9,"column":991}}],"line":9},"14":{"loc":{"start":{"line":9,"column":1091},"end":{"line":9,"column":1127}},"type":"if","locations":[{"start":{"line":9,"column":1091},"end":{"line":9,"column":1127}},{"start":{"line":9,"column":1091},"end":{"line":9,"column":1127}}],"line":9},"15":{"loc":{"start":{"line":9,"column":1174},"end":{"line":9,"column":1405}},"type":"binary-expr","locations":[{"start":{"line":9,"column":1174},"end":{"line":9,"column":1187}},{"start":{"line":9,"column":1191},"end":{"line":9,"column":1405}}],"line":9},"16":{"loc":{"start":{"line":9,"column":1305},"end":{"line":9,"column":1388}},"type":"if","locations":[{"start":{"line":9,"column":1305},"end":{"line":9,"column":1388}},{"start":{"line":9,"column":1305},"end":{"line":9,"column":1388}}],"line":9},"17":{"loc":{"start":{"line":9,"column":1519},"end":{"line":9,"column":1764}},"type":"if","locations":[{"start":{"line":9,"column":1519},"end":{"line":9,"column":1764}},{"start":{"line":9,"column":1519},"end":{"line":9,"column":1764}}],"line":9},"18":{"loc":{"start":{"line":9,"column":1605},"end":{"line":9,"column":1732}},"type":"if","locations":[{"start":{"line":9,"column":1605},"end":{"line":9,"column":1732}},{"start":{"line":9,"column":1605},"end":{"line":9,"column":1732}}],"line":9},"19":{"loc":{"start":{"line":9,"column":1866},"end":{"line":9,"column":1906}},"type":"cond-expr","locations":[{"start":{"line":9,"column":1889},"end":{"line":9,"column":1901}},{"start":{"line":9,"column":1904},"end":{"line":9,"column":1906}}],"line":9},"20":{"loc":{"start":{"line":9,"column":1907},"end":{"line":9,"column":2279}},"type":"if","locations":[{"start":{"line":9,"column":1907},"end":{"line":9,"column":2279}},{"start":{"line":9,"column":1907},"end":{"line":9,"column":2279}}],"line":9},"21":{"loc":{"start":{"line":9,"column":2025},"end":{"line":9,"column":2279}},"type":"if","locations":[{"start":{"line":9,"column":2025},"end":{"line":9,"column":2279}},{"start":{"line":9,"column":2025},"end":{"line":9,"column":2279}}],"line":9},"22":{"loc":{"start":{"line":9,"column":2338},"end":{"line":9,"column":2485}},"type":"if","locations":[{"start":{"line":9,"column":2338},"end":{"line":9,"column":2485}},{"start":{"line":9,"column":2338},"end":{"line":9,"column":2485}}],"line":9},"23":{"loc":{"start":{"line":9,"column":2537},"end":{"line":9,"column":2651}},"type":"binary-expr","locations":[{"start":{"line":9,"column":2537},"end":{"line":9,"column":2557}},{"start":{"line":9,"column":2561},"end":{"line":9,"column":2590}},{"start":{"line":9,"column":2594},"end":{"line":9,"column":2629}},{"start":{"line":9,"column":2633},"end":{"line":9,"column":2651}}],"line":9},"24":{"loc":{"start":{"line":9,"column":2893},"end":{"line":9,"column":2908}},"type":"if","locations":[{"start":{"line":9,"column":2893},"end":{"line":9,"column":2908}},{"start":{"line":9,"column":2893},"end":{"line":9,"column":2908}}],"line":9},"25":{"loc":{"start":{"line":9,"column":2908},"end":{"line":9,"column":2971}},"type":"if","locations":[{"start":{"line":9,"column":2908},"end":{"line":9,"column":2971}},{"start":{"line":9,"column":2908},"end":{"line":9,"column":2971}}],"line":9},"26":{"loc":{"start":{"line":9,"column":3026},"end":{"line":9,"column":3086}},"type":"if","locations":[{"start":{"line":9,"column":3026},"end":{"line":9,"column":3086}},{"start":{"line":9,"column":3026},"end":{"line":9,"column":3086}}],"line":9},"27":{"loc":{"start":{"line":9,"column":3030},"end":{"line":9,"column":3061}},"type":"binary-expr","locations":[{"start":{"line":9,"column":3030},"end":{"line":9,"column":3044}},{"start":{"line":9,"column":3048},"end":{"line":9,"column":3061}}],"line":9},"28":{"loc":{"start":{"line":9,"column":3086},"end":{"line":9,"column":3139}},"type":"if","locations":[{"start":{"line":9,"column":3086},"end":{"line":9,"column":3139}},{"start":{"line":9,"column":3086},"end":{"line":9,"column":3139}}],"line":9},"29":{"loc":{"start":{"line":9,"column":3090},"end":{"line":9,"column":3116}},"type":"binary-expr","locations":[{"start":{"line":9,"column":3090},"end":{"line":9,"column":3101}},{"start":{"line":9,"column":3105},"end":{"line":9,"column":3116}}],"line":9},"30":{"loc":{"start":{"line":9,"column":3139},"end":{"line":9,"column":3252}},"type":"if","locations":[{"start":{"line":9,"column":3139},"end":{"line":9,"column":3252}},{"start":{"line":9,"column":3139},"end":{"line":9,"column":3252}}],"line":9},"31":{"loc":{"start":{"line":9,"column":3143},"end":{"line":9,"column":3214}},"type":"binary-expr","locations":[{"start":{"line":9,"column":3143},"end":{"line":9,"column":3160}},{"start":{"line":9,"column":3164},"end":{"line":9,"column":3214}}],"line":9},"32":{"loc":{"start":{"line":9,"column":3291},"end":{"line":9,"column":3345}},"type":"if","locations":[{"start":{"line":9,"column":3291},"end":{"line":9,"column":3345}},{"start":{"line":9,"column":3291},"end":{"line":9,"column":3345}}],"line":9},"33":{"loc":{"start":{"line":9,"column":3295},"end":{"line":9,"column":3326}},"type":"binary-expr","locations":[{"start":{"line":9,"column":3295},"end":{"line":9,"column":3306}},{"start":{"line":9,"column":3310},"end":{"line":9,"column":3326}}],"line":9},"34":{"loc":{"start":{"line":9,"column":3470},"end":{"line":9,"column":3597}},"type":"if","locations":[{"start":{"line":9,"column":3470},"end":{"line":9,"column":3597}},{"start":{"line":9,"column":3470},"end":{"line":9,"column":3597}}],"line":9},"35":{"loc":{"start":{"line":9,"column":3474},"end":{"line":9,"column":3588}},"type":"binary-expr","locations":[{"start":{"line":9,"column":3474},"end":{"line":9,"column":3503}},{"start":{"line":9,"column":3507},"end":{"line":9,"column":3588}}],"line":9},"36":{"loc":{"start":{"line":9,"column":3510},"end":{"line":9,"column":3571}},"type":"cond-expr","locations":[{"start":{"line":9,"column":3541},"end":{"line":9,"column":3556}},{"start":{"line":9,"column":3559},"end":{"line":9,"column":3571}}],"line":9},"37":{"loc":{"start":{"line":9,"column":3682},"end":{"line":9,"column":3743}},"type":"cond-expr","locations":[{"start":{"line":9,"column":3713},"end":{"line":9,"column":3728}},{"start":{"line":9,"column":3731},"end":{"line":9,"column":3743}}],"line":9},"38":{"loc":{"start":{"line":9,"column":3815},"end":{"line":9,"column":3849}},"type":"if","locations":[{"start":{"line":9,"column":3815},"end":{"line":9,"column":3849}},{"start":{"line":9,"column":3815},"end":{"line":9,"column":3849}}],"line":9},"39":{"loc":{"start":{"line":9,"column":3819},"end":{"line":9,"column":3841}},"type":"binary-expr","locations":[{"start":{"line":9,"column":3819},"end":{"line":9,"column":3820}},{"start":{"line":9,"column":3824},"end":{"line":9,"column":3841}}],"line":9},"40":{"loc":{"start":{"line":9,"column":3900},"end":{"line":9,"column":3948}},"type":"if","locations":[{"start":{"line":9,"column":3900},"end":{"line":9,"column":3948}},{"start":{"line":9,"column":3900},"end":{"line":9,"column":3948}}],"line":9},"41":{"loc":{"start":{"line":9,"column":3904},"end":{"line":9,"column":3931}},"type":"binary-expr","locations":[{"start":{"line":9,"column":3904},"end":{"line":9,"column":3907}},{"start":{"line":9,"column":3911},"end":{"line":9,"column":3931}}],"line":9},"42":{"loc":{"start":{"line":9,"column":3959},"end":{"line":9,"column":3976}},"type":"if","locations":[{"start":{"line":9,"column":3959},"end":{"line":9,"column":3976}},{"start":{"line":9,"column":3959},"end":{"line":9,"column":3976}}],"line":9},"43":{"loc":{"start":{"line":9,"column":4022},"end":{"line":9,"column":4057}},"type":"if","locations":[{"start":{"line":9,"column":4022},"end":{"line":9,"column":4057}},{"start":{"line":9,"column":4022},"end":{"line":9,"column":4057}}],"line":9},"44":{"loc":{"start":{"line":27,"column":20},"end":{"line":27,"column":44}},"type":"binary-expr","locations":[{"start":{"line":27,"column":20},"end":{"line":27,"column":31}},{"start":{"line":27,"column":35},"end":{"line":27,"column":44}}],"line":27},"45":{"loc":{"start":{"line":28,"column":19},"end":{"line":28,"column":42}},"type":"binary-expr","locations":[{"start":{"line":28,"column":19},"end":{"line":28,"column":29}},{"start":{"line":28,"column":33},"end":{"line":28,"column":42}}],"line":28},"46":{"loc":{"start":{"line":29,"column":19},"end":{"line":29,"column":36}},"type":"binary-expr","locations":[{"start":{"line":29,"column":19},"end":{"line":29,"column":27}},{"start":{"line":29,"column":31},"end":{"line":29,"column":36}}],"line":29},"47":{"loc":{"start":{"line":30,"column":29},"end":{"line":30,"column":56}},"type":"binary-expr","locations":[{"start":{"line":30,"column":29},"end":{"line":30,"column":47}},{"start":{"line":30,"column":51},"end":{"line":30,"column":56}}],"line":30},"48":{"loc":{"start":{"line":49,"column":2},"end":{"line":67,"column":13}},"type":"switch","locations":[{"start":{"line":50,"column":4},"end":{"line":52,"column":12}},{"start":{"line":53,"column":4},"end":{"line":55,"column":12}},{"start":{"line":56,"column":4},"end":{"line":58,"column":12}},{"start":{"line":59,"column":4},"end":{"line":61,"column":12}},{"start":{"line":62,"column":4},"end":{"line":64,"column":12}},{"start":{"line":65,"column":4},"end":{"line":67,"column":12}}],"line":49},"49":{"loc":{"start":{"line":70,"column":2},"end":{"line":82,"column":13}},"type":"switch","locations":[{"start":{"line":71,"column":4},"end":{"line":73,"column":12}},{"start":{"line":74,"column":4},"end":{"line":76,"column":12}},{"start":{"line":77,"column":4},"end":{"line":79,"column":12}},{"start":{"line":80,"column":4},"end":{"line":82,"column":12}}],"line":70},"50":{"loc":{"start":{"line":89,"column":2},"end":{"line":97,"column":3}},"type":"if","locations":[{"start":{"line":89,"column":2},"end":{"line":97,"column":3}},{"start":{"line":89,"column":2},"end":{"line":97,"column":3}}],"line":89},"51":{"loc":{"start":{"line":99,"column":2},"end":{"line":108,"column":3}},"type":"if","locations":[{"start":{"line":99,"column":2},"end":{"line":108,"column":3}},{"start":{"line":99,"column":2},"end":{"line":108,"column":3}}],"line":99},"52":{"loc":{"start":{"line":110,"column":2},"end":{"line":115,"column":3}},"type":"if","locations":[{"start":{"line":110,"column":2},"end":{"line":115,"column":3}},{"start":{"line":110,"column":2},"end":{"line":115,"column":3}}],"line":110},"53":{"loc":{"start":{"line":113,"column":22},"end":{"line":113,"column":109}},"type":"cond-expr","locations":[{"start":{"line":113,"column":45},"end":{"line":113,"column":75}},{"start":{"line":113,"column":78},"end":{"line":113,"column":109}}],"line":113},"54":{"loc":{"start":{"line":117,"column":9},"end":{"line":119,"column":35}},"type":"cond-expr","locations":[{"start":{"line":118,"column":2},"end":{"line":118,"column":37}},{"start":{"line":119,"column":2},"end":{"line":119,"column":35}}],"line":117},"55":{"loc":{"start":{"line":127,"column":18},"end":{"line":127,"column":35}},"type":"binary-expr","locations":[{"start":{"line":127,"column":18},"end":{"line":127,"column":26}},{"start":{"line":127,"column":30},"end":{"line":127,"column":35}}],"line":127},"56":{"loc":{"start":{"line":135,"column":36},"end":{"line":135,"column":53}},"type":"binary-expr","locations":[{"start":{"line":135,"column":36},"end":{"line":135,"column":43}},{"start":{"line":135,"column":47},"end":{"line":135,"column":53}}],"line":135},"57":{"loc":{"start":{"line":137,"column":44},"end":{"line":137,"column":61}},"type":"binary-expr","locations":[{"start":{"line":137,"column":44},"end":{"line":137,"column":51}},{"start":{"line":137,"column":55},"end":{"line":137,"column":61}}],"line":137},"58":{"loc":{"start":{"line":154,"column":29},"end":{"line":154,"column":55}},"type":"binary-expr","locations":[{"start":{"line":154,"column":29},"end":{"line":154,"column":36}},{"start":{"line":154,"column":40},"end":{"line":154,"column":55}}],"line":154},"59":{"loc":{"start":{"line":155,"column":108},"end":{"line":155,"column":136}},"type":"binary-expr","locations":[{"start":{"line":155,"column":108},"end":{"line":155,"column":120}},{"start":{"line":155,"column":124},"end":{"line":155,"column":136}}],"line":155},"60":{"loc":{"start":{"line":156,"column":25},"end":{"line":156,"column":69}},"type":"cond-expr","locations":[{"start":{"line":156,"column":48},"end":{"line":156,"column":61}},{"start":{"line":156,"column":64},"end":{"line":156,"column":69}}],"line":156},"61":{"loc":{"start":{"line":200,"column":18},"end":{"line":200,"column":45}},"type":"cond-expr","locations":[{"start":{"line":200,"column":29},"end":{"line":200,"column":37}},{"start":{"line":200,"column":40},"end":{"line":200,"column":45}}],"line":200},"62":{"loc":{"start":{"line":207,"column":36},"end":{"line":207,"column":53}},"type":"binary-expr","locations":[{"start":{"line":207,"column":36},"end":{"line":207,"column":43}},{"start":{"line":207,"column":47},"end":{"line":207,"column":53}}],"line":207},"63":{"loc":{"start":{"line":209,"column":44},"end":{"line":209,"column":61}},"type":"binary-expr","locations":[{"start":{"line":209,"column":44},"end":{"line":209,"column":51}},{"start":{"line":209,"column":55},"end":{"line":209,"column":61}}],"line":209},"64":{"loc":{"start":{"line":211,"column":29},"end":{"line":211,"column":55}},"type":"binary-expr","locations":[{"start":{"line":211,"column":29},"end":{"line":211,"column":36}},{"start":{"line":211,"column":40},"end":{"line":211,"column":55}}],"line":211},"65":{"loc":{"start":{"line":212,"column":108},"end":{"line":212,"column":136}},"type":"binary-expr","locations":[{"start":{"line":212,"column":108},"end":{"line":212,"column":120}},{"start":{"line":212,"column":124},"end":{"line":212,"column":136}}],"line":212},"66":{"loc":{"start":{"line":213,"column":25},"end":{"line":213,"column":69}},"type":"cond-expr","locations":[{"start":{"line":213,"column":48},"end":{"line":213,"column":61}},{"start":{"line":213,"column":64},"end":{"line":213,"column":69}}],"line":213},"67":{"loc":{"start":{"line":243,"column":15},"end":{"line":243,"column":72}},"type":"cond-expr","locations":[{"start":{"line":243,"column":65},"end":{"line":243,"column":68}},{"start":{"line":243,"column":71},"end":{"line":243,"column":72}}],"line":243},"68":{"loc":{"start":{"line":248,"column":4},"end":{"line":250,"column":5}},"type":"if","locations":[{"start":{"line":248,"column":4},"end":{"line":250,"column":5}},{"start":{"line":248,"column":4},"end":{"line":250,"column":5}}],"line":248},"69":{"loc":{"start":{"line":251,"column":4},"end":{"line":253,"column":5}},"type":"if","locations":[{"start":{"line":251,"column":4},"end":{"line":253,"column":5}},{"start":{"line":251,"column":4},"end":{"line":253,"column":5}}],"line":251},"70":{"loc":{"start":{"line":257,"column":4},"end":{"line":259,"column":5}},"type":"if","locations":[{"start":{"line":257,"column":4},"end":{"line":259,"column":5}},{"start":{"line":257,"column":4},"end":{"line":259,"column":5}}],"line":257},"71":{"loc":{"start":{"line":260,"column":4},"end":{"line":262,"column":5}},"type":"if","locations":[{"start":{"line":260,"column":4},"end":{"line":262,"column":5}},{"start":{"line":260,"column":4},"end":{"line":262,"column":5}}],"line":260},"72":{"loc":{"start":{"line":274,"column":2},"end":{"line":276,"column":3}},"type":"if","locations":[{"start":{"line":274,"column":2},"end":{"line":276,"column":3}},{"start":{"line":274,"column":2},"end":{"line":276,"column":3}}],"line":274},"73":{"loc":{"start":{"line":287,"column":2},"end":{"line":297,"column":3}},"type":"if","locations":[{"start":{"line":287,"column":2},"end":{"line":297,"column":3}},{"start":{"line":287,"column":2},"end":{"line":297,"column":3}}],"line":287},"74":{"loc":{"start":{"line":288,"column":11},"end":{"line":288,"column":104}},"type":"cond-expr","locations":[{"start":{"line":288,"column":24},"end":{"line":288,"column":63}},{"start":{"line":288,"column":66},"end":{"line":288,"column":104}}],"line":288},"75":{"loc":{"start":{"line":289,"column":9},"end":{"line":297,"column":3}},"type":"if","locations":[{"start":{"line":289,"column":9},"end":{"line":297,"column":3}},{"start":{"line":289,"column":9},"end":{"line":297,"column":3}}],"line":289},"76":{"loc":{"start":{"line":290,"column":11},"end":{"line":290,"column":115}},"type":"cond-expr","locations":[{"start":{"line":290,"column":24},"end":{"line":290,"column":72}},{"start":{"line":290,"column":75},"end":{"line":290,"column":115}}],"line":290},"77":{"loc":{"start":{"line":291,"column":9},"end":{"line":297,"column":3}},"type":"if","locations":[{"start":{"line":291,"column":9},"end":{"line":297,"column":3}},{"start":{"line":291,"column":9},"end":{"line":297,"column":3}}],"line":291},"78":{"loc":{"start":{"line":293,"column":9},"end":{"line":297,"column":3}},"type":"if","locations":[{"start":{"line":293,"column":9},"end":{"line":297,"column":3}},{"start":{"line":293,"column":9},"end":{"line":297,"column":3}}],"line":293},"79":{"loc":{"start":{"line":295,"column":9},"end":{"line":297,"column":3}},"type":"if","locations":[{"start":{"line":295,"column":9},"end":{"line":297,"column":3}},{"start":{"line":295,"column":9},"end":{"line":297,"column":3}}],"line":295}},"s":{"0":1,"1":1,"2":1,"3":1,"4":1,"5":1,"6":1,"7":1,"8":1,"9":1,"10":1,"11":3,"12":1,"13":0,"14":1,"15":1,"16":0,"17":1,"18":1,"19":0,"20":1,"21":0,"22":1,"23":1,"24":0,"25":1,"26":1,"27":1,"28":30,"29":30,"30":30,"31":0,"32":30,"33":1,"34":1,"35":1,"36":1,"37":1,"38":0,"39":0,"40":0,"41":0,"42":0,"43":0,"44":0,"45":1,"46":60,"47":60,"48":60,"49":60,"50":60,"51":0,"52":60,"53":60,"54":60,"55":60,"56":75,"57":75,"58":60,"59":47,"60":15,"61":15,"62":0,"63":0,"64":60,"65":47,"66":0,"67":47,"68":47,"69":15,"70":0,"71":0,"72":0,"73":0,"74":0,"75":0,"76":0,"77":0,"78":0,"79":0,"80":0,"81":0,"82":0,"83":0,"84":0,"85":0,"86":0,"87":0,"88":0,"89":0,"90":0,"91":0,"92":0,"93":0,"94":0,"95":0,"96":0,"97":0,"98":0,"99":0,"100":0,"101":0,"102":0,"103":0,"104":0,"105":0,"106":0,"107":0,"108":0,"109":15,"110":15,"111":1,"112":15,"113":15,"114":15,"115":15,"116":15,"117":15,"118":15,"119":15,"120":15,"121":15,"122":15,"123":15,"124":15,"125":15,"126":15,"127":15,"128":15,"129":15,"130":15,"131":15,"132":15,"133":15,"134":15,"135":15,"136":1,"137":1,"138":1,"139":1,"140":1,"141":1,"142":1,"143":1,"144":1,"145":1,"146":10,"147":10,"148":15,"149":1,"150":1,"151":1,"152":1,"153":1,"154":1,"155":12,"156":12,"157":15,"158":15,"159":15,"160":15,"161":14,"162":14,"163":14,"164":15,"165":0,"166":15,"167":1,"168":15,"169":1,"170":1,"171":1,"172":1,"173":0,"174":0,"175":14,"176":14,"177":14,"178":14,"179":14,"180":14,"181":14,"182":14,"183":2,"184":2,"185":14,"186":2,"187":1,"188":2,"189":1,"190":2,"191":1,"192":2,"193":1,"194":14,"195":14,"196":15,"197":15,"198":15,"199":1,"200":15,"201":15,"202":15,"203":15,"204":58,"205":4,"206":54,"207":4,"208":50,"209":4,"210":46,"211":2,"212":44,"213":0,"214":44,"215":14,"216":14,"217":30,"218":30,"219":30,"220":1,"221":1,"222":1},"f":{"0":3,"1":1,"2":0,"3":1,"4":1,"5":0,"6":60,"7":0,"8":60,"9":47,"10":0,"11":47,"12":15,"13":0,"14":0,"15":0,"16":0,"17":15,"18":15,"19":1,"20":0,"21":0,"22":14,"23":2,"24":2,"25":14,"26":2,"27":2,"28":14,"29":15,"30":15,"31":58,"32":14,"33":30},"b":{"0":[2,1],"1":[3,3],"2":[0,1],"3":[0,1],"4":[1,1],"5":[0,1],"6":[1,1,0],"7":[0,1],"8":[1,1],"9":[1,1],"10":[30,0],"11":[30,0],"12":[0,30],"13":[30,30,30],"14":[1,0],"15":[1,0],"16":[0,0],"17":[60,0],"18":[60,0],"19":[75,0],"20":[60,15],"21":[15,0],"22":[0,47],"23":[15,0,0,0],"24":[0,0],"25":[0,0],"26":[0,0],"27":[0,0],"28":[0,0],"29":[0,0],"30":[0,0],"31":[0,0],"32":[0,0],"33":[0,0],"34":[0,0],"35":[0,0],"36":[0,0],"37":[0,0],"38":[0,0],"39":[0,0],"40":[0,0],"41":[0,0],"42":[0,0],"43":[15,0],"44":[15,12],"45":[15,10],"46":[15,13],"47":[15,14],"48":[1,1,1,1,1,10],"49":[1,1,1,12],"50":[14,1],"51":[0,15],"52":[1,14],"53":[0,1],"54":[1,14],"55":[1,1],"56":[1,1],"57":[1,1],"58":[1,1],"59":[1,0],"60":[0,1],"61":[2,12],"62":[14,14],"63":[14,14],"64":[14,14],"65":[14,0],"66":[1,13],"67":[1,13],"68":[1,1],"69":[1,1],"70":[1,1],"71":[1,1],"72":[1,14],"73":[4,54],"74":[0,4],"75":[4,50],"76":[0,4],"77":[4,46],"78":[2,44],"79":[0,44]},"inputSourceMap":null,"_coverageSchema":"1a1c01bbd47fc00a2c39e90264f33305004495a9","hash":"460bd2023b5a4b97e4f68d07f75ac9cd57484eb4"}
,"/Users/priyankagandhi/ir/uicomponents-react-native/src/utils/Constants.js": {"path":"/Users/priyankagandhi/ir/uicomponents-react-native/src/utils/Constants.js","statementMap":{"0":{"start":{"line":1,"column":13},"end":{"line":1,"column":75}},"1":{"start":{"line":1,"column":75},"end":{"line":1,"column":406}},"2":{"start":{"line":1,"column":424},"end":{"line":1,"column":447}},"3":{"start":{"line":3,"column":20},"end":{"line":3,"column":44}},"4":{"start":{"line":3,"column":45},"end":{"line":3,"column":83}},"5":{"start":{"line":5,"column":19},"end":{"line":12,"column":16}},"6":{"start":{"line":12,"column":17},"end":{"line":12,"column":53}},"7":{"start":{"line":15,"column":20},"end":{"line":19,"column":30}},"8":{"start":{"line":19,"column":31},"end":{"line":19,"column":69}},"9":{"start":{"line":22,"column":21},"end":{"line":22,"column":42}},"10":{"start":{"line":22,"column":43},"end":{"line":22,"column":83}},"11":{"start":{"line":24,"column":17},"end":{"line":29,"column":9}},"12":{"start":{"line":29,"column":10},"end":{"line":29,"column":42}},"13":{"start":{"line":32,"column":22},"end":{"line":37,"column":34}},"14":{"start":{"line":37,"column":35},"end":{"line":37,"column":77}},"15":{"start":{"line":40,"column":23},"end":{"line":43,"column":30}},"16":{"start":{"line":43,"column":31},"end":{"line":43,"column":75}},"17":{"start":{"line":46,"column":19},"end":{"line":50,"column":14}},"18":{"start":{"line":50,"column":15},"end":{"line":50,"column":51}},"19":{"start":{"line":53,"column":31},"end":{"line":56,"column":20}},"20":{"start":{"line":56,"column":21},"end":{"line":56,"column":81}},"21":{"start":{"line":59,"column":31},"end":{"line":64,"column":28}},"22":{"start":{"line":64,"column":29},"end":{"line":64,"column":89}},"23":{"start":{"line":67,"column":30},"end":{"line":69,"column":20}},"24":{"start":{"line":69,"column":21},"end":{"line":69,"column":79}},"25":{"start":{"line":72,"column":23},"end":{"line":73,"column":36}},"26":{"start":{"line":73,"column":37},"end":{"line":73,"column":81}}},"fnMap":{},"branchMap":{},"s":{"0":1,"1":1,"2":1,"3":1,"4":1,"5":1,"6":1,"7":1,"8":1,"9":1,"10":1,"11":1,"12":1,"13":1,"14":1,"15":1,"16":1,"17":1,"18":1,"19":1,"20":1,"21":1,"22":1,"23":1,"24":1,"25":1,"26":1},"f":{},"b":{},"inputSourceMap":null,"_coverageSchema":"1a1c01bbd47fc00a2c39e90264f33305004495a9","hash":"67de5084de50689e24bed0b7736800d2dfa49616"}
,"/Users/priyankagandhi/ir/uicomponents-react-native/src/utils/Fonts.js": {"path":"/Users/priyankagandhi/ir/uicomponents-react-native/src/utils/Fonts.js","statementMap":{"0":{"start":{"line":1,"column":13},"end":{"line":1,"column":75}},"1":{"start":{"line":1,"column":75},"end":{"line":1,"column":115}},"2":{"start":{"line":1,"column":115},"end":{"line":1,"column":159}},"3":{"start":{"line":1,"column":159},"end":{"line":1,"column":196}},"4":{"start":{"line":1,"column":215},"end":{"line":1,"column":238}},"5":{"start":{"line":2,"column":18},"end":{"line":2,"column":61}},"6":{"start":{"line":4,"column":26},"end":{"line":11,"column":1}},"7":{"start":{"line":6,"column":2},"end":{"line":10,"column":3}},"8":{"start":{"line":7,"column":4},"end":{"line":7,"column":32}},"9":{"start":{"line":9,"column":4},"end":{"line":9,"column":34}},"10":{"start":{"line":11,"column":2},"end":{"line":11,"column":52}},"11":{"start":{"line":14,"column":2},"end":{"line":14,"column":74}},"12":{"start":{"line":18,"column":2},"end":{"line":18,"column":74}}},"fnMap":{"0":{"name":"getAdjustedFontSize","decl":{"start":{"line":4,"column":35},"end":{"line":4,"column":54}},"loc":{"start":{"line":4,"column":61},"end":{"line":11,"column":1}},"line":4},"1":{"name":"getFontForIpad","decl":{"start":{"line":13,"column":9},"end":{"line":13,"column":23}},"loc":{"start":{"line":13,"column":30},"end":{"line":15,"column":1}},"line":13},"2":{"name":"getFontForIPhone","decl":{"start":{"line":17,"column":9},"end":{"line":17,"column":25}},"loc":{"start":{"line":17,"column":32},"end":{"line":19,"column":1}},"line":17}},"branchMap":{"0":{"loc":{"start":{"line":6,"column":2},"end":{"line":10,"column":3}},"type":"if","locations":[{"start":{"line":6,"column":2},"end":{"line":10,"column":3}},{"start":{"line":6,"column":2},"end":{"line":10,"column":3}}],"line":6},"1":{"loc":{"start":{"line":6,"column":6},"end":{"line":6,"column":71}},"type":"binary-expr","locations":[{"start":{"line":6,"column":6},"end":{"line":6,"column":40}},{"start":{"line":6,"column":44},"end":{"line":6,"column":71}}],"line":6}},"s":{"0":1,"1":1,"2":1,"3":1,"4":1,"5":1,"6":1,"7":1,"8":0,"9":1,"10":1,"11":0,"12":1},"f":{"0":1,"1":0,"2":1},"b":{"0":[0,1],"1":[1,1]},"inputSourceMap":null,"_coverageSchema":"1a1c01bbd47fc00a2c39e90264f33305004495a9","hash":"deeff63e54f3b755810a16f4ca4b3a7eefe553ba"}
,"/Users/priyankagandhi/ir/uicomponents-react-native/src/utils/RenderIf.js": {"path":"/Users/priyankagandhi/ir/uicomponents-react-native/src/utils/RenderIf.js","statementMap":{"0":{"start":{"line":1,"column":13},"end":{"line":1,"column":75}},"1":{"start":{"line":1,"column":75},"end":{"line":1,"column":100}},"2":{"start":{"line":2,"column":17},"end":{"line":2,"column":81}},"3":{"start":{"line":2,"column":45},"end":{"line":2,"column":80}},"4":{"start":{"line":3,"column":0},"end":{"line":4,"column":83}},"5":{"start":{"line":3,"column":30},"end":{"line":4,"column":82}},"6":{"start":{"line":3,"column":61},"end":{"line":4,"column":80}},"7":{"start":{"line":4,"column":84},"end":{"line":4,"column":111}}},"fnMap":{"0":{"name":"isFunction","decl":{"start":{"line":2,"column":26},"end":{"line":2,"column":36}},"loc":{"start":{"line":2,"column":44},"end":{"line":2,"column":81}},"line":2},"1":{"name":"_default","decl":{"start":{"line":3,"column":9},"end":{"line":3,"column":17}},"loc":{"start":{"line":3,"column":29},"end":{"line":4,"column":83}},"line":3},"2":{"name":"(anonymous_2)","decl":{"start":{"line":3,"column":37},"end":{"line":3,"column":38}},"loc":{"start":{"line":3,"column":60},"end":{"line":4,"column":81}},"line":3}},"branchMap":{"0":{"loc":{"start":{"line":4,"column":6},"end":{"line":4,"column":78}},"type":"cond-expr","locations":[{"start":{"line":4,"column":18},"end":{"line":4,"column":71}},{"start":{"line":4,"column":74},"end":{"line":4,"column":78}}],"line":4},"1":{"loc":{"start":{"line":4,"column":18},"end":{"line":4,"column":71}},"type":"cond-expr","locations":[{"start":{"line":4,"column":44},"end":{"line":4,"column":57}},{"start":{"line":4,"column":60},"end":{"line":4,"column":71}}],"line":4}},"s":{"0":1,"1":1,"2":1,"3":0,"4":1,"5":15,"6":15,"7":1},"f":{"0":0,"1":15,"2":15},"b":{"0":[0,15],"1":[0,0]},"inputSourceMap":null,"_coverageSchema":"1a1c01bbd47fc00a2c39e90264f33305004495a9","hash":"eb28506cb17f89e427cac17a40f4a3c37028fab4"}
,"/Users/priyankagandhi/ir/uicomponents-react-native/src/utils/StyleSheet.js": {"path":"/Users/priyankagandhi/ir/uicomponents-react-native/src/utils/StyleSheet.js","statementMap":{"0":{"start":{"line":1,"column":13},"end":{"line":1,"column":75}},"1":{"start":{"line":1,"column":75},"end":{"line":1,"column":151}},"2":{"start":{"line":1,"column":163},"end":{"line":16,"column":38}},"3":{"start":{"line":16,"column":39},"end":{"line":16,"column":61}},"4":{"start":{"line":19,"column":15},"end":{"line":32,"column":12}},"5":{"start":{"line":32,"column":13},"end":{"line":32,"column":41}},"6":{"start":{"line":34,"column":13},"end":{"line":158,"column":24}},"7":{"start":{"line":158,"column":25},"end":{"line":158,"column":49}},"8":{"start":{"line":161,"column":13},"end":{"line":404,"column":57}},"9":{"start":{"line":404,"column":58},"end":{"line":404,"column":82}}},"fnMap":{},"branchMap":{},"s":{"0":1,"1":1,"2":1,"3":1,"4":1,"5":1,"6":1,"7":1,"8":1,"9":1},"f":{},"b":{},"inputSourceMap":null,"_coverageSchema":"1a1c01bbd47fc00a2c39e90264f33305004495a9","hash":"a69bca308b82d532c6ac0473d8709a7f975f5177"}
,"/Users/priyankagandhi/ir/uicomponents-react-native/src/utils/index.js": {"path":"/Users/priyankagandhi/ir/uicomponents-react-native/src/utils/index.js","statementMap":{"0":{"start":{"line":1,"column":13},"end":{"line":1,"column":75}},"1":{"start":{"line":1,"column":75},"end":{"line":1,"column":117}},"2":{"start":{"line":1,"column":117},"end":{"line":1,"column":161}},"3":{"start":{"line":1,"column":180},"end":{"line":1,"column":203}},"4":{"start":{"line":3,"column":33},"end":{"line":3,"column":120}},"5":{"start":{"line":3,"column":75},"end":{"line":3,"column":119}},"6":{"start":{"line":3,"column":121},"end":{"line":3,"column":185}},"7":{"start":{"line":6,"column":2},"end":{"line":8,"column":23}}},"fnMap":{"0":{"name":"replaceSpaceWithUnderscore","decl":{"start":{"line":3,"column":42},"end":{"line":3,"column":68}},"loc":{"start":{"line":3,"column":74},"end":{"line":3,"column":120}},"line":3},"1":{"name":"accessibilityId","decl":{"start":{"line":5,"column":9},"end":{"line":5,"column":24}},"loc":{"start":{"line":5,"column":53},"end":{"line":10,"column":1}},"line":5}},"branchMap":{},"s":{"0":1,"1":1,"2":1,"3":1,"4":1,"5":30,"6":1,"7":15},"f":{"0":30,"1":15},"b":{},"inputSourceMap":null,"_coverageSchema":"1a1c01bbd47fc00a2c39e90264f33305004495a9","hash":"82a077a545abb2b58ae91ea00433cdc56a14819b"}
}
