TN:
SF:assets/images/button/cancelIcon.png
FNF:0
FNH:0
DA:1,1
LF:1
LH:1
BRF:0
BRH:0
end_of_record
TN:
SF:assets/images/button/hideIconGray.png
FNF:0
FNH:0
DA:1,1
LF:1
LH:1
BRF:0
BRH:0
end_of_record
TN:
SF:assets/images/button/searchIcon.png
FNF:0
FNH:0
DA:1,1
LF:1
LH:1
BRF:0
BRH:0
end_of_record
TN:
SF:src/UIButton/ButtonStyles.js
FNF:0
FNH:0
DA:1,1
DA:2,1
DA:3,1
DA:4,1
DA:6,1
DA:109,1
LF:6
LH:6
BRF:0
BRH:0
end_of_record
TN:
SF:src/UIButton/index.js
FN:9,ownKeys
FN:9,(anonymous_1)
FN:9,_objectSpread
FN:9,(anonymous_3)
FN:9,(anonymous_4)
FN:11,UIButton
FN:121,getGradientButton
FN:132,onPressIn
FN:133,onPressOut
FN:180,getNormalButton
FN:204,onPressIn
FN:205,onPressOut
FN:239,passStyles
FN:247,btnPressedIn
FN:256,btnPressedOut
FN:266,getButtonBackgroundColor
FN:271,getTextColor
FN:280,getImageColor
FN:286,getThemeForButtonType
FN:301,getButtonBorderColor
FN:306,getButtonAccessibilityLabel
FNF:21
FNH:17
FNDA:60,ownKeys
FNDA:0,(anonymous_1)
FNDA:60,_objectSpread
FNDA:47,(anonymous_3)
FNDA:0,(anonymous_4)
FNDA:15,UIButton
FNDA:1,getGradientButton
FNDA:0,onPressIn
FNDA:0,onPressOut
FNDA:14,getNormalButton
FNDA:2,onPressIn
FNDA:2,onPressOut
FNDA:14,passStyles
FNDA:2,btnPressedIn
FNDA:2,btnPressedOut
FNDA:14,getButtonBackgroundColor
FNDA:15,getTextColor
FNDA:15,getImageColor
FNDA:58,getThemeForButtonType
FNDA:14,getButtonBorderColor
FNDA:30,getButtonAccessibilityLabel
DA:1,1
DA:2,1
DA:3,1
DA:5,1
DA:6,1
DA:7,1
DA:8,1
DA:9,75
DA:11,1
DA:24,15
DA:25,15
DA:27,15
DA:28,15
DA:29,15
DA:30,15
DA:34,15
DA:47,15
DA:49,15
DA:51,1
DA:52,1
DA:54,1
DA:55,1
DA:57,1
DA:58,1
DA:60,1
DA:61,1
DA:63,1
DA:64,1
DA:66,10
DA:67,10
DA:70,15
DA:72,1
DA:73,1
DA:75,1
DA:76,1
DA:78,1
DA:79,1
DA:81,12
DA:82,12
DA:85,15
DA:86,15
DA:87,15
DA:89,15
DA:90,14
DA:91,14
DA:92,14
DA:99,15
DA:100,0
DA:110,15
DA:111,1
DA:117,15
DA:122,1
DA:123,1
DA:132,0
DA:133,0
DA:189,14
DA:190,14
DA:204,2
DA:205,2
DA:240,14
DA:248,2
DA:249,1
DA:251,2
DA:252,1
DA:257,2
DA:258,1
DA:260,2
DA:261,1
DA:267,14
DA:268,14
DA:272,15
DA:273,15
DA:274,15
DA:275,1
DA:277,15
DA:281,15
DA:282,15
DA:283,15
DA:287,58
DA:288,4
DA:289,54
DA:290,4
DA:291,50
DA:292,4
DA:293,46
DA:294,2
DA:295,44
DA:296,0
DA:298,44
DA:302,14
DA:303,14
DA:307,30
DA:308,30
DA:309,30
DA:312,1
DA:316,1
LF:96
LH:92
BRDA:9,0,0,60
BRDA:9,0,1,0
BRDA:9,1,0,60
BRDA:9,1,1,0
BRDA:9,2,0,75
BRDA:9,2,1,0
BRDA:9,3,0,60
BRDA:9,3,1,15
BRDA:9,4,0,15
BRDA:9,4,1,0
BRDA:27,5,0,15
BRDA:27,5,1,12
BRDA:28,6,0,15
BRDA:28,6,1,10
BRDA:29,7,0,15
BRDA:29,7,1,13
BRDA:30,8,0,15
BRDA:30,8,1,14
BRDA:49,9,0,1
BRDA:49,9,1,1
BRDA:49,9,2,1
BRDA:49,9,3,1
BRDA:49,9,4,1
BRDA:49,9,5,10
BRDA:70,10,0,1
BRDA:70,10,1,1
BRDA:70,10,2,1
BRDA:70,10,3,12
BRDA:89,11,0,14
BRDA:89,11,1,1
BRDA:99,12,0,0
BRDA:99,12,1,15
BRDA:110,13,0,1
BRDA:110,13,1,14
BRDA:113,14,0,0
BRDA:113,14,1,1
BRDA:117,15,0,1
BRDA:117,15,1,14
BRDA:127,16,0,1
BRDA:127,16,1,1
BRDA:135,17,0,1
BRDA:135,17,1,1
BRDA:137,18,0,1
BRDA:137,18,1,1
BRDA:154,19,0,1
BRDA:154,19,1,1
BRDA:155,20,0,1
BRDA:155,20,1,0
BRDA:156,21,0,0
BRDA:156,21,1,1
BRDA:200,22,0,2
BRDA:200,22,1,12
BRDA:207,23,0,14
BRDA:207,23,1,14
BRDA:209,24,0,14
BRDA:209,24,1,14
BRDA:211,25,0,14
BRDA:211,25,1,14
BRDA:212,26,0,14
BRDA:212,26,1,0
BRDA:213,27,0,1
BRDA:213,27,1,13
BRDA:243,28,0,1
BRDA:243,28,1,13
BRDA:248,29,0,1
BRDA:248,29,1,1
BRDA:251,30,0,1
BRDA:251,30,1,1
BRDA:257,31,0,1
BRDA:257,31,1,1
BRDA:260,32,0,1
BRDA:260,32,1,1
BRDA:274,33,0,1
BRDA:274,33,1,14
BRDA:287,34,0,4
BRDA:287,34,1,54
BRDA:288,35,0,0
BRDA:288,35,1,4
BRDA:289,36,0,4
BRDA:289,36,1,50
BRDA:290,37,0,0
BRDA:290,37,1,4
BRDA:291,38,0,4
BRDA:291,38,1,46
BRDA:293,39,0,2
BRDA:293,39,1,44
BRDA:295,40,0,0
BRDA:295,40,1,44
BRF:88
BRH:76
end_of_record
TN:
SF:src/UITextField/index.js
FN:22,ownKeys
FN:22,(anonymous_1)
FN:22,_objectSpread
FN:22,(anonymous_3)
FN:22,(anonymous_4)
FN:24,UITextField
FN:31,getMaxLength
FN:53,handleChange
FN:78,getTextFieldStyle
FN:95,getTextFieldUnderline
FN:118,getAccessoryView
FN:139,getRightSideClearButton
FN:165,getRightSideShowButton
FN:199,getLeftAccessoryView
FN:206,getLeftButton
FN:214,onPress
FN:230,onFocus
FN:237,onBlur
FN:245,onTextChanged
FN:254,clearText
FN:263,clear
FN:267,focus
FN:271,showHideSecureText
FN:348,renderRightAccessory
FN:349,renderLeftAccessory
FN:358,onChangeText
FNF:26
FNH:13
FNDA:9,ownKeys
FNDA:0,(anonymous_1)
FNDA:9,_objectSpread
FNDA:0,(anonymous_3)
FNDA:0,(anonymous_4)
FNDA:19,UITextField
FNDA:19,getMaxLength
FNDA:0,handleChange
FNDA:19,getTextFieldStyle
FNDA:19,getTextFieldUnderline
FNDA:2,getAccessoryView
FNDA:0,getRightSideClearButton
FNDA:0,getRightSideShowButton
FNDA:2,getLeftAccessoryView
FNDA:2,getLeftButton
FNDA:0,onPress
FNDA:2,onFocus
FNDA:2,onBlur
FNDA:0,onTextChanged
FNDA:0,clearText
FNDA:0,clear
FNDA:0,focus
FNDA:0,showHideSecureText
FNDA:2,renderRightAccessory
FNDA:2,renderLeftAccessory
FNDA:0,onChangeText
DA:1,1
DA:2,1
DA:10,1
DA:11,1
DA:12,1
DA:13,1
DA:19,1
DA:20,1
DA:22,10
DA:26,19
DA:27,19
DA:28,19
DA:29,19
DA:32,19
DA:33,19
DA:35,1
DA:36,1
DA:38,2
DA:39,2
DA:41,1
DA:42,1
DA:44,2
DA:45,2
DA:47,13
DA:48,13
DA:50,19
DA:54,0
DA:55,0
DA:57,0
DA:60,0
DA:61,0
DA:65,0
DA:69,0
DA:71,0
DA:75,0
DA:79,19
DA:96,19
DA:101,1
DA:104,1
DA:115,18
DA:119,2
DA:120,0
DA:123,2
DA:124,0
DA:128,2
DA:129,0
DA:130,2
DA:131,0
DA:134,2
DA:140,0
DA:141,0
DA:142,0
DA:144,0
DA:145,0
DA:147,0
DA:162,0
DA:166,0
DA:167,0
DA:169,0
DA:170,0
DA:173,0
DA:174,0
DA:175,0
DA:177,0
DA:196,0
DA:200,2
DA:201,0
DA:203,2
DA:207,2
DA:208,2
DA:209,2
DA:211,2
DA:212,0
DA:213,0
DA:226,2
DA:231,2
DA:232,1
DA:234,1
DA:238,2
DA:239,1
DA:241,1
DA:246,0
DA:247,0
DA:248,0
DA:249,0
DA:250,0
DA:255,0
DA:256,0
DA:257,0
DA:258,0
DA:264,0
DA:268,0
DA:272,0
DA:273,0
DA:274,0
DA:307,19
DA:309,19
DA:311,19
DA:314,19
DA:348,2
DA:349,2
DA:358,0
DA:380,1
DA:448,1
DA:471,1
LF:105
LH:58
BRDA:22,0,0,9
BRDA:22,0,1,0
BRDA:22,1,0,9
BRDA:22,1,1,0
BRDA:22,2,0,8
BRDA:22,2,1,2
BRDA:22,3,0,9
BRDA:22,3,1,1
BRDA:22,4,0,1
BRDA:22,4,1,0
BRDA:26,5,0,19
BRDA:26,5,1,19
BRDA:27,6,0,19
BRDA:27,6,1,19
BRDA:33,7,0,1
BRDA:33,7,1,2
BRDA:33,7,2,1
BRDA:33,7,3,2
BRDA:33,7,4,13
BRDA:57,8,0,0
BRDA:57,8,1,0
BRDA:60,9,0,0
BRDA:60,9,1,0
BRDA:61,10,0,0
BRDA:61,10,1,0
BRDA:62,11,0,0
BRDA:62,11,1,0
BRDA:62,11,2,0
BRDA:65,12,0,0
BRDA:65,12,1,0
BRDA:66,13,0,0
BRDA:66,13,1,0
BRDA:66,13,2,0
BRDA:81,14,0,0
BRDA:81,14,1,19
BRDA:87,15,0,19
BRDA:87,15,1,19
BRDA:90,16,0,19
BRDA:90,16,1,19
BRDA:96,17,0,1
BRDA:96,17,1,18
BRDA:97,18,0,19
BRDA:97,18,1,18
BRDA:101,19,0,1
BRDA:101,19,1,0
BRDA:119,20,0,0
BRDA:119,20,1,2
BRDA:119,21,0,2
BRDA:119,21,1,0
BRDA:123,22,0,0
BRDA:123,22,1,2
BRDA:123,23,0,2
BRDA:123,23,1,0
BRDA:128,24,0,0
BRDA:128,24,1,2
BRDA:130,25,0,0
BRDA:130,25,1,2
BRDA:141,26,0,0
BRDA:141,26,1,0
BRDA:142,27,0,0
BRDA:142,27,1,0
BRDA:144,28,0,0
BRDA:144,28,1,0
BRDA:144,29,0,0
BRDA:144,29,1,0
BRDA:145,30,0,0
BRDA:145,30,1,0
BRDA:150,31,0,0
BRDA:150,31,1,0
BRDA:153,32,0,0
BRDA:153,32,1,0
BRDA:153,33,0,0
BRDA:153,33,1,0
BRDA:167,34,0,0
BRDA:167,34,1,0
BRDA:169,35,0,0
BRDA:169,35,1,0
BRDA:170,36,0,0
BRDA:170,36,1,0
BRDA:173,37,0,0
BRDA:173,37,1,0
BRDA:173,38,0,0
BRDA:173,38,1,0
BRDA:173,38,2,0
BRDA:174,39,0,0
BRDA:174,39,1,0
BRDA:175,40,0,0
BRDA:175,40,1,0
BRDA:180,41,0,0
BRDA:180,41,1,0
BRDA:180,42,0,0
BRDA:180,42,1,0
BRDA:180,43,0,0
BRDA:180,43,1,0
BRDA:183,44,0,0
BRDA:183,44,1,0
BRDA:183,45,0,0
BRDA:183,45,1,0
BRDA:185,46,0,0
BRDA:185,46,1,0
BRDA:200,47,0,0
BRDA:200,47,1,2
BRDA:200,48,0,2
BRDA:200,48,1,0
BRDA:208,49,0,2
BRDA:208,49,1,2
BRDA:209,50,0,2
BRDA:209,50,1,0
BRDA:211,51,0,0
BRDA:211,51,1,2
BRDA:211,52,0,2
BRDA:211,52,1,2
BRDA:212,53,0,0
BRDA:212,53,1,0
BRDA:215,54,0,0
BRDA:215,54,1,0
BRDA:218,55,0,0
BRDA:218,55,1,0
BRDA:218,56,0,0
BRDA:218,56,1,0
BRDA:231,57,0,1
BRDA:231,57,1,1
BRDA:238,58,0,1
BRDA:238,58,1,1
BRDA:249,59,0,0
BRDA:249,59,1,0
BRDA:255,60,0,0
BRDA:255,60,1,0
BRDA:255,61,0,0
BRDA:255,61,1,0
BRDA:257,62,0,0
BRDA:257,62,1,0
BRDA:273,63,0,0
BRDA:273,63,1,0
BRDA:309,64,0,19
BRDA:309,64,1,19
BRDA:311,65,0,19
BRDA:311,65,1,18
BRDA:321,66,0,1
BRDA:321,66,1,18
BRDA:323,67,0,0
BRDA:323,67,1,19
BRDA:323,68,0,19
BRDA:323,68,1,19
BRDA:324,69,0,0
BRDA:324,69,1,19
BRDA:324,70,0,19
BRDA:324,70,1,19
BRDA:326,71,0,0
BRDA:326,71,1,19
BRDA:326,72,0,0
BRDA:326,72,1,0
BRDA:326,73,0,19
BRDA:326,73,1,19
BRDA:328,74,0,1
BRDA:328,74,1,18
BRDA:329,75,0,19
BRDA:329,75,1,0
BRDA:329,76,0,19
BRDA:329,76,1,18
BRDA:330,77,0,19
BRDA:330,77,1,19
BRDA:331,78,0,19
BRDA:331,78,1,19
BRDA:332,79,0,19
BRDA:332,79,1,19
BRDA:333,80,0,19
BRDA:333,80,1,19
BRDA:333,80,2,0
BRDA:334,81,0,18
BRDA:334,81,1,1
BRDA:334,82,0,18
BRDA:334,82,1,18
BRDA:334,83,0,1
BRDA:334,83,1,0
BRDA:336,84,0,19
BRDA:336,84,1,0
BRDA:338,85,0,17
BRDA:338,85,1,2
BRDA:339,86,0,17
BRDA:339,86,1,2
BRDA:341,87,0,1
BRDA:341,87,1,18
BRDA:341,88,0,19
BRDA:341,88,1,19
BRDA:341,88,2,19
BRDA:341,88,3,19
BRDA:346,89,0,19
BRDA:346,89,1,18
BRDA:347,90,0,19
BRDA:347,90,1,19
BRDA:351,91,0,0
BRDA:351,91,1,19
BRDA:351,92,0,0
BRDA:351,92,1,0
BRDA:351,93,0,19
BRDA:351,93,1,0
BRDA:356,94,0,1
BRDA:356,94,1,18
BRDA:368,95,0,19
BRDA:368,95,1,19
BRF:201
BRH:98
end_of_record
TN:
SF:src/utils/Constants.js
FNF:0
FNH:0
DA:1,2
DA:3,2
DA:5,2
DA:12,2
DA:15,2
DA:19,2
DA:22,2
DA:24,2
DA:29,2
DA:32,2
DA:37,2
DA:40,2
DA:43,2
DA:46,2
DA:50,2
DA:53,2
DA:56,2
DA:59,2
DA:64,2
DA:67,2
DA:69,2
DA:72,2
DA:73,2
LF:23
LH:23
BRF:0
BRH:0
end_of_record
TN:
SF:src/utils/Fonts.js
FN:4,getAdjustedFontSize
FN:13,getFontForIpad
FN:17,getFontForIPhone
FNF:3
FNH:2
FNDA:1,getAdjustedFontSize
FNDA:0,getFontForIpad
FNDA:1,getFontForIPhone
DA:1,1
DA:2,1
DA:4,1
DA:6,1
DA:7,0
DA:9,1
DA:11,1
DA:14,0
DA:18,1
LF:9
LH:7
BRDA:6,0,0,0
BRDA:6,0,1,1
BRDA:6,1,0,1
BRDA:6,1,1,1
BRF:4
BRH:3
end_of_record
TN:
SF:src/utils/RenderIf.js
FN:2,isFunction
FN:3,_default
FN:3,(anonymous_2)
FNF:3
FNH:2
FNDA:0,isFunction
FNDA:15,_default
FNDA:15,(anonymous_2)
DA:1,1
DA:2,1
DA:3,15
DA:4,1
LF:4
LH:4
BRDA:4,0,0,0
BRDA:4,0,1,15
BRDA:4,1,0,0
BRDA:4,1,1,0
BRF:4
BRH:1
end_of_record
TN:
SF:src/utils/StyleSheet.js
FNF:0
FNH:0
DA:1,2
DA:16,2
DA:19,2
DA:32,2
DA:34,2
DA:160,2
DA:164,2
DA:411,2
LF:8
LH:8
BRF:0
BRH:0
end_of_record
TN:
SF:src/utils/index.js
FN:3,replaceSpaceWithUnderscore
FN:5,accessibilityId
FNF:2
FNH:2
FNDA:30,replaceSpaceWithUnderscore
FNDA:15,accessibilityId
DA:1,1
DA:3,30
DA:6,15
LF:3
LH:3
BRF:0
BRH:0
end_of_record
