TN:
SF:src/Button/ButtonStyles.js
FNF:0
FNH:0
DA:1,1
DA:2,1
DA:3,1
DA:4,1
DA:6,1
DA:109,1
LF:6
LH:6
BRF:0
BRH:0
end_of_record
TN:
SF:src/Button/index.js
FN:9,_interopRequireDefault
FN:9,_getRequireWildcardCache
FN:9,_getRequireWildcardCache
FN:9,_interopRequireWildcard
FN:9,_extends
FN:9,(anonymous_5)
FN:9,ownKeys
FN:9,(anonymous_7)
FN:9,_objectSpread
FN:9,(anonymous_9)
FN:9,(anonymous_10)
FN:9,_defineProperty
FN:9,_slicedToArray
FN:9,_nonIterableRest
FN:9,_unsupportedIterableToArray
FN:9,_arrayLikeToArray
FN:9,_iterableToArrayLimit
FN:9,_arrayWithHoles
FN:11,UIButton
FN:121,getGradientButton
FN:132,onPressIn
FN:133,onPressOut
FN:180,getNormalButton
FN:204,onPressIn
FN:205,onPressOut
FN:239,passStyles
FN:247,btnPressedIn
FN:256,btnPressedOut
FN:266,getButtonBackgroundColor
FN:271,getTextColor
FN:280,getImageColor
FN:286,getThemeForButtonType
FN:301,getButtonBorderColor
FN:306,getButtonAccessibilityLabel
FNF:34
FNH:24
FNDA:3,_interopRequireDefault
FNDA:1,_getRequireWildcardCache
FNDA:0,_getRequireWildcardCache
FNDA:1,_interopRequireWildcard
FNDA:1,_extends
FNDA:0,(anonymous_5)
FNDA:60,ownKeys
FNDA:0,(anonymous_7)
FNDA:60,_objectSpread
FNDA:47,(anonymous_9)
FNDA:0,(anonymous_10)
FNDA:47,_defineProperty
FNDA:15,_slicedToArray
FNDA:0,_nonIterableRest
FNDA:0,_unsupportedIterableToArray
FNDA:0,_arrayLikeToArray
FNDA:0,_iterableToArrayLimit
FNDA:15,_arrayWithHoles
FNDA:15,UIButton
FNDA:1,getGradientButton
FNDA:0,onPressIn
FNDA:0,onPressOut
FNDA:14,getNormalButton
FNDA:2,onPressIn
FNDA:2,onPressOut
FNDA:14,passStyles
FNDA:2,btnPressedIn
FNDA:2,btnPressedOut
FNDA:14,getButtonBackgroundColor
FNDA:15,getTextColor
FNDA:15,getImageColor
FNDA:58,getThemeForButtonType
FNDA:14,getButtonBorderColor
FNDA:30,getButtonAccessibilityLabel
DA:1,1
DA:2,1
DA:3,1
DA:5,1
DA:6,1
DA:7,1
DA:8,1
DA:9,75
DA:11,1
DA:24,15
DA:25,15
DA:27,15
DA:28,15
DA:29,15
DA:30,15
DA:34,15
DA:47,15
DA:49,15
DA:51,1
DA:52,1
DA:54,1
DA:55,1
DA:57,1
DA:58,1
DA:60,1
DA:61,1
DA:63,1
DA:64,1
DA:66,10
DA:67,10
DA:70,15
DA:72,1
DA:73,1
DA:75,1
DA:76,1
DA:78,1
DA:79,1
DA:81,12
DA:82,12
DA:85,15
DA:86,15
DA:87,15
DA:89,15
DA:90,14
DA:91,14
DA:92,14
DA:99,15
DA:100,0
DA:110,15
DA:111,1
DA:117,15
DA:122,1
DA:123,1
DA:132,0
DA:133,0
DA:189,14
DA:190,14
DA:204,2
DA:205,2
DA:240,14
DA:248,2
DA:249,1
DA:251,2
DA:252,1
DA:257,2
DA:258,1
DA:260,2
DA:261,1
DA:267,14
DA:268,14
DA:272,15
DA:273,15
DA:274,15
DA:275,1
DA:277,15
DA:281,15
DA:282,15
DA:283,15
DA:287,58
DA:288,4
DA:289,54
DA:290,4
DA:291,50
DA:292,4
DA:293,46
DA:294,2
DA:295,44
DA:296,0
DA:298,44
DA:302,14
DA:303,14
DA:307,30
DA:308,30
DA:309,30
DA:312,1
DA:316,1
LF:96
LH:92
BRDA:9,0,0,2
BRDA:9,0,1,1
BRDA:9,1,0,3
BRDA:9,1,1,3
BRDA:9,2,0,0
BRDA:9,2,1,1
BRDA:9,3,0,0
BRDA:9,3,1,1
BRDA:9,4,0,1
BRDA:9,4,1,1
BRDA:9,5,0,0
BRDA:9,5,1,1
BRDA:9,6,0,1
BRDA:9,6,1,1
BRDA:9,6,2,0
BRDA:9,7,0,0
BRDA:9,7,1,1
BRDA:9,8,0,1
BRDA:9,8,1,1
BRDA:9,9,0,1
BRDA:9,9,1,1
BRDA:9,10,0,30
BRDA:9,10,1,0
BRDA:9,11,0,30
BRDA:9,11,1,0
BRDA:9,12,0,0
BRDA:9,12,1,30
BRDA:9,13,0,30
BRDA:9,13,1,30
BRDA:9,13,2,30
BRDA:9,14,0,1
BRDA:9,14,1,0
BRDA:9,15,0,1
BRDA:9,15,1,0
BRDA:9,16,0,0
BRDA:9,16,1,0
BRDA:9,17,0,60
BRDA:9,17,1,0
BRDA:9,18,0,60
BRDA:9,18,1,0
BRDA:9,19,0,75
BRDA:9,19,1,0
BRDA:9,20,0,60
BRDA:9,20,1,15
BRDA:9,21,0,15
BRDA:9,21,1,0
BRDA:9,22,0,0
BRDA:9,22,1,47
BRDA:9,23,0,15
BRDA:9,23,1,0
BRDA:9,23,2,0
BRDA:9,23,3,0
BRDA:9,24,0,0
BRDA:9,24,1,0
BRDA:9,25,0,0
BRDA:9,25,1,0
BRDA:9,26,0,0
BRDA:9,26,1,0
BRDA:9,27,0,0
BRDA:9,27,1,0
BRDA:9,28,0,0
BRDA:9,28,1,0
BRDA:9,29,0,0
BRDA:9,29,1,0
BRDA:9,30,0,0
BRDA:9,30,1,0
BRDA:9,31,0,0
BRDA:9,31,1,0
BRDA:9,32,0,0
BRDA:9,32,1,0
BRDA:9,33,0,0
BRDA:9,33,1,0
BRDA:9,34,0,0
BRDA:9,34,1,0
BRDA:9,35,0,0
BRDA:9,35,1,0
BRDA:9,36,0,0
BRDA:9,36,1,0
BRDA:9,37,0,0
BRDA:9,37,1,0
BRDA:9,38,0,0
BRDA:9,38,1,0
BRDA:9,39,0,0
BRDA:9,39,1,0
BRDA:9,40,0,0
BRDA:9,40,1,0
BRDA:9,41,0,0
BRDA:9,41,1,0
BRDA:9,42,0,0
BRDA:9,42,1,0
BRDA:9,43,0,15
BRDA:9,43,1,0
BRDA:27,44,0,15
BRDA:27,44,1,12
BRDA:28,45,0,15
BRDA:28,45,1,10
BRDA:29,46,0,15
BRDA:29,46,1,13
BRDA:30,47,0,15
BRDA:30,47,1,14
BRDA:49,48,0,1
BRDA:49,48,1,1
BRDA:49,48,2,1
BRDA:49,48,3,1
BRDA:49,48,4,1
BRDA:49,48,5,10
BRDA:70,49,0,1
BRDA:70,49,1,1
BRDA:70,49,2,1
BRDA:70,49,3,12
BRDA:89,50,0,14
BRDA:89,50,1,1
BRDA:99,51,0,0
BRDA:99,51,1,15
BRDA:110,52,0,1
BRDA:110,52,1,14
BRDA:113,53,0,0
BRDA:113,53,1,1
BRDA:117,54,0,1
BRDA:117,54,1,14
BRDA:127,55,0,1
BRDA:127,55,1,1
BRDA:135,56,0,1
BRDA:135,56,1,1
BRDA:137,57,0,1
BRDA:137,57,1,1
BRDA:154,58,0,1
BRDA:154,58,1,1
BRDA:155,59,0,1
BRDA:155,59,1,0
BRDA:156,60,0,0
BRDA:156,60,1,1
BRDA:200,61,0,2
BRDA:200,61,1,12
BRDA:207,62,0,14
BRDA:207,62,1,14
BRDA:209,63,0,14
BRDA:209,63,1,14
BRDA:211,64,0,14
BRDA:211,64,1,14
BRDA:212,65,0,14
BRDA:212,65,1,0
BRDA:213,66,0,1
BRDA:213,66,1,13
BRDA:243,67,0,1
BRDA:243,67,1,13
BRDA:248,68,0,1
BRDA:248,68,1,1
BRDA:251,69,0,1
BRDA:251,69,1,1
BRDA:257,70,0,1
BRDA:257,70,1,1
BRDA:260,71,0,1
BRDA:260,71,1,1
BRDA:274,72,0,1
BRDA:274,72,1,14
BRDA:287,73,0,4
BRDA:287,73,1,54
BRDA:288,74,0,0
BRDA:288,74,1,4
BRDA:289,75,0,4
BRDA:289,75,1,50
BRDA:290,76,0,0
BRDA:290,76,1,4
BRDA:291,77,0,4
BRDA:291,77,1,46
BRDA:293,78,0,2
BRDA:293,78,1,44
BRDA:295,79,0,0
BRDA:295,79,1,44
BRF:170
BRH:103
end_of_record
TN:
SF:src/utils/Constants.js
FNF:0
FNH:0
DA:1,1
DA:3,1
DA:5,1
DA:12,1
DA:15,1
DA:19,1
DA:22,1
DA:24,1
DA:29,1
DA:32,1
DA:37,1
DA:40,1
DA:43,1
DA:46,1
DA:50,1
DA:53,1
DA:56,1
DA:59,1
DA:64,1
DA:67,1
DA:69,1
DA:72,1
DA:73,1
LF:23
LH:23
BRF:0
BRH:0
end_of_record
TN:
SF:src/utils/Fonts.js
FN:4,getAdjustedFontSize
FN:13,getFontForIpad
FN:17,getFontForIPhone
FNF:3
FNH:2
FNDA:1,getAdjustedFontSize
FNDA:0,getFontForIpad
FNDA:1,getFontForIPhone
DA:1,1
DA:2,1
DA:4,1
DA:6,1
DA:7,0
DA:9,1
DA:11,1
DA:14,0
DA:18,1
LF:9
LH:7
BRDA:6,0,0,0
BRDA:6,0,1,1
BRDA:6,1,0,1
BRDA:6,1,1,1
BRF:4
BRH:3
end_of_record
TN:
SF:src/utils/RenderIf.js
FN:2,isFunction
FN:3,_default
FN:3,(anonymous_2)
FNF:3
FNH:2
FNDA:0,isFunction
FNDA:15,_default
FNDA:15,(anonymous_2)
DA:1,1
DA:2,1
DA:3,15
DA:4,1
LF:4
LH:4
BRDA:4,0,0,0
BRDA:4,0,1,15
BRDA:4,1,0,0
BRDA:4,1,1,0
BRF:4
BRH:1
end_of_record
TN:
SF:src/utils/StyleSheet.js
FNF:0
FNH:0
DA:1,1
DA:16,1
DA:19,1
DA:32,1
DA:34,1
DA:158,1
DA:161,1
DA:404,1
LF:8
LH:8
BRF:0
BRH:0
end_of_record
TN:
SF:src/utils/index.js
FN:3,replaceSpaceWithUnderscore
FN:5,accessibilityId
FNF:2
FNH:2
FNDA:30,replaceSpaceWithUnderscore
FNDA:15,accessibilityId
DA:1,1
DA:3,30
DA:6,15
LF:3
LH:3
BRF:0
BRH:0
end_of_record
